#
# There is insufficient memory for the Java Runtime Environment to continue.
# Native memory allocation (malloc) failed to allocate 988416 bytes for Chunk::new
# Possible reasons:
#   The system is out of physical RAM or swap space
#   The process is running with CompressedOops enabled, and the Java Heap may be blocking the growth of the native heap
# Possible solutions:
#   Reduce memory load on the system
#   Increase physical memory or swap space
#   Check if swap backing store is full
#   Decrease Java heap size (-Xmx/-Xms)
#   Decrease number of Java threads
#   Decrease Java thread stack sizes (-Xss)
#   Set larger code cache with -XX:ReservedCodeCacheSize=
#   JVM is running with Unscaled Compressed Oops mode in which the Java heap is
#     placed in the first 4GB address space. The Java Heap base address is the
#     maximum limit for the native heap growth. Please use -XX:HeapBaseMinAddress
#     to set the Java Heap base and to place the Java Heap above 4GB virtual address.
# This output file may be truncated or incomplete.
#
#  Out of Memory Error (./src/hotspot/share/memory/arena.cpp:197), pid=3812, tid=6168
#
# JRE version: OpenJDK Runtime Environment (11.0.10) (build 11.0.10+0-b96-7249189)
# Java VM: OpenJDK 64-Bit Server VM (11.0.10+0-b96-7249189, mixed mode, tiered, compressed oops, g1 gc, windows-amd64)
# No core dump will be written. Minidumps are not enabled by default on client versions of Windows
#

---------------  S U M M A R Y ------------

Command Line: --add-opens=java.base/java.util=ALL-UNNAMED --add-opens=java.base/java.lang=ALL-UNNAMED --add-opens=java.base/java.lang.invoke=ALL-UNNAMED --add-opens=java.base/java.util=ALL-UNNAMED --add-opens=java.prefs/java.util.prefs=ALL-UNNAMED --add-opens=java.prefs/java.util.prefs=ALL-UNNAMED --add-opens=java.base/java.nio.charset=ALL-UNNAMED --add-opens=java.base/java.net=ALL-UNNAMED --add-opens=java.base/java.util.concurrent.atomic=ALL-UNNAMED -Xmx2048m -Dfile.encoding=UTF-8 -Duser.country=RU -Duser.language=ru -Duser.variant org.gradle.launcher.daemon.bootstrap.GradleDaemon 7.0.2

Host: Intel(R) Core(TM) i5-10210U CPU @ 1.60GHz, 8 cores, 7G,  Windows 10 , 64 bit Build 19041 (10.0.19041.1151)
Time: Tue Dec 21 23:20:39 2021 Центральноевропейский (зима) elapsed time: 6.427482 seconds (0d 0h 0m 6s)

---------------  T H R E A D  ---------------

Current thread (0x0000022278538000):  JavaThread "C2 CompilerThread0" daemon [_thread_in_native, id=6168, stack(0x000000f4b7200000,0x000000f4b7300000)]


Current CompileTask:
C2:   6427 3192   !   4       java.net.URLClassLoader$1::run (63 bytes)

Stack: [0x000000f4b7200000,0x000000f4b7300000]
Native frames: (J=compiled Java code, j=interpreted, Vv=VM code, C=native code)
V  [jvm.dll+0x5ecfaa]
V  [jvm.dll+0x722bd5]
V  [jvm.dll+0x72412d]
V  [jvm.dll+0x7247e3]
V  [jvm.dll+0x242928]
V  [jvm.dll+0xbc4fc]
V  [jvm.dll+0xbca0c]
V  [jvm.dll+0x2b4fd4]
V  [jvm.dll+0x506028]
V  [jvm.dll+0x203253]
V  [jvm.dll+0x1fd07c]
V  [jvm.dll+0x1fa77f]
V  [jvm.dll+0x18354c]
V  [jvm.dll+0x208ee7]
V  [jvm.dll+0x207731]
V  [jvm.dll+0x6eb1cf]
V  [jvm.dll+0x6e3d45]
V  [jvm.dll+0x5ebe96]
C  [ucrtbase.dll+0x21bb2]
C  [KERNEL32.DLL+0x17034]
C  [ntdll.dll+0x52651]


---------------  P R O C E S S  ---------------

Threads class SMR info:
_java_thread_list=0x000002227c272290, length=34, elements={
0x000002225e0ab800, 0x0000022278514800, 0x0000022278517000, 0x000002227852f800,
0x0000022278530800, 0x0000022278532800, 0x0000022278538000, 0x000002227854d000,
0x000002227854e000, 0x0000022279029000, 0x0000022279f03000, 0x000002227b533000,
0x000002227927e000, 0x000002227b799000, 0x000002227a63d000, 0x000002227a4bb000,
0x000002227a2ae000, 0x000002227b2e0000, 0x000002227ad08000, 0x000002227b261000,
0x000002227b261800, 0x000002227b265800, 0x000002227b265000, 0x000002227b9f7800,
0x000002227b260000, 0x000002227b262800, 0x000002227b263800, 0x000002227b264000,
0x000002227b266800, 0x000002227dc81800, 0x000002227dc83000, 0x000002227dc7d800,
0x000002227dc84000, 0x000002227dc80800
}

Java Threads: ( => current thread )
  0x000002225e0ab800 JavaThread "main" [_thread_blocked, id=9356, stack(0x000000f4b6600000,0x000000f4b6700000)]
  0x0000022278514800 JavaThread "Reference Handler" daemon [_thread_blocked, id=1108, stack(0x000000f4b6d00000,0x000000f4b6e00000)]
  0x0000022278517000 JavaThread "Finalizer" daemon [_thread_blocked, id=4348, stack(0x000000f4b6e00000,0x000000f4b6f00000)]
  0x000002227852f800 JavaThread "Signal Dispatcher" daemon [_thread_blocked, id=14464, stack(0x000000f4b6f00000,0x000000f4b7000000)]
  0x0000022278530800 JavaThread "Attach Listener" daemon [_thread_blocked, id=5556, stack(0x000000f4b7000000,0x000000f4b7100000)]
  0x0000022278532800 JavaThread "Service Thread" daemon [_thread_blocked, id=16276, stack(0x000000f4b7100000,0x000000f4b7200000)]
=>0x0000022278538000 JavaThread "C2 CompilerThread0" daemon [_thread_in_native, id=6168, stack(0x000000f4b7200000,0x000000f4b7300000)]
  0x000002227854d000 JavaThread "C1 CompilerThread0" daemon [_thread_blocked, id=11788, stack(0x000000f4b7300000,0x000000f4b7400000)]
  0x000002227854e000 JavaThread "Sweeper thread" daemon [_thread_blocked, id=5800, stack(0x000000f4b7400000,0x000000f4b7500000)]
  0x0000022279029000 JavaThread "Common-Cleaner" daemon [_thread_blocked, id=5564, stack(0x000000f4b7500000,0x000000f4b7600000)]
  0x0000022279f03000 JavaThread "Daemon health stats" [_thread_blocked, id=14876, stack(0x000000f4b7b00000,0x000000f4b7c00000)]
  0x000002227b533000 JavaThread "Incoming local TCP Connector on port 61187" [_thread_in_native, id=2668, stack(0x000000f4b7700000,0x000000f4b7800000)]
  0x000002227927e000 JavaThread "Daemon periodic checks" [_thread_blocked, id=12376, stack(0x000000f4b7a00000,0x000000f4b7b00000)]
  0x000002227b799000 JavaThread "Daemon" [_thread_blocked, id=21596, stack(0x000000f4b7c00000,0x000000f4b7d00000)]
  0x000002227a63d000 JavaThread "Handler for socket connection from /127.0.0.1:61187 to /127.0.0.1:61188" [_thread_in_native, id=15008, stack(0x000000f4b7d00000,0x000000f4b7e00000)]
  0x000002227a4bb000 JavaThread "Cancel handler" [_thread_blocked, id=19616, stack(0x000000f4b7e00000,0x000000f4b7f00000)]
  0x000002227a2ae000 JavaThread "Daemon worker" [_thread_in_native, id=16336, stack(0x000000f4b7f00000,0x000000f4b8000000)]
  0x000002227b2e0000 JavaThread "Asynchronous log dispatcher for DefaultDaemonConnection: socket connection from /127.0.0.1:61187 to /127.0.0.1:61188" [_thread_blocked, id=20160, stack(0x000000f4b8100000,0x000000f4b8200000)]
  0x000002227ad08000 JavaThread "Stdin handler" [_thread_blocked, id=8716, stack(0x000000f4b8200000,0x000000f4b8300000)]
  0x000002227b261000 JavaThread "Daemon client event forwarder" [_thread_blocked, id=1336, stack(0x000000f4b8300000,0x000000f4b8400000)]
  0x000002227b261800 JavaThread "Cache worker for file hash cache (C:\Users\vadim\.gradle\caches\7.0.2\fileHashes)" [_thread_blocked, id=888, stack(0x000000f4b8000000,0x000000f4b8100000)]
  0x000002227b265800 JavaThread "File lock request listener" [_thread_in_native, id=11860, stack(0x000000f4b8900000,0x000000f4b8a00000)]
  0x000002227b265000 JavaThread "Cache worker for journal cache (C:\Users\vadim\.gradle\caches\journal-1)" [_thread_blocked, id=6944, stack(0x000000f4b8b00000,0x000000f4b8c00000)]
  0x000002227b9f7800 JavaThread "C2 CompilerThread1" daemon [_thread_in_native, id=14468, stack(0x000000f4b8c00000,0x000000f4b8d00000)]
  0x000002227b260000 JavaThread "Cache worker for file hash cache (C:\Users\vadim\AndroidStudioProjects\ToDoRooms\.gradle\7.0.2\fileHashes)" [_thread_blocked, id=7344, stack(0x000000f4b8d00000,0x000000f4b8e00000)]
  0x000002227b262800 JavaThread "File watcher server" daemon [_thread_in_native, id=4092, stack(0x000000f4b8e00000,0x000000f4b8f00000)]
  0x000002227b263800 JavaThread "File watcher consumer" daemon [_thread_blocked, id=11080, stack(0x000000f4b8f00000,0x000000f4b9000000)]
  0x000002227b264000 JavaThread "Cache worker for checksums cache (C:\Users\vadim\AndroidStudioProjects\ToDoRooms\.gradle\checksums)" [_thread_blocked, id=18264, stack(0x000000f4b9000000,0x000000f4b9100000)]
  0x000002227b266800 JavaThread "Cache worker for cache directory md-supplier (C:\Users\vadim\.gradle\caches\7.0.2\md-supplier)" [_thread_blocked, id=15184, stack(0x000000f4b9100000,0x000000f4b9200000)]
  0x000002227dc81800 JavaThread "Cache worker for cache directory md-rule (C:\Users\vadim\.gradle\caches\7.0.2\md-rule)" [_thread_blocked, id=1268, stack(0x000000f4b9200000,0x000000f4b9300000)]
  0x000002227dc83000 JavaThread "Cache worker for execution history cache (C:\Users\vadim\.gradle\caches\7.0.2\executionHistory)" [_thread_blocked, id=7776, stack(0x000000f4b9300000,0x000000f4b9400000)]
  0x000002227dc7d800 JavaThread "jar transforms" [_thread_blocked, id=9072, stack(0x000000f4b9400000,0x000000f4b9500000)]
  0x000002227dc84000 JavaThread "jar transforms Thread 2" [_thread_blocked, id=10996, stack(0x000000f4b9500000,0x000000f4b9600000)]
  0x000002227dc80800 JavaThread "Cache worker for file content cache (C:\Users\vadim\.gradle\caches\7.0.2\fileContent)" [_thread_blocked, id=4780, stack(0x000000f4b9600000,0x000000f4b9700000)]

Other Threads:
  0x0000022278511800 VMThread "VM Thread" [stack: 0x000000f4b6c00000,0x000000f4b6d00000] [id=17272]
  0x0000022279036800 WatcherThread [stack: 0x000000f4b7600000,0x000000f4b7700000] [id=15376]
  0x000002225e0c4800 GCTaskThread "GC Thread#0" [stack: 0x000000f4b6700000,0x000000f4b6800000] [id=19312]
  0x0000022278f59000 GCTaskThread "GC Thread#1" [stack: 0x000000f4b7800000,0x000000f4b7900000] [id=17420]
  0x0000022278f54000 GCTaskThread "GC Thread#2" [stack: 0x000000f4b7900000,0x000000f4b7a00000] [id=11780]
  0x0000022278f58800 GCTaskThread "GC Thread#3" [stack: 0x000000f4b8400000,0x000000f4b8500000] [id=1640]
  0x0000022278f5a000 GCTaskThread "GC Thread#4" [stack: 0x000000f4b8500000,0x000000f4b8600000] [id=7208]
  0x0000022278f53800 GCTaskThread "GC Thread#5" [stack: 0x000000f4b8600000,0x000000f4b8700000] [id=22168]
  0x0000022278f56000 GCTaskThread "GC Thread#6" [stack: 0x000000f4b8700000,0x000000f4b8800000] [id=21928]
  0x0000022278f57000 GCTaskThread "GC Thread#7" [stack: 0x000000f4b8800000,0x000000f4b8900000] [id=16768]
  0x000002225e0f7000 ConcurrentGCThread "G1 Main Marker" [stack: 0x000000f4b6800000,0x000000f4b6900000] [id=3448]
  0x000002225e0f8000 ConcurrentGCThread "G1 Conc#0" [stack: 0x000000f4b6900000,0x000000f4b6a00000] [id=21628]
  0x0000022278f5a800 ConcurrentGCThread "G1 Conc#1" [stack: 0x000000f4b8a00000,0x000000f4b8b00000] [id=18388]
  0x0000022278360800 ConcurrentGCThread "G1 Refine#0" [stack: 0x000000f4b6a00000,0x000000f4b6b00000] [id=20644]
  0x0000022278361800 ConcurrentGCThread "G1 Young RemSet Sampling" [stack: 0x000000f4b6b00000,0x000000f4b6c00000] [id=3484]

Threads with active compile tasks:
C2 CompilerThread0   6463 3192   !   4       java.net.URLClassLoader$1::run (63 bytes)
C2 CompilerThread1   6463 3191       4       java.net.URLClassLoader$1::run (5 bytes)

VM state:not at safepoint (normal execution)

VM Mutex/Monitor currently owned by a thread: None

Heap address: 0x0000000080000000, size: 2048 MB, Compressed Oops mode: 32-bit
Narrow klass base: 0x0000000000000000, Narrow klass shift: 3
Compressed class space size: 1073741824 Address: 0x0000000100000000

Heap:
 garbage-first heap   total 129024K, used 56708K [0x0000000080000000, 0x0000000100000000)
  region size 1024K, 40 young (40960K), 6 survivors (6144K)
 Metaspace       used 37265K, capacity 38116K, committed 38272K, reserved 1083392K
  class space    used 4822K, capacity 5130K, committed 5248K, reserved 1048576K
Heap Regions: E=young(eden), S=young(survivor), O=old, HS=humongous(starts), HC=humongous(continues), CS=collection set, F=free, A=archive, TAMS=top-at-mark-start (previous, next)
|   0|0x0000000080000000, 0x0000000080100000, 0x0000000080100000|100%| O|  |TAMS 0x0000000080100000, 0x0000000080000000| Untracked 
|   1|0x0000000080100000, 0x0000000080200000, 0x0000000080200000|100%| O|  |TAMS 0x0000000080200000, 0x0000000080100000| Untracked 
|   2|0x0000000080200000, 0x0000000080300000, 0x0000000080300000|100%| O|  |TAMS 0x0000000080300000, 0x0000000080200000| Untracked 
|   3|0x0000000080300000, 0x0000000080400000, 0x0000000080400000|100%|HS|  |TAMS 0x0000000080400000, 0x0000000080300000| Complete 
|   4|0x0000000080400000, 0x0000000080500000, 0x0000000080500000|100%|HC|  |TAMS 0x0000000080500000, 0x0000000080400000| Complete 
|   5|0x0000000080500000, 0x0000000080600000, 0x0000000080600000|100%|HC|  |TAMS 0x0000000080600000, 0x0000000080500000| Complete 
|   6|0x0000000080600000, 0x0000000080700000, 0x0000000080700000|100%| O|  |TAMS 0x0000000080700000, 0x0000000080600000| Untracked 
|   7|0x0000000080700000, 0x0000000080800000, 0x0000000080800000|100%| O|  |TAMS 0x0000000080800000, 0x0000000080700000| Untracked 
|   8|0x0000000080800000, 0x0000000080900000, 0x0000000080900000|100%| O|  |TAMS 0x0000000080900000, 0x0000000080800000| Untracked 
|   9|0x0000000080900000, 0x0000000080a00000, 0x0000000080a00000|100%| O|  |TAMS 0x0000000080a00000, 0x0000000080900000| Untracked 
|  10|0x0000000080a00000, 0x0000000080b00000, 0x0000000080b00000|100%| O|  |TAMS 0x0000000080b00000, 0x0000000080a00000| Untracked 
|  11|0x0000000080b00000, 0x0000000080c00000, 0x0000000080c00000|100%| O|  |TAMS 0x0000000080c00000, 0x0000000080b00000| Untracked 
|  12|0x0000000080c00000, 0x0000000080d00000, 0x0000000080d00000|100%| O|  |TAMS 0x0000000080d00000, 0x0000000080c00000| Untracked 
|  13|0x0000000080d00000, 0x0000000080e00000, 0x0000000080e00000|100%| O|  |TAMS 0x0000000080e00000, 0x0000000080d00000| Untracked 
|  14|0x0000000080e00000, 0x0000000080f00000, 0x0000000080f00000|100%| O|  |TAMS 0x0000000080f00000, 0x0000000080e00000| Untracked 
|  15|0x0000000080f00000, 0x0000000081000000, 0x0000000081000000|100%| O|  |TAMS 0x0000000081000000, 0x0000000080f00000| Untracked 
|  16|0x0000000081000000, 0x0000000081068200, 0x0000000081100000| 40%| O|  |TAMS 0x0000000081068200, 0x0000000081000000| Untracked 
|  17|0x0000000081100000, 0x0000000081100000, 0x0000000081200000|  0%| F|  |TAMS 0x0000000081100000, 0x0000000081100000| Untracked 
|  18|0x0000000081200000, 0x0000000081200000, 0x0000000081300000|  0%| F|  |TAMS 0x0000000081200000, 0x0000000081200000| Untracked 
|  19|0x0000000081300000, 0x0000000081300000, 0x0000000081400000|  0%| F|  |TAMS 0x0000000081300000, 0x0000000081300000| Untracked 
|  20|0x0000000081400000, 0x0000000081400000, 0x0000000081500000|  0%| F|  |TAMS 0x0000000081400000, 0x0000000081400000| Untracked 
|  21|0x0000000081500000, 0x0000000081500000, 0x0000000081600000|  0%| F|  |TAMS 0x0000000081500000, 0x0000000081500000| Untracked 
|  22|0x0000000081600000, 0x0000000081600000, 0x0000000081700000|  0%| F|  |TAMS 0x0000000081600000, 0x0000000081600000| Untracked 
|  23|0x0000000081700000, 0x0000000081700000, 0x0000000081800000|  0%| F|  |TAMS 0x0000000081700000, 0x0000000081700000| Untracked 
|  24|0x0000000081800000, 0x0000000081800000, 0x0000000081900000|  0%| F|  |TAMS 0x0000000081800000, 0x0000000081800000| Untracked 
|  25|0x0000000081900000, 0x0000000081900000, 0x0000000081a00000|  0%| F|  |TAMS 0x0000000081900000, 0x0000000081900000| Untracked 
|  26|0x0000000081a00000, 0x0000000081a00000, 0x0000000081b00000|  0%| F|  |TAMS 0x0000000081a00000, 0x0000000081a00000| Untracked 
|  27|0x0000000081b00000, 0x0000000081b00000, 0x0000000081c00000|  0%| F|  |TAMS 0x0000000081b00000, 0x0000000081b00000| Untracked 
|  28|0x0000000081c00000, 0x0000000081c00000, 0x0000000081d00000|  0%| F|  |TAMS 0x0000000081c00000, 0x0000000081c00000| Untracked 
|  29|0x0000000081d00000, 0x0000000081d00000, 0x0000000081e00000|  0%| F|  |TAMS 0x0000000081d00000, 0x0000000081d00000| Untracked 
|  30|0x0000000081e00000, 0x0000000081e00000, 0x0000000081f00000|  0%| F|  |TAMS 0x0000000081e00000, 0x0000000081e00000| Untracked 
|  31|0x0000000081f00000, 0x0000000081f00000, 0x0000000082000000|  0%| F|  |TAMS 0x0000000081f00000, 0x0000000081f00000| Untracked 
|  32|0x0000000082000000, 0x0000000082000000, 0x0000000082100000|  0%| F|  |TAMS 0x0000000082000000, 0x0000000082000000| Untracked 
|  33|0x0000000082100000, 0x0000000082100000, 0x0000000082200000|  0%| F|  |TAMS 0x0000000082100000, 0x0000000082100000| Untracked 
|  34|0x0000000082200000, 0x0000000082200000, 0x0000000082300000|  0%| F|  |TAMS 0x0000000082200000, 0x0000000082200000| Untracked 
|  35|0x0000000082300000, 0x0000000082300000, 0x0000000082400000|  0%| F|  |TAMS 0x0000000082300000, 0x0000000082300000| Untracked 
|  36|0x0000000082400000, 0x0000000082400000, 0x0000000082500000|  0%| F|  |TAMS 0x0000000082400000, 0x0000000082400000| Untracked 
|  37|0x0000000082500000, 0x0000000082500000, 0x0000000082600000|  0%| F|  |TAMS 0x0000000082500000, 0x0000000082500000| Untracked 
|  38|0x0000000082600000, 0x0000000082600000, 0x0000000082700000|  0%| F|  |TAMS 0x0000000082600000, 0x0000000082600000| Untracked 
|  39|0x0000000082700000, 0x0000000082700000, 0x0000000082800000|  0%| F|  |TAMS 0x0000000082700000, 0x0000000082700000| Untracked 
|  40|0x0000000082800000, 0x0000000082800000, 0x0000000082900000|  0%| F|  |TAMS 0x0000000082800000, 0x0000000082800000| Untracked 
|  41|0x0000000082900000, 0x0000000082900000, 0x0000000082a00000|  0%| F|  |TAMS 0x0000000082900000, 0x0000000082900000| Untracked 
|  42|0x0000000082a00000, 0x0000000082a00000, 0x0000000082b00000|  0%| F|  |TAMS 0x0000000082a00000, 0x0000000082a00000| Untracked 
|  43|0x0000000082b00000, 0x0000000082b00000, 0x0000000082c00000|  0%| F|  |TAMS 0x0000000082b00000, 0x0000000082b00000| Untracked 
|  44|0x0000000082c00000, 0x0000000082c00000, 0x0000000082d00000|  0%| F|  |TAMS 0x0000000082c00000, 0x0000000082c00000| Untracked 
|  45|0x0000000082d00000, 0x0000000082d00000, 0x0000000082e00000|  0%| F|  |TAMS 0x0000000082d00000, 0x0000000082d00000| Untracked 
|  46|0x0000000082e00000, 0x0000000082e00000, 0x0000000082f00000|  0%| F|  |TAMS 0x0000000082e00000, 0x0000000082e00000| Untracked 
|  47|0x0000000082f00000, 0x0000000082f00000, 0x0000000083000000|  0%| F|  |TAMS 0x0000000082f00000, 0x0000000082f00000| Untracked 
|  48|0x0000000083000000, 0x0000000083000000, 0x0000000083100000|  0%| F|  |TAMS 0x0000000083000000, 0x0000000083000000| Untracked 
|  49|0x0000000083100000, 0x0000000083100000, 0x0000000083200000|  0%| F|  |TAMS 0x0000000083100000, 0x0000000083100000| Untracked 
|  50|0x0000000083200000, 0x0000000083200000, 0x0000000083300000|  0%| F|  |TAMS 0x0000000083200000, 0x0000000083200000| Untracked 
|  51|0x0000000083300000, 0x0000000083300000, 0x0000000083400000|  0%| F|  |TAMS 0x0000000083300000, 0x0000000083300000| Untracked 
|  52|0x0000000083400000, 0x0000000083400000, 0x0000000083500000|  0%| F|  |TAMS 0x0000000083400000, 0x0000000083400000| Untracked 
|  53|0x0000000083500000, 0x0000000083500000, 0x0000000083600000|  0%| F|  |TAMS 0x0000000083500000, 0x0000000083500000| Untracked 
|  54|0x0000000083600000, 0x0000000083600000, 0x0000000083700000|  0%| F|  |TAMS 0x0000000083600000, 0x0000000083600000| Untracked 
|  55|0x0000000083700000, 0x0000000083700000, 0x0000000083800000|  0%| F|  |TAMS 0x0000000083700000, 0x0000000083700000| Untracked 
|  56|0x0000000083800000, 0x0000000083800000, 0x0000000083900000|  0%| F|  |TAMS 0x0000000083800000, 0x0000000083800000| Untracked 
|  57|0x0000000083900000, 0x0000000083900000, 0x0000000083a00000|  0%| F|  |TAMS 0x0000000083900000, 0x0000000083900000| Untracked 
|  58|0x0000000083a00000, 0x0000000083a00000, 0x0000000083b00000|  0%| F|  |TAMS 0x0000000083a00000, 0x0000000083a00000| Untracked 
|  59|0x0000000083b00000, 0x0000000083b00000, 0x0000000083c00000|  0%| F|  |TAMS 0x0000000083b00000, 0x0000000083b00000| Untracked 
|  60|0x0000000083c00000, 0x0000000083c00000, 0x0000000083d00000|  0%| F|  |TAMS 0x0000000083c00000, 0x0000000083c00000| Untracked 
|  61|0x0000000083d00000, 0x0000000083df9118, 0x0000000083e00000| 97%| S|CS|TAMS 0x0000000083d00000, 0x0000000083d00000| Complete 
|  62|0x0000000083e00000, 0x0000000083f00000, 0x0000000083f00000|100%| S|CS|TAMS 0x0000000083e00000, 0x0000000083e00000| Complete 
|  63|0x0000000083f00000, 0x0000000084000000, 0x0000000084000000|100%| S|CS|TAMS 0x0000000083f00000, 0x0000000083f00000| Complete 
|  64|0x0000000084000000, 0x0000000084100000, 0x0000000084100000|100%| S|CS|TAMS 0x0000000084000000, 0x0000000084000000| Complete 
|  65|0x0000000084100000, 0x0000000084200000, 0x0000000084200000|100%| S|CS|TAMS 0x0000000084100000, 0x0000000084100000| Complete 
|  66|0x0000000084200000, 0x0000000084300000, 0x0000000084300000|100%| S|CS|TAMS 0x0000000084200000, 0x0000000084200000| Complete 
|  67|0x0000000084300000, 0x0000000084300000, 0x0000000084400000|  0%| F|  |TAMS 0x0000000084300000, 0x0000000084300000| Untracked 
|  68|0x0000000084400000, 0x0000000084400000, 0x0000000084500000|  0%| F|  |TAMS 0x0000000084400000, 0x0000000084400000| Untracked 
|  69|0x0000000084500000, 0x0000000084500000, 0x0000000084600000|  0%| F|  |TAMS 0x0000000084500000, 0x0000000084500000| Untracked 
|  70|0x0000000084600000, 0x0000000084600000, 0x0000000084700000|  0%| F|  |TAMS 0x0000000084600000, 0x0000000084600000| Untracked 
|  71|0x0000000084700000, 0x0000000084700000, 0x0000000084800000|  0%| F|  |TAMS 0x0000000084700000, 0x0000000084700000| Untracked 
|  72|0x0000000084800000, 0x0000000084800000, 0x0000000084900000|  0%| F|  |TAMS 0x0000000084800000, 0x0000000084800000| Untracked 
|  73|0x0000000084900000, 0x0000000084900000, 0x0000000084a00000|  0%| F|  |TAMS 0x0000000084900000, 0x0000000084900000| Untracked 
|  74|0x0000000084a00000, 0x0000000084a00000, 0x0000000084b00000|  0%| F|  |TAMS 0x0000000084a00000, 0x0000000084a00000| Untracked 
|  75|0x0000000084b00000, 0x0000000084b00000, 0x0000000084c00000|  0%| F|  |TAMS 0x0000000084b00000, 0x0000000084b00000| Untracked 
|  76|0x0000000084c00000, 0x0000000084c00000, 0x0000000084d00000|  0%| F|  |TAMS 0x0000000084c00000, 0x0000000084c00000| Untracked 
|  77|0x0000000084d00000, 0x0000000084d00000, 0x0000000084e00000|  0%| F|  |TAMS 0x0000000084d00000, 0x0000000084d00000| Untracked 
|  78|0x0000000084e00000, 0x0000000084e00000, 0x0000000084f00000|  0%| F|  |TAMS 0x0000000084e00000, 0x0000000084e00000| Untracked 
|  79|0x0000000084f00000, 0x0000000084f00000, 0x0000000085000000|  0%| F|  |TAMS 0x0000000084f00000, 0x0000000084f00000| Untracked 
|  80|0x0000000085000000, 0x0000000085000000, 0x0000000085100000|  0%| F|  |TAMS 0x0000000085000000, 0x0000000085000000| Untracked 
|  81|0x0000000085100000, 0x0000000085100000, 0x0000000085200000|  0%| F|  |TAMS 0x0000000085100000, 0x0000000085100000| Untracked 
|  82|0x0000000085200000, 0x0000000085200000, 0x0000000085300000|  0%| F|  |TAMS 0x0000000085200000, 0x0000000085200000| Untracked 
|  83|0x0000000085300000, 0x0000000085300000, 0x0000000085400000|  0%| F|  |TAMS 0x0000000085300000, 0x0000000085300000| Untracked 
|  84|0x0000000085400000, 0x0000000085400000, 0x0000000085500000|  0%| F|  |TAMS 0x0000000085400000, 0x0000000085400000| Untracked 
|  85|0x0000000085500000, 0x0000000085500000, 0x0000000085600000|  0%| F|  |TAMS 0x0000000085500000, 0x0000000085500000| Untracked 
|  86|0x0000000085600000, 0x0000000085600000, 0x0000000085700000|  0%| F|  |TAMS 0x0000000085600000, 0x0000000085600000| Untracked 
|  87|0x0000000085700000, 0x0000000085700000, 0x0000000085800000|  0%| F|  |TAMS 0x0000000085700000, 0x0000000085700000| Untracked 
|  88|0x0000000085800000, 0x0000000085800000, 0x0000000085900000|  0%| F|  |TAMS 0x0000000085800000, 0x0000000085800000| Untracked 
|  89|0x0000000085900000, 0x0000000085900000, 0x0000000085a00000|  0%| F|  |TAMS 0x0000000085900000, 0x0000000085900000| Untracked 
|  90|0x0000000085a00000, 0x0000000085a00000, 0x0000000085b00000|  0%| F|  |TAMS 0x0000000085a00000, 0x0000000085a00000| Untracked 
|  91|0x0000000085b00000, 0x0000000085b00000, 0x0000000085c00000|  0%| F|  |TAMS 0x0000000085b00000, 0x0000000085b00000| Untracked 
|  92|0x0000000085c00000, 0x0000000085c00800, 0x0000000085d00000|  0%| E|  |TAMS 0x0000000085c00000, 0x0000000085c00000| Complete 
|  93|0x0000000085d00000, 0x0000000085e00000, 0x0000000085e00000|100%| E|CS|TAMS 0x0000000085d00000, 0x0000000085d00000| Complete 
|  94|0x0000000085e00000, 0x0000000085f00000, 0x0000000085f00000|100%| E|CS|TAMS 0x0000000085e00000, 0x0000000085e00000| Complete 
|  95|0x0000000085f00000, 0x0000000086000000, 0x0000000086000000|100%| E|CS|TAMS 0x0000000085f00000, 0x0000000085f00000| Complete 
|  96|0x0000000086000000, 0x0000000086100000, 0x0000000086100000|100%| E|CS|TAMS 0x0000000086000000, 0x0000000086000000| Complete 
|  97|0x0000000086100000, 0x0000000086200000, 0x0000000086200000|100%| E|CS|TAMS 0x0000000086100000, 0x0000000086100000| Complete 
|  98|0x0000000086200000, 0x0000000086300000, 0x0000000086300000|100%| E|CS|TAMS 0x0000000086200000, 0x0000000086200000| Complete 
|  99|0x0000000086300000, 0x0000000086400000, 0x0000000086400000|100%| E|CS|TAMS 0x0000000086300000, 0x0000000086300000| Complete 
| 100|0x0000000086400000, 0x0000000086500000, 0x0000000086500000|100%| E|CS|TAMS 0x0000000086400000, 0x0000000086400000| Complete 
| 101|0x0000000086500000, 0x0000000086600000, 0x0000000086600000|100%| E|CS|TAMS 0x0000000086500000, 0x0000000086500000| Complete 
| 102|0x0000000086600000, 0x0000000086700000, 0x0000000086700000|100%| E|CS|TAMS 0x0000000086600000, 0x0000000086600000| Complete 
| 103|0x0000000086700000, 0x0000000086800000, 0x0000000086800000|100%| E|CS|TAMS 0x0000000086700000, 0x0000000086700000| Complete 
| 104|0x0000000086800000, 0x0000000086900000, 0x0000000086900000|100%| E|CS|TAMS 0x0000000086800000, 0x0000000086800000| Complete 
| 105|0x0000000086900000, 0x0000000086a00000, 0x0000000086a00000|100%| E|CS|TAMS 0x0000000086900000, 0x0000000086900000| Complete 
| 106|0x0000000086a00000, 0x0000000086b00000, 0x0000000086b00000|100%| E|CS|TAMS 0x0000000086a00000, 0x0000000086a00000| Complete 
| 107|0x0000000086b00000, 0x0000000086c00000, 0x0000000086c00000|100%| E|CS|TAMS 0x0000000086b00000, 0x0000000086b00000| Complete 
| 108|0x0000000086c00000, 0x0000000086d00000, 0x0000000086d00000|100%| E|CS|TAMS 0x0000000086c00000, 0x0000000086c00000| Complete 
| 109|0x0000000086d00000, 0x0000000086e00000, 0x0000000086e00000|100%| E|CS|TAMS 0x0000000086d00000, 0x0000000086d00000| Complete 
| 110|0x0000000086e00000, 0x0000000086f00000, 0x0000000086f00000|100%| E|CS|TAMS 0x0000000086e00000, 0x0000000086e00000| Complete 
| 111|0x0000000086f00000, 0x0000000087000000, 0x0000000087000000|100%| E|CS|TAMS 0x0000000086f00000, 0x0000000086f00000| Complete 
| 112|0x0000000087000000, 0x0000000087100000, 0x0000000087100000|100%| E|CS|TAMS 0x0000000087000000, 0x0000000087000000| Complete 
| 113|0x0000000087100000, 0x0000000087200000, 0x0000000087200000|100%| E|CS|TAMS 0x0000000087100000, 0x0000000087100000| Complete 
| 114|0x0000000087200000, 0x0000000087300000, 0x0000000087300000|100%| E|CS|TAMS 0x0000000087200000, 0x0000000087200000| Complete 
| 115|0x0000000087300000, 0x0000000087400000, 0x0000000087400000|100%| E|CS|TAMS 0x0000000087300000, 0x0000000087300000| Complete 
| 116|0x0000000087400000, 0x0000000087500000, 0x0000000087500000|100%| E|CS|TAMS 0x0000000087400000, 0x0000000087400000| Complete 
| 117|0x0000000087500000, 0x0000000087600000, 0x0000000087600000|100%| E|CS|TAMS 0x0000000087500000, 0x0000000087500000| Complete 
| 118|0x0000000087600000, 0x0000000087700000, 0x0000000087700000|100%| E|CS|TAMS 0x0000000087600000, 0x0000000087600000| Complete 
| 119|0x0000000087700000, 0x0000000087800000, 0x0000000087800000|100%| E|CS|TAMS 0x0000000087700000, 0x0000000087700000| Complete 
| 120|0x0000000087800000, 0x0000000087900000, 0x0000000087900000|100%| E|CS|TAMS 0x0000000087800000, 0x0000000087800000| Complete 
| 121|0x0000000087900000, 0x0000000087a00000, 0x0000000087a00000|100%| E|CS|TAMS 0x0000000087900000, 0x0000000087900000| Complete 
| 122|0x0000000087a00000, 0x0000000087b00000, 0x0000000087b00000|100%| E|CS|TAMS 0x0000000087a00000, 0x0000000087a00000| Complete 
| 123|0x0000000087b00000, 0x0000000087c00000, 0x0000000087c00000|100%| E|CS|TAMS 0x0000000087b00000, 0x0000000087b00000| Complete 
| 124|0x0000000087c00000, 0x0000000087d00000, 0x0000000087d00000|100%| E|CS|TAMS 0x0000000087c00000, 0x0000000087c00000| Complete 
| 125|0x0000000087d00000, 0x0000000087e00000, 0x0000000087e00000|100%| E|CS|TAMS 0x0000000087d00000, 0x0000000087d00000| Complete 

Card table byte_map: [0x00000222712d0000,0x00000222716d0000] _byte_map_base: 0x0000022270ed0000

Marking Bits (Prev, Next): (CMBitMap*) 0x000002225e0edf08, (CMBitMap*) 0x000002225e0edf40
 Prev Bits: [0x0000022271ad0000, 0x0000022273ad0000)
 Next Bits: [0x0000022273ad0000, 0x0000022275ad0000)

Polling page: 0x000002225c260000

Metaspace:

Usage:
  Non-class:     32.21 MB capacity,    31.68 MB ( 98%) used,   457.20 KB (  1%) free+waste,    85.56 KB ( <1%) overhead. 
      Class:      5.01 MB capacity,     4.71 MB ( 94%) used,   266.24 KB (  5%) free+waste,    41.31 KB ( <1%) overhead. 
       Both:     37.22 MB capacity,    36.39 MB ( 98%) used,   723.44 KB (  2%) free+waste,   126.88 KB ( <1%) overhead. 

Virtual space:
  Non-class space:       34.00 MB reserved,      32.25 MB ( 95%) committed 
      Class space:        1.00 GB reserved,       5.13 MB ( <1%) committed 
             Both:        1.03 GB reserved,      37.38 MB (  4%) committed 

Chunk freelists:
   Non-Class:  38.00 KB
       Class:  22.00 KB
        Both:  60.00 KB

MaxMetaspaceSize: 17179869184.00 GB
CompressedClassSpaceSize: 1.00 GB

CodeHeap 'non-profiled nmethods': size=120000Kb used=1670Kb max_used=1670Kb free=118330Kb
 bounds [0x0000022269670000, 0x00000222698e0000, 0x0000022270ba0000]
CodeHeap 'profiled nmethods': size=120000Kb used=6860Kb max_used=6860Kb free=113139Kb
 bounds [0x0000022262140000, 0x0000022262800000, 0x0000022269670000]
CodeHeap 'non-nmethods': size=5760Kb used=1513Kb max_used=1558Kb free=4246Kb
 bounds [0x0000022261ba0000, 0x0000022261e10000, 0x0000022262140000]
 total_blobs=3900 nmethods=3277 adapters=534
 compilation: enabled
              stopped_count=0, restarted_count=0
 full_count=0

Compilation events (20 events):
Event: 6.403 Thread 0x000002227854d000 3278       1       java.util.Spliterators$ArraySpliterator::characteristics (5 bytes)
Event: 6.404 Thread 0x000002227854d000 nmethod 3278 0x0000022269810c10 code [0x0000022269810dc0, 0x0000022269810e78]
Event: 6.404 Thread 0x000002227854d000 3279       3       org.codehaus.groovy.util.SingleKeyHashMap::put (10 bytes)
Event: 6.404 Thread 0x000002227854d000 nmethod 3279 0x00000222627eb810 code [0x00000222627eb9e0, 0x00000222627ebbe8]
Event: 6.404 Thread 0x000002227854d000 3280  s!   3       java.beans.PropertyDescriptor::getWriteMethod (152 bytes)
Event: 6.406 Thread 0x000002227854d000 nmethod 3280 0x00000222627ebd10 code [0x00000222627ec0a0, 0x00000222627edf28]
Event: 6.406 Thread 0x000002227854d000 3282       3       org.codehaus.groovy.util.SingleKeyHashMap::get (67 bytes)
Event: 6.406 Thread 0x000002227854d000 nmethod 3282 0x00000222627ee790 code [0x00000222627ee9a0, 0x00000222627ef018]
Event: 6.406 Thread 0x000002227854d000 3281       3       groovy.lang.MetaProperty::<init> (15 bytes)
Event: 6.407 Thread 0x000002227854d000 nmethod 3281 0x00000222627ef290 code [0x00000222627ef440, 0x00000222627ef658]
Event: 6.407 Thread 0x000002227854d000 3284       3       groovy.lang.MetaClassImpl::getPropName (19 bytes)
Event: 6.407 Thread 0x000002227854d000 nmethod 3284 0x00000222627ef710 code [0x00000222627ef920, 0x00000222627eff88]
Event: 6.407 Thread 0x000002227854d000 3285       3       groovy.lang.MetaClassImpl$$Lambda$271/0x0000000100492040::get$Lambda (9 bytes)
Event: 6.407 Thread 0x000002227854d000 nmethod 3285 0x00000222627f0190 code [0x00000222627f0360, 0x00000222627f05b8]
Event: 6.407 Thread 0x000002227854d000 3283       1       org.codehaus.groovy.reflection.GeneratedMetaMethod::getReturnType (5 bytes)
Event: 6.407 Thread 0x000002227854d000 nmethod 3283 0x0000022269810f10 code [0x00000222698110c0, 0x0000022269811178]
Event: 6.407 Thread 0x000002227854d000 3287       1       groovy.lang.MetaBeanProperty::getSetter (5 bytes)
Event: 6.407 Thread 0x000002227854d000 nmethod 3287 0x0000022269811210 code [0x00000222698113c0, 0x0000022269811478]
Event: 6.407 Thread 0x000002227854d000 3286       1       org.codehaus.groovy.util.SingleKeyHashMap$Entry::getKey (5 bytes)
Event: 6.407 Thread 0x000002227854d000 nmethod 3286 0x0000022269811510 code [0x00000222698116c0, 0x0000022269811778]

GC Heap History (12 events):
Event: 1.041 GC heap before
{Heap before GC invocations=0 (full 0):
 garbage-first heap   total 129024K, used 29696K [0x0000000080000000, 0x0000000100000000)
  region size 1024K, 24 young (24576K), 0 survivors (0K)
 Metaspace       used 10197K, capacity 10429K, committed 10624K, reserved 1058816K
  class space    used 1064K, capacity 1139K, committed 1152K, reserved 1048576K
}
Event: 1.046 GC heap after
{Heap after GC invocations=1 (full 0):
 garbage-first heap   total 129024K, used 9198K [0x0000000080000000, 0x0000000100000000)
  region size 1024K, 3 young (3072K), 3 survivors (3072K)
 Metaspace       used 10197K, capacity 10429K, committed 10624K, reserved 1058816K
  class space    used 1064K, capacity 1139K, committed 1152K, reserved 1048576K
}
Event: 1.423 GC heap before
{Heap before GC invocations=1 (full 0):
 garbage-first heap   total 129024K, used 30702K [0x0000000080000000, 0x0000000100000000)
  region size 1024K, 24 young (24576K), 3 survivors (3072K)
 Metaspace       used 11104K, capacity 11382K, committed 11520K, reserved 1058816K
  class space    used 1165K, capacity 1243K, committed 1280K, reserved 1048576K
}
Event: 1.426 GC heap after
{Heap after GC invocations=2 (full 0):
 garbage-first heap   total 129024K, used 10313K [0x0000000080000000, 0x0000000100000000)
  region size 1024K, 1 young (1024K), 1 survivors (1024K)
 Metaspace       used 11104K, capacity 11382K, committed 11520K, reserved 1058816K
  class space    used 1165K, capacity 1243K, committed 1280K, reserved 1048576K
}
Event: 2.637 GC heap before
{Heap before GC invocations=2 (full 0):
 garbage-first heap   total 129024K, used 62537K [0x0000000080000000, 0x0000000100000000)
  region size 1024K, 52 young (53248K), 1 survivors (1024K)
 Metaspace       used 17721K, capacity 18224K, committed 18432K, reserved 1064960K
  class space    used 2089K, capacity 2238K, committed 2304K, reserved 1048576K
}
Event: 2.641 GC heap after
{Heap after GC invocations=3 (full 0):
 garbage-first heap   total 129024K, used 16386K [0x0000000080000000, 0x0000000100000000)
  region size 1024K, 7 young (7168K), 7 survivors (7168K)
 Metaspace       used 17721K, capacity 18224K, committed 18432K, reserved 1064960K
  class space    used 2089K, capacity 2238K, committed 2304K, reserved 1048576K
}
Event: 2.961 GC heap before
{Heap before GC invocations=3 (full 0):
 garbage-first heap   total 129024K, used 38914K [0x0000000080000000, 0x0000000100000000)
  region size 1024K, 30 young (30720K), 7 survivors (7168K)
 Metaspace       used 20560K, capacity 21096K, committed 21248K, reserved 1067008K
  class space    used 2505K, capacity 2690K, committed 2816K, reserved 1048576K
}
Event: 2.969 GC heap after
{Heap after GC invocations=4 (full 0):
 garbage-first heap   total 129024K, used 17689K [0x0000000080000000, 0x0000000100000000)
  region size 1024K, 1 young (1024K), 1 survivors (1024K)
 Metaspace       used 20560K, capacity 21096K, committed 21248K, reserved 1067008K
  class space    used 2505K, capacity 2690K, committed 2816K, reserved 1048576K
}
Event: 3.813 GC heap before
{Heap before GC invocations=5 (full 0):
 garbage-first heap   total 129024K, used 72985K [0x0000000080000000, 0x0000000100000000)
  region size 1024K, 55 young (56320K), 1 survivors (1024K)
 Metaspace       used 26021K, capacity 26687K, committed 26752K, reserved 1073152K
  class space    used 3406K, capacity 3665K, committed 3712K, reserved 1048576K
}
Event: 3.817 GC heap after
{Heap after GC invocations=6 (full 0):
 garbage-first heap   total 129024K, used 19413K [0x0000000080000000, 0x0000000100000000)
  region size 1024K, 3 young (3072K), 3 survivors (3072K)
 Metaspace       used 26021K, capacity 26687K, committed 26752K, reserved 1073152K
  class space    used 3406K, capacity 3665K, committed 3712K, reserved 1048576K
}
Event: 5.739 GC heap before
{Heap before GC invocations=6 (full 0):
 garbage-first heap   total 129024K, used 75733K [0x0000000080000000, 0x0000000100000000)
  region size 1024K, 59 young (60416K), 3 survivors (3072K)
 Metaspace       used 35046K, capacity 35830K, committed 35840K, reserved 1081344K
  class space    used 4544K, capacity 4864K, committed 4864K, reserved 1048576K
}
Event: 5.758 GC heap after
{Heap after GC invocations=7 (full 0):
 garbage-first heap   total 129024K, used 22916K [0x0000000080000000, 0x0000000100000000)
  region size 1024K, 6 young (6144K), 6 survivors (6144K)
 Metaspace       used 35046K, capacity 35830K, committed 35840K, reserved 1081344K
  class space    used 4544K, capacity 4864K, committed 4864K, reserved 1048576K
}

Deoptimization events (20 events):
Event: 6.055 Thread 0x000002227a2ae000 Uncommon trap: trap_request=0xffffffbe fr.pc=0x0000022269803120 relative=0x0000000000000940
Event: 6.055 Thread 0x000002227a2ae000 Uncommon trap: reason=profile_predicate action=maybe_recompile pc=0x0000022269803120 method=jdk.internal.jimage.ImageStringsReader.charsFromByteBuffer([CLjava/nio/ByteBuffer;)V @ 6 c2
Event: 6.055 Thread 0x000002227a2ae000 DEOPT PACKING pc=0x0000022269803120 sp=0x000000f4b7ff92b0
Event: 6.055 Thread 0x000002227a2ae000 DEOPT UNPACKING pc=0x0000022261bc78af sp=0x000000f4b7ff9188 mode 2
Event: 6.326 Thread 0x000002227a2ae000 Uncommon trap: trap_request=0xffffff4d fr.pc=0x00000222696f4128 relative=0x0000000000001ae8
Event: 6.326 Thread 0x000002227a2ae000 Uncommon trap: reason=unstable_if action=reinterpret pc=0x00000222696f4128 method=java.util.zip.ZipFile$Source.initCEN(ILjava/util/zip/ZipCoder;)V @ 582 c2
Event: 6.326 Thread 0x000002227a2ae000 DEOPT PACKING pc=0x00000222696f4128 sp=0x000000f4b7ff5770
Event: 6.326 Thread 0x000002227a2ae000 DEOPT UNPACKING pc=0x0000022261bc78af sp=0x000000f4b7ff5758 mode 2
Event: 6.332 Thread 0x000002227a2ae000 Uncommon trap: trap_request=0xffffff4d fr.pc=0x00000222697b2dfc relative=0x000000000000071c
Event: 6.332 Thread 0x000002227a2ae000 Uncommon trap: reason=unstable_if action=reinterpret pc=0x00000222697b2dfc method=java.lang.Class.getPackageName()Ljava/lang/String; @ 55 c2
Event: 6.332 Thread 0x000002227a2ae000 DEOPT PACKING pc=0x00000222697b2dfc sp=0x000000f4b7ff8f60
Event: 6.332 Thread 0x000002227a2ae000 DEOPT UNPACKING pc=0x0000022261bc78af sp=0x000000f4b7ff8f20 mode 2
Event: 6.389 Thread 0x000002227a2ae000 Uncommon trap: trap_request=0xffffffde fr.pc=0x0000022269801e90 relative=0x0000000000000470
Event: 6.389 Thread 0x000002227a2ae000 Uncommon trap: reason=class_check action=maybe_recompile pc=0x0000022269801e90 method=java.util.regex.Pattern$Start.match(Ljava/util/regex/Matcher;ILjava/lang/CharSequence;)Z @ 44 c2
Event: 6.389 Thread 0x000002227a2ae000 DEOPT PACKING pc=0x0000022269801e90 sp=0x000000f4b7ff77b0
Event: 6.389 Thread 0x000002227a2ae000 DEOPT UNPACKING pc=0x0000022261bc78af sp=0x000000f4b7ff7678 mode 2
Event: 6.393 Thread 0x000002227a2ae000 Uncommon trap: trap_request=0xffffffde fr.pc=0x0000022269801e90 relative=0x0000000000000470
Event: 6.393 Thread 0x000002227a2ae000 Uncommon trap: reason=class_check action=maybe_recompile pc=0x0000022269801e90 method=java.util.regex.Pattern$Start.match(Ljava/util/regex/Matcher;ILjava/lang/CharSequence;)Z @ 44 c2
Event: 6.393 Thread 0x000002227a2ae000 DEOPT PACKING pc=0x0000022269801e90 sp=0x000000f4b7ff77c0
Event: 6.393 Thread 0x000002227a2ae000 DEOPT UNPACKING pc=0x0000022261bc78af sp=0x000000f4b7ff7688 mode 2

Classes redefined (0 events):
No events

Internal exceptions (20 events):
Event: 6.107 Thread 0x000002227a2ae000 Exception <a 'java/lang/ClassNotFoundException'{0x0000000086735f48}: groovy/lang/GroovyObjectSupportCustomizer> (0x0000000086735f48) thrown at [./src/hotspot/share/classfile/systemDictionary.cpp, line 231]
Event: 6.109 Thread 0x000002227a2ae000 Exception <a 'java/lang/ClassNotFoundException'{0x000000008675db20}: org/gradle/internal/extensibility/DefaultExtraPropertiesExtensionCustomizer> (0x000000008675db20) thrown at [./src/hotspot/share/classfile/systemDictionary.cpp, line 231]
Event: 6.201 Thread 0x000002227a2ae000 Exception <a 'java/lang/NoSuchMethodError'{0x00000000865a8640}: 'int java.lang.invoke.DirectMethodHandle$Holder.invokeStatic(java.lang.Object, java.lang.Object, java.lang.Object, java.lang.Object, java.lang.Object)'> (0x00000000865a8640) thrown at [./src/hotspot/share/interpreter/linkResolver.cpp, line 773]
Event: 6.326 Thread 0x000002227a2ae000 Implicit null exception at 0x00000222696f3584 to 0x00000222696f4109
Event: 6.359 Thread 0x000002227a2ae000 Exception <a 'java/lang/ClassNotFoundException'{0x0000000086017968}: groovy/lang/BindingBeanInfo> (0x0000000086017968) thrown at [./src/hotspot/share/classfile/systemDictionary.cpp, line 231]
Event: 6.360 Thread 0x000002227a2ae000 Exception <a 'java/lang/ClassNotFoundException'{0x0000000086038b88}: groovy/lang/BindingCustomizer> (0x0000000086038b88) thrown at [./src/hotspot/share/classfile/systemDictionary.cpp, line 231]
Event: 6.375 Thread 0x000002227a2ae000 Exception <a 'java/lang/ClassNotFoundException'{0x0000000085f971c0}: settings_a2wqgfzhwjs3d0701hyenchluBeanInfo> (0x0000000085f971c0) thrown at [./src/hotspot/share/classfile/systemDictionary.cpp, line 231]
Event: 6.376 Thread 0x000002227a2ae000 Exception <a 'java/lang/ClassNotFoundException'{0x0000000085fad2a8}: org/gradle/initialization/SettingsScriptBeanInfo> (0x0000000085fad2a8) thrown at [./src/hotspot/share/classfile/systemDictionary.cpp, line 231]
Event: 6.377 Thread 0x000002227a2ae000 Exception <a 'java/lang/ClassNotFoundException'{0x0000000085fc47b0}: org/gradle/plugin/use/internal/PluginsAwareScriptBeanInfo> (0x0000000085fc47b0) thrown at [./src/hotspot/share/classfile/systemDictionary.cpp, line 231]
Event: 6.378 Thread 0x000002227a2ae000 Exception <a 'java/lang/ClassNotFoundException'{0x0000000085fda8e0}: org/gradle/groovy/scripts/DefaultScriptBeanInfo> (0x0000000085fda8e0) thrown at [./src/hotspot/share/classfile/systemDictionary.cpp, line 231]
Event: 6.378 Thread 0x000002227a2ae000 Exception <a 'java/lang/ClassNotFoundException'{0x0000000085ff0788}: org/gradle/groovy/scripts/BasicScriptBeanInfo> (0x0000000085ff0788) thrown at [./src/hotspot/share/classfile/systemDictionary.cpp, line 231]
Event: 6.379 Thread 0x000002227a2ae000 Exception <a 'java/lang/ClassNotFoundException'{0x0000000085e05f68}: org/gradle/groovy/scripts/ScriptBeanInfo> (0x0000000085e05f68) thrown at [./src/hotspot/share/classfile/systemDictionary.cpp, line 231]
Event: 6.383 Thread 0x000002227a2ae000 Exception <a 'java/lang/ClassNotFoundException'{0x0000000085e27908}: groovy/lang/ScriptBeanInfo> (0x0000000085e27908) thrown at [./src/hotspot/share/classfile/systemDictionary.cpp, line 231]
Event: 6.384 Thread 0x000002227a2ae000 Exception <a 'java/lang/ClassNotFoundException'{0x0000000085e497f0}: groovy/lang/ScriptCustomizer> (0x0000000085e497f0) thrown at [./src/hotspot/share/classfile/systemDictionary.cpp, line 231]
Event: 6.386 Thread 0x000002227a2ae000 Exception <a 'java/lang/ClassNotFoundException'{0x0000000085e66670}: org/gradle/groovy/scripts/ScriptCustomizer> (0x0000000085e66670) thrown at [./src/hotspot/share/classfile/systemDictionary.cpp, line 231]
Event: 6.387 Thread 0x000002227a2ae000 Exception <a 'java/lang/ClassNotFoundException'{0x0000000085e83450}: org/gradle/groovy/scripts/BasicScriptCustomizer> (0x0000000085e83450) thrown at [./src/hotspot/share/classfile/systemDictionary.cpp, line 231]
Event: 6.389 Thread 0x000002227a2ae000 Exception <a 'java/lang/ClassNotFoundException'{0x0000000085ea5b50}: org/gradle/groovy/scripts/DefaultScriptCustomizer> (0x0000000085ea5b50) thrown at [./src/hotspot/share/classfile/systemDictionary.cpp, line 231]
Event: 6.395 Thread 0x000002227a2ae000 Exception <a 'java/lang/ClassNotFoundException'{0x0000000085ef54d0}: org/gradle/plugin/use/internal/PluginsAwareScriptCustomizer> (0x0000000085ef54d0) thrown at [./src/hotspot/share/classfile/systemDictionary.cpp, line 231]
Event: 6.399 Thread 0x000002227a2ae000 Exception <a 'java/lang/ClassNotFoundException'{0x0000000085d143d8}: org/gradle/initialization/SettingsScriptCustomizer> (0x0000000085d143d8) thrown at [./src/hotspot/share/classfile/systemDictionary.cpp, line 231]
Event: 6.402 Thread 0x000002227a2ae000 Exception <a 'java/lang/ClassNotFoundException'{0x0000000085d27b28}: settings_a2wqgfzhwjs3d0701hyenchluCustomizer> (0x0000000085d27b28) thrown at [./src/hotspot/share/classfile/systemDictionary.cpp, line 231]

Events (20 events):
Event: 6.413 loading class org/gradle/api/internal/file/copy/CopySpecInternal
Event: 6.413 loading class org/gradle/api/internal/file/copy/CopySpecInternal done
Event: 6.416 loading class org/gradle/process/internal/DefaultExecActionFactory
Event: 6.416 loading class org/gradle/process/internal/DefaultExecActionFactory done
Event: 6.418 loading class org/gradle/process/internal/DefaultExecActionFactory$RootExecFactory
Event: 6.418 loading class org/gradle/process/internal/DefaultExecActionFactory$RootExecFactory done
Event: 6.419 loading class org/gradle/process/internal/JavaExecAction
Event: 6.419 loading class org/gradle/process/internal/JavaExecAction done
Event: 6.420 loading class org/gradle/process/internal/ExecHandleBuilder
Event: 6.420 loading class org/gradle/process/internal/ExecHandleBuilder done
Event: 6.421 loading class org/gradle/process/JavaDebugOptions
Event: 6.421 loading class org/gradle/process/JavaDebugOptions done
Event: 6.421 loading class org/gradle/process/internal/JavaForkOptionsInternal
Event: 6.421 loading class org/gradle/process/internal/JavaForkOptionsInternal done
Event: 6.422 loading class org/gradle/process/internal/ExecAction
Event: 6.422 loading class org/gradle/process/internal/ExecAction done
Event: 6.422 loading class org/gradle/api/internal/model/InstantiatorBackedObjectFactory
Event: 6.422 loading class org/gradle/api/internal/model/InstantiatorBackedObjectFactory done
Event: 6.423 loading class org/gradle/cache/internal/DefaultFileContentCacheFactory
Event: 6.423 loading class org/gradle/cache/internal/DefaultFileContentCacheFactory done


Dynamic libraries:
0x00007ff69d4c0000 - 0x00007ff69d4ca000 	D:\Android Studio\jre\bin\java.exe
0x00007ffb9e470000 - 0x00007ffb9e665000 	C:\WINDOWS\SYSTEM32\ntdll.dll
0x00007ffb9ce20000 - 0x00007ffb9cedd000 	C:\WINDOWS\System32\KERNEL32.DLL
0x00007ffb9c050000 - 0x00007ffb9c319000 	C:\WINDOWS\System32\KERNELBASE.dll
0x00007ffb9bbd0000 - 0x00007ffb9bcd0000 	C:\WINDOWS\System32\ucrtbase.dll
0x00007ffb94430000 - 0x00007ffb94449000 	D:\Android Studio\jre\bin\jli.dll
0x00007ffb8aca0000 - 0x00007ffb8acb7000 	D:\Android Studio\jre\bin\VCRUNTIME140.dll
0x00007ffb9e290000 - 0x00007ffb9e430000 	C:\WINDOWS\System32\USER32.dll
0x00007ffb9bba0000 - 0x00007ffb9bbc2000 	C:\WINDOWS\System32\win32u.dll
0x00007ffb7f160000 - 0x00007ffb7f3fa000 	C:\WINDOWS\WinSxS\amd64_microsoft.windows.common-controls_6595b64144ccf1df_6.0.19041.1110_none_60b5254171f9507e\COMCTL32.dll
0x00007ffb9c530000 - 0x00007ffb9c55a000 	C:\WINDOWS\System32\GDI32.dll
0x00007ffb9beb0000 - 0x00007ffb9bfbb000 	C:\WINDOWS\System32\gdi32full.dll
0x00007ffb9e1f0000 - 0x00007ffb9e28e000 	C:\WINDOWS\System32\msvcrt.dll
0x00007ffb9bcd0000 - 0x00007ffb9bd6d000 	C:\WINDOWS\System32\msvcp_win.dll
0x00007ffb9d030000 - 0x00007ffb9d060000 	C:\WINDOWS\System32\IMM32.DLL
0x00007ffb76970000 - 0x00007ffb76a0d000 	D:\Android Studio\jre\bin\msvcp140.dll
0x00007ffb166c0000 - 0x00007ffb1718f000 	D:\Android Studio\jre\bin\server\jvm.dll
0x00007ffb9d540000 - 0x00007ffb9d5ec000 	C:\WINDOWS\System32\ADVAPI32.dll
0x00007ffb9cee0000 - 0x00007ffb9cf7b000 	C:\WINDOWS\System32\sechost.dll
0x00007ffb9da00000 - 0x00007ffb9db2a000 	C:\WINDOWS\System32\RPCRT4.dll
0x00007ffb9d5f0000 - 0x00007ffb9d5f8000 	C:\WINDOWS\System32\PSAPI.DLL
0x00007ffb8afa0000 - 0x00007ffb8afc7000 	C:\WINDOWS\SYSTEM32\WINMM.dll
0x00007ffb951c0000 - 0x00007ffb951ca000 	C:\WINDOWS\SYSTEM32\VERSION.dll
0x00007ffb753d0000 - 0x00007ffb753d9000 	C:\WINDOWS\SYSTEM32\WSOCK32.dll
0x00007ffb9d7b0000 - 0x00007ffb9d81b000 	C:\WINDOWS\System32\WS2_32.dll
0x00007ffb99990000 - 0x00007ffb999a2000 	C:\WINDOWS\SYSTEM32\kernel.appcore.dll
0x00007ffb76ab0000 - 0x00007ffb76ac1000 	D:\Android Studio\jre\bin\verify.dll
0x00007ffb991e0000 - 0x00007ffb993c4000 	C:\WINDOWS\SYSTEM32\DBGHELP.DLL
0x00007ffb85eb0000 - 0x00007ffb85edc000 	C:\WINDOWS\SYSTEM32\dbgcore.DLL
0x00007ffb9bd70000 - 0x00007ffb9bdf3000 	C:\WINDOWS\System32\bcryptPrimitives.dll
0x00007ffb5d870000 - 0x00007ffb5d899000 	D:\Android Studio\jre\bin\java.dll
0x00007ffb97540000 - 0x00007ffb9754b000 	D:\Android Studio\jre\bin\jimage.dll
0x00007ffb753e0000 - 0x00007ffb753f8000 	D:\Android Studio\jre\bin\zip.dll
0x00007ffb9c680000 - 0x00007ffb9cdbf000 	C:\WINDOWS\System32\SHELL32.dll
0x00007ffb99c70000 - 0x00007ffb9a400000 	C:\WINDOWS\SYSTEM32\windows.storage.dll
0x00007ffb9dd90000 - 0x00007ffb9e0e5000 	C:\WINDOWS\System32\combase.dll
0x00007ffb9b600000 - 0x00007ffb9b62c000 	C:\WINDOWS\SYSTEM32\Wldp.dll
0x00007ffb9db30000 - 0x00007ffb9dbde000 	C:\WINDOWS\System32\SHCORE.dll
0x00007ffb9c4d0000 - 0x00007ffb9c525000 	C:\WINDOWS\System32\shlwapi.dll
0x00007ffb9bae0000 - 0x00007ffb9baff000 	C:\WINDOWS\SYSTEM32\profapi.dll
0x00007ffb5d850000 - 0x00007ffb5d86a000 	D:\Android Studio\jre\bin\net.dll
0x00007ffb8ffd0000 - 0x00007ffb900d8000 	C:\WINDOWS\SYSTEM32\WINHTTP.dll
0x00007ffb9b310000 - 0x00007ffb9b37a000 	C:\WINDOWS\system32\mswsock.dll
0x00007ffb5d600000 - 0x00007ffb5d614000 	D:\Android Studio\jre\bin\nio.dll
0x00007ffb96ca0000 - 0x00007ffb96cc7000 	C:\Users\vadim\.gradle\native\8bec1ad78214c89d9ad589b4d07fe93259594b29d510b10fafb7a158f7737e5d\windows-amd64\native-platform.dll
0x00007ffb5f1c0000 - 0x00007ffb5f2fd000 	C:\Users\vadim\.gradle\native\53dbd7edfb1c66fb8903c78663c9afc45aea4f116125fa6feffd364cf09443e8\windows-amd64\native-platform-file-events.dll
0x00007ffb974f0000 - 0x00007ffb974fa000 	D:\Android Studio\jre\bin\management.dll
0x00007ffb974d0000 - 0x00007ffb974dc000 	D:\Android Studio\jre\bin\management_ext.dll
0x00007ffb9b540000 - 0x00007ffb9b558000 	C:\WINDOWS\SYSTEM32\CRYPTSP.dll
0x00007ffb9ac30000 - 0x00007ffb9ac64000 	C:\WINDOWS\system32\rsaenh.dll
0x00007ffb9bfc0000 - 0x00007ffb9bfe7000 	C:\WINDOWS\System32\bcrypt.dll
0x00007ffb9ba60000 - 0x00007ffb9ba8e000 	C:\WINDOWS\SYSTEM32\USERENV.dll
0x00007ffb9b530000 - 0x00007ffb9b53c000 	C:\WINDOWS\SYSTEM32\CRYPTBASE.dll
0x00007ffb9afd0000 - 0x00007ffb9b00b000 	C:\WINDOWS\SYSTEM32\IPHLPAPI.DLL
0x00007ffb9e0f0000 - 0x00007ffb9e0f8000 	C:\WINDOWS\System32\NSI.dll
0x00007ffb93c50000 - 0x00007ffb93c67000 	C:\WINDOWS\SYSTEM32\dhcpcsvc6.DLL
0x00007ffb93ba0000 - 0x00007ffb93bbd000 	C:\WINDOWS\SYSTEM32\dhcpcsvc.DLL
0x00007ffb9b010000 - 0x00007ffb9b0dc000 	C:\WINDOWS\SYSTEM32\DNSAPI.dll

dbghelp: loaded successfully - version: 4.0.5 - missing functions: none
symbol engine: initialized successfully - sym options: 0x614 - pdb path: .;D:\Android Studio\jre\bin;C:\WINDOWS\SYSTEM32;C:\WINDOWS\WinSxS\amd64_microsoft.windows.common-controls_6595b64144ccf1df_6.0.19041.1110_none_60b5254171f9507e;D:\Android Studio\jre\bin\server;C:\Users\vadim\.gradle\native\8bec1ad78214c89d9ad589b4d07fe93259594b29d510b10fafb7a158f7737e5d\windows-amd64;C:\Users\vadim\.gradle\native\53dbd7edfb1c66fb8903c78663c9afc45aea4f116125fa6feffd364cf09443e8\windows-amd64

VM Arguments:
jvm_args: --add-opens=java.base/java.util=ALL-UNNAMED --add-opens=java.base/java.lang=ALL-UNNAMED --add-opens=java.base/java.lang.invoke=ALL-UNNAMED --add-opens=java.base/java.util=ALL-UNNAMED --add-opens=java.prefs/java.util.prefs=ALL-UNNAMED --add-opens=java.prefs/java.util.prefs=ALL-UNNAMED --add-opens=java.base/java.nio.charset=ALL-UNNAMED --add-opens=java.base/java.net=ALL-UNNAMED --add-opens=java.base/java.util.concurrent.atomic=ALL-UNNAMED -Xmx2048m -Dfile.encoding=UTF-8 -Duser.country=RU -Duser.language=ru -Duser.variant 
java_command: org.gradle.launcher.daemon.bootstrap.GradleDaemon 7.0.2
java_class_path (initial): C:\Users\vadim\.gradle\wrapper\dists\gradle-7.0.2-bin\857tjihv64xamwrf0h14cai3r\gradle-7.0.2\lib\gradle-launcher-7.0.2.jar
Launcher Type: SUN_STANDARD

[Global flags]
     intx CICompilerCount                          = 4                                         {product} {ergonomic}
     uint ConcGCThreads                            = 2                                         {product} {ergonomic}
     uint G1ConcRefinementThreads                  = 8                                         {product} {ergonomic}
   size_t G1HeapRegionSize                         = 1048576                                   {product} {ergonomic}
    uintx GCDrainStackTargetSize                   = 64                                        {product} {ergonomic}
   size_t InitialHeapSize                          = 132120576                                 {product} {ergonomic}
   size_t MarkStackSize                            = 4194304                                   {product} {ergonomic}
   size_t MaxHeapSize                              = 2147483648                                {product} {command line}
   size_t MaxNewSize                               = 1287651328                                {product} {ergonomic}
   size_t MinHeapDeltaBytes                        = 1048576                                   {product} {ergonomic}
    uintx NonNMethodCodeHeapSize                   = 5836300                                {pd product} {ergonomic}
    uintx NonProfiledCodeHeapSize                  = 122910970                              {pd product} {ergonomic}
    uintx ProfiledCodeHeapSize                     = 122910970                              {pd product} {ergonomic}
    uintx ReservedCodeCacheSize                    = 251658240                              {pd product} {ergonomic}
     bool SegmentedCodeCache                       = true                                      {product} {ergonomic}
     bool UseCompressedClassPointers               = true                                 {lp64_product} {ergonomic}
     bool UseCompressedOops                        = true                                 {lp64_product} {ergonomic}
     bool UseG1GC                                  = true                                      {product} {ergonomic}
     bool UseLargePagesIndividualAllocation        = false                                  {pd product} {ergonomic}

Logging:
Log output configuration:
 #0: stdout all=warning uptime,level,tags
 #1: stderr all=off uptime,level,tags

Environment Variables:
PATH=C:\Program Files (x86)\Common Files\Oracle\Java\javapath;C:\Program Files\Common Files\Oracle\Java\javapath;C:\Program Files (x86)\NVIDIA Corporation\PhysX\Common;C:\WINDOWS\system32;C:\WINDOWS;C:\WINDOWS\System32\Wbem;C:\WINDOWS\System32\WindowsPowerShell\v1.0\;C:\WINDOWS\System32\OpenSSH\;C:\Program Files\Git\cmd;C:\xampp\php;C:\ProgramData\ComposerSetup\bin;C:\Program Files\Docker\Docker\resources\bin;C:\ProgramData\DockerDesktop\version-bin;C:\Program Files\nodejs\;C:\Program Files\MongoDB\Server\5.0\bin;C:\Users\vadim\AppData\Local\Microsoft\WindowsApps;C:\Users\vadim\AppData\Local\GitHubDesktop\bin;C:\Users\vadim\AppData\Roaming\Composer\vendor\bin;C:\Users\vadim\AppData\Local\Programs\Microsoft VS Code\bin;C:\Users\vadim\AppData\Roaming\npm;C:\mongosh\
USERNAME=vadim
OS=Windows_NT
PROCESSOR_IDENTIFIER=Intel64 Family 6 Model 142 Stepping 12, GenuineIntel



---------------  S Y S T E M  ---------------

OS: Windows 10 , 64 bit Build 19041 (10.0.19041.1151)
OS uptime: 8 days 22:37 hours
Hyper-V role detected

CPU:total 8 (initial active 8) (4 cores per cpu, 2 threads per core) family 6 model 142 stepping 12 microcode 0xde, cmov, cx8, fxsr, mmx, sse, sse2, sse3, ssse3, sse4.1, sse4.2, popcnt, avx, avx2, aes, clmul, erms, 3dnowpref, lzcnt, ht, tsc, tscinvbit, bmi1, bmi2, adx, fma

Memory: 4k page, system-wide physical 8025M (390M free)
TotalPageFile size 20679M (AvailPageFile size 5M)
current process WorkingSet (physical memory assigned to process): 229M, peak: 233M
current process commit charge ("private bytes"): 313M, peak: 317M

vm_info: OpenJDK 64-Bit Server VM (11.0.10+0-b96-7249189) for windows-amd64 JRE (11.0.10+0-b96-7249189), built on Mar 31 2021 21:44:00 by "builder" with MS VC++ 14.0 (VS2015)

END.
