#
# There is insufficient memory for the Java Runtime Environment to continue.
# Native memory allocation (mmap) failed to map 341835776 bytes for Failed to commit area from 0x0000000094600000 to 0x00000000a8c00000 of length 341835776.
# Possible reasons:
#   The system is out of physical RAM or swap space
#   The process is running with CompressedOops enabled, and the Java Heap may be blocking the growth of the native heap
# Possible solutions:
#   Reduce memory load on the system
#   Increase physical memory or swap space
#   Check if swap backing store is full
#   Decrease Java heap size (-Xmx/-Xms)
#   Decrease number of Java threads
#   Decrease Java thread stack sizes (-Xss)
#   Set larger code cache with -XX:ReservedCodeCacheSize=
#   JVM is running with Unscaled Compressed Oops mode in which the Java heap is
#     placed in the first 4GB address space. The Java Heap base address is the
#     maximum limit for the native heap growth. Please use -XX:HeapBaseMinAddress
#     to set the Java Heap base and to place the Java Heap above 4GB virtual address.
# This output file may be truncated or incomplete.
#
#  Out of Memory Error (./src/hotspot/os/windows/os_windows.cpp:3301), pid=3816, tid=19432
#
# JRE version: OpenJDK Runtime Environment (11.0.10) (build 11.0.10+0-b96-7249189)
# Java VM: OpenJDK 64-Bit Server VM (11.0.10+0-b96-7249189, mixed mode, tiered, compressed oops, g1 gc, windows-amd64)
# No core dump will be written. Minidumps are not enabled by default on client versions of Windows
#

---------------  S U M M A R Y ------------

Command Line: --add-opens=java.base/java.util=ALL-UNNAMED --add-opens=java.base/java.lang=ALL-UNNAMED --add-opens=java.base/java.lang.invoke=ALL-UNNAMED --add-opens=java.base/java.util=ALL-UNNAMED --add-opens=java.prefs/java.util.prefs=ALL-UNNAMED --add-opens=java.prefs/java.util.prefs=ALL-UNNAMED --add-opens=java.base/java.nio.charset=ALL-UNNAMED --add-opens=java.base/java.net=ALL-UNNAMED --add-opens=java.base/java.util.concurrent.atomic=ALL-UNNAMED -Xmx2048m -Dfile.encoding=UTF-8 -Duser.country=RU -Duser.language=ru -Duser.variant org.gradle.launcher.daemon.bootstrap.GradleDaemon 7.0.2

Host: Intel(R) Core(TM) i5-10210U CPU @ 1.60GHz, 8 cores, 7G,  Windows 10 , 64 bit Build 19041 (10.0.19041.1151)
Time: Tue Dec 21 23:20:29 2021 Центральноевропейский (зима) elapsed time: 9239.929664 seconds (0d 2h 33m 59s)

---------------  T H R E A D  ---------------

Current thread (0x0000026a3ebd2800):  VMThread "VM Thread" [stack: 0x0000009acfa00000,0x0000009acfb00000] [id=19432]

Stack: [0x0000009acfa00000,0x0000009acfb00000]
[error occurred during error reporting (printing stack bounds), id 0xc0000005, EXCEPTION_ACCESS_VIOLATION (0xc0000005) at pc=0x0000026a27a90f2d]

Native frames: (J=compiled Java code, j=interpreted, Vv=VM code, C=native code)
V  [jvm.dll+0x5ecfaa]
V  [jvm.dll+0x722bd5]
V  [jvm.dll+0x72412d]
V  [jvm.dll+0x724745]
V  [jvm.dll+0x7246fb]
V  [jvm.dll+0x5ec348]
V  [jvm.dll+0x5ecad8]
C  [ntdll.dll+0xa217f]
C  [ntdll.dll+0x51454]
C  [ntdll.dll+0xa0cae]
C  0x0000026a27a90f2d

VM_Operation (0x0000009ad49fcfb0): G1CollectForAllocation, mode: safepoint, requested by thread 0x0000026a4175b000


---------------  P R O C E S S  ---------------

Threads class SMR info:
_java_thread_list=0x0000026a48a1d440, length=90, elements={
0x0000026a22777800, 0x0000026a3ebd4800, 0x0000026a3ebdf000, 0x0000026a3ebf2800,
0x0000026a3ebf4800, 0x0000026a3ebf5800, 0x0000026a3ebf8800, 0x0000026a3ebfd000,
0x0000026a3ec06000, 0x0000026a3f6fb000, 0x0000026a41895000, 0x0000026a40f19800,
0x0000026a41abb800, 0x0000026a419ba800, 0x0000026a419c0000, 0x0000026a419c1000,
0x0000026a419bd800, 0x0000026a419bc000, 0x0000026a41753000, 0x0000026a41758800,
0x0000026a41759800, 0x0000026a4175a800, 0x0000026a41756800, 0x0000026a41761000,
0x0000026a45104800, 0x0000026a45106800, 0x0000026a45107000, 0x0000026a45109800,
0x0000026a45108000, 0x0000026a4510f800, 0x0000026a45112000, 0x0000026a45112800,
0x0000026a48291000, 0x0000026a48293800, 0x0000026a4829b000, 0x0000026a4829d800,
0x0000026a45104000, 0x0000026a4510b000, 0x0000026a4510c000, 0x0000026a4510d800,
0x0000026a4175d800, 0x0000026a4a4b5800, 0x0000026a4a4c2000, 0x0000026a4510e800,
0x0000026a4510d000, 0x0000026a4510a800, 0x0000026a45109000, 0x0000026a45110000,
0x0000026a45111000, 0x0000026a4a4b7800, 0x0000026a4a4b5000, 0x0000026a4a4b9000,
0x0000026a4a4b8000, 0x0000026a4a4b6800, 0x0000026a4a4b3000, 0x0000026a4a4b9800,
0x0000026a4a4b4000, 0x0000026a4a4be000, 0x0000026a4a4c0800, 0x0000026a4a4bf800,
0x0000026a4a4ba800, 0x0000026a4a4c1000, 0x0000026a4a4bb800, 0x0000026a4a4bc000,
0x0000026a48295000, 0x0000026a48294800, 0x0000026a48292000, 0x0000026a48296000,
0x0000026a48290000, 0x0000026a48292800, 0x0000026a4829b800, 0x0000026a48297800,
0x0000026a4829c800, 0x0000026a48297000, 0x0000026a4829e000, 0x0000026a48298800,
0x0000026a4829f000, 0x0000026a48299000, 0x0000026a4175b000, 0x0000026a41755800,
0x0000026a41758000, 0x0000026a4175c000, 0x0000026a4175d000, 0x0000026a41757000,
0x0000026a41760000, 0x0000026a4175e800, 0x0000026a41761800, 0x0000026a419be800,
0x0000026a419bf000, 0x0000026a419bb000
}

Java Threads: ( => current thread )
  0x0000026a22777800 JavaThread "main" [_thread_blocked, id=8024, stack(0x0000009acf400000,0x0000009acf500000)]
  0x0000026a3ebd4800 JavaThread "Reference Handler" daemon [_thread_blocked, id=1468, stack(0x0000009acfb00000,0x0000009acfc00000)]
  0x0000026a3ebdf000 JavaThread "Finalizer" daemon [_thread_blocked, id=7548, stack(0x0000009acfc00000,0x0000009acfd00000)]
  0x0000026a3ebf2800 JavaThread "Signal Dispatcher" daemon [_thread_blocked, id=1376, stack(0x0000009acfd00000,0x0000009acfe00000)]
  0x0000026a3ebf4800 JavaThread "Attach Listener" daemon [_thread_blocked, id=5248, stack(0x0000009acfe00000,0x0000009acff00000)]
  0x0000026a3ebf5800 JavaThread "Service Thread" daemon [_thread_blocked, id=4548, stack(0x0000009acff00000,0x0000009ad0000000)]
  0x0000026a3ebf8800 JavaThread "C2 CompilerThread0" daemon [_thread_blocked, id=8416, stack(0x0000009ad0000000,0x0000009ad0100000)]
  0x0000026a3ebfd000 JavaThread "C1 CompilerThread0" daemon [_thread_blocked, id=18736, stack(0x0000009ad0100000,0x0000009ad0200000)]
  0x0000026a3ec06000 JavaThread "Sweeper thread" daemon [_thread_blocked, id=18168, stack(0x0000009ad0200000,0x0000009ad0300000)]
  0x0000026a3f6fb000 JavaThread "Common-Cleaner" daemon [_thread_blocked, id=14984, stack(0x0000009ad0300000,0x0000009ad0400000)]
  0x0000026a41895000 JavaThread "Daemon health stats" [_thread_blocked, id=2532, stack(0x0000009ad0700000,0x0000009ad0800000)]
  0x0000026a40f19800 JavaThread "Incoming local TCP Connector on port 59842" [_thread_in_native, id=11328, stack(0x0000009ad0800000,0x0000009ad0900000)]
  0x0000026a41abb800 JavaThread "Daemon periodic checks" [_thread_blocked, id=15500, stack(0x0000009ad0900000,0x0000009ad0a00000)]
  0x0000026a419ba800 JavaThread "Cache worker for file hash cache (C:\Users\vadim\.gradle\caches\7.0.2\fileHashes)" [_thread_blocked, id=1440, stack(0x0000009ad1600000,0x0000009ad1700000)]
  0x0000026a419c0000 JavaThread "File lock request listener" [_thread_in_native, id=3804, stack(0x0000009ad1700000,0x0000009ad1800000)]
  0x0000026a419c1000 JavaThread "Cache worker for journal cache (C:\Users\vadim\.gradle\caches\journal-1)" [_thread_blocked, id=12388, stack(0x0000009ad1900000,0x0000009ad1a00000)]
  0x0000026a419bd800 JavaThread "File watcher server" daemon [_thread_blocked, id=7592, stack(0x0000009ad1b00000,0x0000009ad1c00000)]
  0x0000026a419bc000 JavaThread "File watcher consumer" daemon [_thread_blocked, id=5640, stack(0x0000009ad1c00000,0x0000009ad1d00000)]
  0x0000026a41753000 JavaThread "Cache worker for execution history cache (C:\Users\vadim\.gradle\caches\7.0.2\executionHistory)" [_thread_blocked, id=4972, stack(0x0000009ad2000000,0x0000009ad2100000)]
  0x0000026a41758800 JavaThread "jar transforms" [_thread_blocked, id=2980, stack(0x0000009ad2100000,0x0000009ad2200000)]
  0x0000026a41759800 JavaThread "jar transforms Thread 2" [_thread_blocked, id=3940, stack(0x0000009ad2200000,0x0000009ad2300000)]
  0x0000026a4175a800 JavaThread "Cache worker for file content cache (C:\Users\vadim\.gradle\caches\7.0.2\fileContent)" [_thread_blocked, id=17044, stack(0x0000009ad2300000,0x0000009ad2400000)]
  0x0000026a41756800 JavaThread "jar transforms Thread 3" [_thread_blocked, id=7448, stack(0x0000009ad2500000,0x0000009ad2600000)]
  0x0000026a41761000 JavaThread "jar transforms Thread 4" [_thread_blocked, id=3948, stack(0x0000009ad2f00000,0x0000009ad3000000)]
  0x0000026a45104800 JavaThread "jar transforms Thread 5" [_thread_blocked, id=20976, stack(0x0000009ad3000000,0x0000009ad3100000)]
  0x0000026a45106800 JavaThread "jar transforms Thread 6" [_thread_blocked, id=14056, stack(0x0000009ad3100000,0x0000009ad3200000)]
  0x0000026a45107000 JavaThread "jar transforms Thread 7" [_thread_blocked, id=15052, stack(0x0000009ad3200000,0x0000009ad3300000)]
  0x0000026a45109800 JavaThread "jar transforms Thread 8" [_thread_blocked, id=18404, stack(0x0000009ad3300000,0x0000009ad3400000)]
  0x0000026a45108000 JavaThread "Memory manager" [_thread_blocked, id=3608, stack(0x0000009ad3400000,0x0000009ad3500000)]
  0x0000026a4510f800 JavaThread "RMI Scheduler(0)" daemon [_thread_blocked, id=1388, stack(0x0000009ad3e00000,0x0000009ad3f00000)]
  0x0000026a45112000 JavaThread "RMI GC Daemon" daemon [_thread_blocked, id=10764, stack(0x0000009ad4000000,0x0000009ad4100000)]
  0x0000026a45112800 JavaThread "RMI TCP Accept-0" daemon [_thread_in_native, id=2804, stack(0x0000009ad4100000,0x0000009ad4200000)]
  0x0000026a48291000 JavaThread "RMI Reaper" [_thread_blocked, id=9920, stack(0x0000009ad4200000,0x0000009ad4300000)]
  0x0000026a48293800 JavaThread "Cache worker for Java compile cache (C:\Users\vadim\.gradle\caches\7.0.2\javaCompile)" [_thread_blocked, id=16028, stack(0x0000009ad4400000,0x0000009ad4500000)]
  0x0000026a4829b000 JavaThread "ForkJoinPool.commonPool-worker-1" daemon [_thread_blocked, id=18936, stack(0x0000009ad4c00000,0x0000009ad4d00000)]
  0x0000026a4829d800 JavaThread "ForkJoinPool.commonPool-worker-5" daemon [_thread_blocked, id=5816, stack(0x0000009ad4e00000,0x0000009ad4f00000)]
  0x0000026a45104000 JavaThread "ForkJoinPool.commonPool-worker-9" daemon [_thread_blocked, id=18240, stack(0x0000009ad5000000,0x0000009ad5100000)]
  0x0000026a4510b000 JavaThread "ForkJoinPool.commonPool-worker-13" daemon [_thread_blocked, id=22460, stack(0x0000009ad5100000,0x0000009ad5200000)]
  0x0000026a4510c000 JavaThread "Daemon Thread 30" [_thread_blocked, id=13228, stack(0x0000009acf100000,0x0000009acf200000)]
  0x0000026a4510d800 JavaThread "Daemon worker Thread 30" [_thread_blocked, id=5088, stack(0x0000009ad0a00000,0x0000009ad0b00000)]
  0x0000026a4175d800 JavaThread "ForkJoinPool.commonPool-worker-15" daemon [_thread_blocked, id=2328, stack(0x0000009ad5200000,0x0000009ad5300000)]
  0x0000026a4a4b5800 JavaThread "RMI TCP Connection(idle)" daemon [_thread_blocked, id=20132, stack(0x0000009ad2c00000,0x0000009ad2d00000)]
  0x0000026a4a4c2000 JavaThread "RMI TCP Connection(idle)" daemon [_thread_blocked, id=17176, stack(0x0000009ad3d00000,0x0000009ad3e00000)]
  0x0000026a4510e800 JavaThread "ForkJoinPool.commonPool-worker-7" daemon [_thread_blocked, id=16644, stack(0x0000009ad3c00000,0x0000009ad3d00000)]
  0x0000026a4510d000 JavaThread "Handler for socket connection from /127.0.0.1:59842 to /127.0.0.1:61176" [_thread_in_native, id=13756, stack(0x0000009acf200000,0x0000009acf300000)]
  0x0000026a4510a800 JavaThread "Cancel handler" [_thread_blocked, id=14692, stack(0x0000009acf300000,0x0000009acf400000)]
  0x0000026a45109000 JavaThread "Asynchronous log dispatcher for DefaultDaemonConnection: socket connection from /127.0.0.1:59842 to /127.0.0.1:61176" [_thread_blocked, id=5552, stack(0x0000009ad0b00000,0x0000009ad0c00000)]
  0x0000026a45110000 JavaThread "Stdin handler" [_thread_blocked, id=21872, stack(0x0000009ad0c00000,0x0000009ad0d00000)]
  0x0000026a45111000 JavaThread "Daemon client event forwarder" [_thread_blocked, id=17212, stack(0x0000009ad0d00000,0x0000009ad0e00000)]
  0x0000026a4a4b7800 JavaThread "Cache worker for file hash cache (C:\Users\vadim\AndroidStudioProjects\ToDoRooms\.gradle\7.0.2\fileHashes)" [_thread_blocked, id=20084, stack(0x0000009ad0e00000,0x0000009ad0f00000)]
  0x0000026a4a4b5000 JavaThread "Cache worker for checksums cache (C:\Users\vadim\AndroidStudioProjects\ToDoRooms\.gradle\checksums)" [_thread_blocked, id=14372, stack(0x0000009ad0f00000,0x0000009ad1000000)]
  0x0000026a4a4b9000 JavaThread "Cache worker for cache directory md-supplier (C:\Users\vadim\.gradle\caches\7.0.2\md-supplier)" [_thread_blocked, id=10564, stack(0x0000009ad1000000,0x0000009ad1100000)]
  0x0000026a4a4b8000 JavaThread "Cache worker for cache directory md-rule (C:\Users\vadim\.gradle\caches\7.0.2\md-rule)" [_thread_blocked, id=20432, stack(0x0000009ad1a00000,0x0000009ad1b00000)]
  0x0000026a4a4b6800 JavaThread "Cache worker for dependencies-accessors (C:\Users\vadim\AndroidStudioProjects\ToDoRooms\.gradle\7.0.2\dependencies-accessors)" [_thread_blocked, id=12668, stack(0x0000009ad1d00000,0x0000009ad1e00000)]
  0x0000026a4a4b3000 JavaThread "Cache worker for Build Output Cleanup Cache (C:\Users\vadim\AndroidStudioProjects\ToDoRooms\.gradle\buildOutputCleanup)" [_thread_blocked, id=9416, stack(0x0000009ad1e00000,0x0000009ad1f00000)]
  0x0000026a4a4b9800 JavaThread "Build operations" [_thread_blocked, id=8048, stack(0x0000009ad1f00000,0x0000009ad2000000)]
  0x0000026a4a4b4000 JavaThread "Build operations Thread 2" [_thread_blocked, id=21056, stack(0x0000009ad2400000,0x0000009ad2500000)]
  0x0000026a4a4be000 JavaThread "Build operations Thread 3" [_thread_blocked, id=20292, stack(0x0000009ad2600000,0x0000009ad2700000)]
  0x0000026a4a4c0800 JavaThread "Build operations Thread 4" [_thread_blocked, id=9316, stack(0x0000009ad2700000,0x0000009ad2800000)]
  0x0000026a4a4bf800 JavaThread "Build operations Thread 5" [_thread_blocked, id=13516, stack(0x0000009ad2800000,0x0000009ad2900000)]
  0x0000026a4a4ba800 JavaThread "Build operations Thread 6" [_thread_blocked, id=512, stack(0x0000009ad2900000,0x0000009ad2a00000)]
  0x0000026a4a4c1000 JavaThread "Build operations Thread 7" [_thread_blocked, id=1492, stack(0x0000009ad2a00000,0x0000009ad2b00000)]
  0x0000026a4a4bb800 JavaThread "Build operations Thread 8" [_thread_blocked, id=32, stack(0x0000009ad2b00000,0x0000009ad2c00000)]
  0x0000026a4a4bc000 JavaThread "build event listener" [_thread_blocked, id=8524, stack(0x0000009ad2d00000,0x0000009ad2e00000)]
  0x0000026a48295000 JavaThread "Execution worker for ':'" [_thread_blocked, id=3712, stack(0x0000009ad2e00000,0x0000009ad2f00000)]
  0x0000026a48294800 JavaThread "Execution worker for ':' Thread 2" [_thread_blocked, id=13048, stack(0x0000009ad3500000,0x0000009ad3600000)]
  0x0000026a48292000 JavaThread "Execution worker for ':' Thread 3" [_thread_blocked, id=15136, stack(0x0000009ad3600000,0x0000009ad3700000)]
  0x0000026a48296000 JavaThread "Execution worker for ':' Thread 4" [_thread_blocked, id=4036, stack(0x0000009ad3700000,0x0000009ad3800000)]
  0x0000026a48290000 JavaThread "Execution worker for ':' Thread 5" [_thread_blocked, id=20332, stack(0x0000009ad3800000,0x0000009ad3900000)]
  0x0000026a48292800 JavaThread "Execution worker for ':' Thread 6" [_thread_blocked, id=16708, stack(0x0000009ad3900000,0x0000009ad3a00000)]
  0x0000026a4829b800 JavaThread "Execution worker for ':' Thread 7" [_thread_blocked, id=5804, stack(0x0000009ad3a00000,0x0000009ad3b00000)]
  0x0000026a48297800 JavaThread "Cache worker for execution history cache (C:\Users\vadim\AndroidStudioProjects\ToDoRooms\.gradle\7.0.2\executionHistory)" [_thread_blocked, id=20256, stack(0x0000009ad3b00000,0x0000009ad3c00000)]
  0x0000026a4829c800 JavaThread "C2 CompilerThread1" daemon [_thread_blocked, id=19444, stack(0x0000009ad3f00000,0x0000009ad4000000)]
  0x0000026a48297000 JavaThread "WorkerExecutor Queue" [_thread_blocked, id=10472, stack(0x0000009ad4300000,0x0000009ad4400000)]
  0x0000026a4829e000 JavaThread "WorkerExecutor Queue Thread 2" [_thread_blocked, id=12648, stack(0x0000009ad4500000,0x0000009ad4600000)]
  0x0000026a48298800 JavaThread "WorkerExecutor Queue Thread 3" [_thread_blocked, id=21496, stack(0x0000009ad4600000,0x0000009ad4700000)]
  0x0000026a4829f000 JavaThread "WorkerExecutor Queue Thread 4" [_thread_blocked, id=9048, stack(0x0000009ad4700000,0x0000009ad4800000)]
  0x0000026a48299000 JavaThread "WorkerExecutor Queue Thread 5" [_thread_blocked, id=17480, stack(0x0000009ad4800000,0x0000009ad4900000)]
  0x0000026a4175b000 JavaThread "WorkerExecutor Queue Thread 6" [_thread_blocked, id=21732, stack(0x0000009ad4900000,0x0000009ad4a00000)]
  0x0000026a41755800 JavaThread "WorkerExecutor Queue Thread 7" [_thread_blocked, id=10200, stack(0x0000009ad4a00000,0x0000009ad4b00000)]
  0x0000026a41758000 JavaThread "WorkerExecutor Queue Thread 8" [_thread_blocked, id=12316, stack(0x0000009ad4b00000,0x0000009ad4c00000)]
  0x0000026a4175c000 JavaThread "WorkerExecutor Queue Thread 9" [_thread_blocked, id=14980, stack(0x0000009ad4d00000,0x0000009ad4e00000)]
  0x0000026a4175d000 JavaThread "ForkJoinPool-1-worker-3" daemon [_thread_blocked, id=8172, stack(0x0000009ad4f00000,0x0000009ad5000000)]
  0x0000026a41757000 JavaThread "ForkJoinPool-1-worker-5" daemon [_thread_blocked, id=16584, stack(0x0000009ad5300000,0x0000009ad5400000)]
  0x0000026a41760000 JavaThread "ForkJoinPool-1-worker-7" daemon [_thread_blocked, id=7996, stack(0x0000009ad5400000,0x0000009ad5500000)]
  0x0000026a4175e800 JavaThread "ForkJoinPool-1-worker-9" daemon [_thread_blocked, id=9832, stack(0x0000009ad5500000,0x0000009ad5600000)]
  0x0000026a41761800 JavaThread "ForkJoinPool-1-worker-11" daemon [_thread_blocked, id=20248, stack(0x0000009ad5600000,0x0000009ad5700000)]
  0x0000026a419be800 JavaThread "ForkJoinPool-1-worker-13" daemon [_thread_blocked, id=6816, stack(0x0000009ad5700000,0x0000009ad5800000)]
  0x0000026a419bf000 JavaThread "ForkJoinPool-1-worker-15" daemon [_thread_blocked, id=1220, stack(0x0000009ad5800000,0x0000009ad5900000)]
  0x0000026a419bb000 JavaThread "ForkJoinPool-1-worker-1" daemon [_thread_blocked, id=11372, stack(0x0000009ad5900000,0x0000009ad5a00000)]

Other Threads:
=>0x0000026a3ebd2800 VMThread "VM Thread" [stack: 0x0000009acfa00000,0x0000009acfb00000] [id=19432]
  0x0000026a3f73a800 WatcherThread [stack: 0x0000009ad0400000,0x0000009ad0500000] [id=20224]
  0x0000026a2278f000 GCTaskThread "GC Thread#0" [stack: 0x0000009acf500000,0x0000009acf600000] [id=13792]
  0x0000026a4027f800 GCTaskThread "GC Thread#1" [stack: 0x0000009ad0500000,0x0000009ad0600000] [id=13248]
  0x0000026a401d0000 GCTaskThread "GC Thread#2" [stack: 0x0000009ad0600000,0x0000009ad0700000] [id=12416]
  0x0000026a410a3000 GCTaskThread "GC Thread#3" [stack: 0x0000009ad1100000,0x0000009ad1200000] [id=3496]
  0x0000026a410a4000 GCTaskThread "GC Thread#4" [stack: 0x0000009ad1200000,0x0000009ad1300000] [id=5776]
  0x0000026a419dc800 GCTaskThread "GC Thread#5" [stack: 0x0000009ad1300000,0x0000009ad1400000] [id=4504]
  0x0000026a419da000 GCTaskThread "GC Thread#6" [stack: 0x0000009ad1400000,0x0000009ad1500000] [id=18520]
  0x0000026a419da800 GCTaskThread "GC Thread#7" [stack: 0x0000009ad1500000,0x0000009ad1600000] [id=9716]
  0x0000026a227c5000 ConcurrentGCThread "G1 Main Marker" [stack: 0x0000009acf600000,0x0000009acf700000] [id=21984]
  0x0000026a227c6800 ConcurrentGCThread "G1 Conc#0" [stack: 0x0000009acf700000,0x0000009acf800000] [id=16444]
  0x0000026a41080800 ConcurrentGCThread "G1 Conc#1" [stack: 0x0000009ad1800000,0x0000009ad1900000] [id=3420]
  0x0000026a3ea20800 ConcurrentGCThread "G1 Refine#0" [stack: 0x0000009acf800000,0x0000009acf900000] [id=21120]
  0x0000026a3ea21800 ConcurrentGCThread "G1 Young RemSet Sampling" [stack: 0x0000009acf900000,0x0000009acfa00000] [id=17232]

Threads with active compile tasks:
C2 CompilerThread09239961 33725 %     4       com.android.tools.r8.ir.regalloc.a::a @ 63 (3985 bytes)
C2 CompilerThread19239961 33718       4       com.android.tools.r8.internal.l2::remove (246 bytes)

VM state:at safepoint (normal execution)

VM Mutex/Monitor currently owned by a thread:  ([mutex/lock_event])
[0x0000026a22775680] Threads_lock - owner thread: 0x0000026a3ebd2800
[0x0000026a22775950] Heap_lock - owner thread: 0x0000026a4175b000

Heap address: 0x0000000080000000, size: 2048 MB, Compressed Oops mode: 32-bit
Narrow klass base: 0x0000000000000000, Narrow klass shift: 3
Compressed class space size: 1073741824 Address: 0x0000000100000000

Heap:
 garbage-first heap   total 667648K, used 162807K [0x0000000080000000, 0x0000000100000000)
  region size 1024K, 13 young (13312K), 13 survivors (13312K)
 Metaspace       used 122977K, capacity 127962K, committed 128204K, reserved 1161216K
  class space    used 15285K, capacity 17018K, committed 17100K, reserved 1048576K
Heap Regions: E=young(eden), S=young(survivor), O=old, HS=humongous(starts), HC=humongous(continues), CS=collection set, F=free, A=archive, TAMS=top-at-mark-start (previous, next)
|   0|0x0000000080000000, 0x0000000080100000, 0x0000000080100000|100%| O|  |TAMS 0x0000000080100000, 0x0000000080100000| Untracked 
|   1|0x0000000080100000, 0x0000000080200000, 0x0000000080200000|100%| O|  |TAMS 0x0000000080200000, 0x0000000080200000| Untracked 
|   2|0x0000000080200000, 0x0000000080300000, 0x0000000080300000|100%| O|  |TAMS 0x0000000080300000, 0x0000000080300000| Untracked 
|   3|0x0000000080300000, 0x0000000080400000, 0x0000000080400000|100%|HS|  |TAMS 0x0000000080400000, 0x0000000080400000| Complete 
|   4|0x0000000080400000, 0x0000000080500000, 0x0000000080500000|100%|HC|  |TAMS 0x0000000080500000, 0x0000000080500000| Complete 
|   5|0x0000000080500000, 0x0000000080600000, 0x0000000080600000|100%|HC|  |TAMS 0x0000000080600000, 0x0000000080600000| Complete 
|   6|0x0000000080600000, 0x0000000080700000, 0x0000000080700000|100%| O|  |TAMS 0x0000000080700000, 0x0000000080700000| Untracked 
|   7|0x0000000080700000, 0x0000000080800000, 0x0000000080800000|100%| O|  |TAMS 0x0000000080800000, 0x0000000080800000| Untracked 
|   8|0x0000000080800000, 0x0000000080900000, 0x0000000080900000|100%| O|  |TAMS 0x0000000080900000, 0x0000000080900000| Untracked 
|   9|0x0000000080900000, 0x0000000080a00000, 0x0000000080a00000|100%| O|  |TAMS 0x0000000080a00000, 0x0000000080a00000| Untracked 
|  10|0x0000000080a00000, 0x0000000080b00000, 0x0000000080b00000|100%| O|  |TAMS 0x0000000080b00000, 0x0000000080b00000| Untracked 
|  11|0x0000000080b00000, 0x0000000080c00000, 0x0000000080c00000|100%| O|  |TAMS 0x0000000080c00000, 0x0000000080c00000| Untracked 
|  12|0x0000000080c00000, 0x0000000080d00000, 0x0000000080d00000|100%| O|  |TAMS 0x0000000080d00000, 0x0000000080d00000| Untracked 
|  13|0x0000000080d00000, 0x0000000080e00000, 0x0000000080e00000|100%| O|  |TAMS 0x0000000080e00000, 0x0000000080e00000| Untracked 
|  14|0x0000000080e00000, 0x0000000080f00000, 0x0000000080f00000|100%| O|  |TAMS 0x0000000080f00000, 0x0000000080f00000| Untracked 
|  15|0x0000000080f00000, 0x0000000081000000, 0x0000000081000000|100%| O|  |TAMS 0x0000000081000000, 0x0000000081000000| Untracked 
|  16|0x0000000081000000, 0x0000000081100000, 0x0000000081100000|100%|HS|  |TAMS 0x0000000081100000, 0x0000000081100000| Complete 
|  17|0x0000000081100000, 0x0000000081200000, 0x0000000081200000|100%| O|  |TAMS 0x0000000081200000, 0x0000000081200000| Untracked 
|  18|0x0000000081200000, 0x0000000081300000, 0x0000000081300000|100%| O|  |TAMS 0x0000000081300000, 0x0000000081300000| Untracked 
|  19|0x0000000081300000, 0x0000000081400000, 0x0000000081400000|100%| O|  |TAMS 0x0000000081400000, 0x0000000081400000| Untracked 
|  20|0x0000000081400000, 0x0000000081500000, 0x0000000081500000|100%| O|  |TAMS 0x0000000081500000, 0x0000000081500000| Untracked 
|  21|0x0000000081500000, 0x0000000081600000, 0x0000000081600000|100%| O|  |TAMS 0x0000000081600000, 0x0000000081600000| Untracked 
|  22|0x0000000081600000, 0x0000000081700000, 0x0000000081700000|100%| O|  |TAMS 0x0000000081700000, 0x0000000081700000| Untracked 
|  23|0x0000000081700000, 0x0000000081800000, 0x0000000081800000|100%| O|  |TAMS 0x0000000081800000, 0x0000000081800000| Untracked 
|  24|0x0000000081800000, 0x0000000081900000, 0x0000000081900000|100%| O|  |TAMS 0x0000000081900000, 0x0000000081900000| Untracked 
|  25|0x0000000081900000, 0x0000000081a00000, 0x0000000081a00000|100%| O|  |TAMS 0x0000000081a00000, 0x0000000081a00000| Untracked 
|  26|0x0000000081a00000, 0x0000000081b00000, 0x0000000081b00000|100%| O|  |TAMS 0x0000000081b00000, 0x0000000081b00000| Untracked 
|  27|0x0000000081b00000, 0x0000000081c00000, 0x0000000081c00000|100%|HS|  |TAMS 0x0000000081c00000, 0x0000000081c00000| Complete 
|  28|0x0000000081c00000, 0x0000000081d00000, 0x0000000081d00000|100%|HS|  |TAMS 0x0000000081d00000, 0x0000000081d00000| Complete 
|  29|0x0000000081d00000, 0x0000000081e00000, 0x0000000081e00000|100%|HS|  |TAMS 0x0000000081e00000, 0x0000000081e00000| Complete 
|  30|0x0000000081e00000, 0x0000000081f00000, 0x0000000081f00000|100%|HC|  |TAMS 0x0000000081f00000, 0x0000000081f00000| Complete 
|  31|0x0000000081f00000, 0x0000000082000000, 0x0000000082000000|100%|HC|  |TAMS 0x0000000082000000, 0x0000000082000000| Complete 
|  32|0x0000000082000000, 0x0000000082100000, 0x0000000082100000|100%|HS|  |TAMS 0x0000000082100000, 0x0000000082100000| Complete 
|  33|0x0000000082100000, 0x0000000082200000, 0x0000000082200000|100%|HC|  |TAMS 0x0000000082200000, 0x0000000082200000| Complete 
|  34|0x0000000082200000, 0x0000000082300000, 0x0000000082300000|100%| O|  |TAMS 0x0000000082300000, 0x0000000082300000| Untracked 
|  35|0x0000000082300000, 0x0000000082400000, 0x0000000082400000|100%| O|  |TAMS 0x0000000082400000, 0x0000000082400000| Untracked 
|  36|0x0000000082400000, 0x0000000082500000, 0x0000000082500000|100%| O|  |TAMS 0x0000000082500000, 0x0000000082500000| Untracked 
|  37|0x0000000082500000, 0x0000000082600000, 0x0000000082600000|100%| O|  |TAMS 0x0000000082600000, 0x0000000082600000| Untracked 
|  38|0x0000000082600000, 0x0000000082700000, 0x0000000082700000|100%| O|  |TAMS 0x0000000082700000, 0x0000000082700000| Untracked 
|  39|0x0000000082700000, 0x0000000082800000, 0x0000000082800000|100%| O|  |TAMS 0x0000000082800000, 0x0000000082800000| Untracked 
|  40|0x0000000082800000, 0x0000000082900000, 0x0000000082900000|100%| O|  |TAMS 0x0000000082900000, 0x0000000082900000| Untracked 
|  41|0x0000000082900000, 0x0000000082a00000, 0x0000000082a00000|100%| O|  |TAMS 0x0000000082a00000, 0x0000000082a00000| Untracked 
|  42|0x0000000082a00000, 0x0000000082b00000, 0x0000000082b00000|100%| O|  |TAMS 0x0000000082b00000, 0x0000000082b00000| Untracked 
|  43|0x0000000082b00000, 0x0000000082c00000, 0x0000000082c00000|100%| O|  |TAMS 0x0000000082c00000, 0x0000000082c00000| Untracked 
|  44|0x0000000082c00000, 0x0000000082d00000, 0x0000000082d00000|100%| O|  |TAMS 0x0000000082d00000, 0x0000000082d00000| Untracked 
|  45|0x0000000082d00000, 0x0000000082e00000, 0x0000000082e00000|100%|HS|  |TAMS 0x0000000082e00000, 0x0000000082e00000| Complete 
|  46|0x0000000082e00000, 0x0000000082f00000, 0x0000000082f00000|100%| O|  |TAMS 0x0000000082f00000, 0x0000000082f00000| Untracked 
|  47|0x0000000082f00000, 0x0000000083000000, 0x0000000083000000|100%| O|  |TAMS 0x0000000083000000, 0x0000000083000000| Untracked 
|  48|0x0000000083000000, 0x0000000083100000, 0x0000000083100000|100%|HS|  |TAMS 0x0000000083100000, 0x0000000083100000| Complete 
|  49|0x0000000083100000, 0x0000000083200000, 0x0000000083200000|100%| O|  |TAMS 0x0000000083200000, 0x0000000083200000| Untracked 
|  50|0x0000000083200000, 0x0000000083300000, 0x0000000083300000|100%| O|  |TAMS 0x0000000083300000, 0x0000000083300000| Untracked 
|  51|0x0000000083300000, 0x0000000083400000, 0x0000000083400000|100%| O|  |TAMS 0x0000000083400000, 0x0000000083400000| Untracked 
|  52|0x0000000083400000, 0x0000000083500000, 0x0000000083500000|100%| O|  |TAMS 0x0000000083500000, 0x0000000083500000| Untracked 
|  53|0x0000000083500000, 0x0000000083600000, 0x0000000083600000|100%| O|  |TAMS 0x0000000083600000, 0x0000000083600000| Untracked 
|  54|0x0000000083600000, 0x0000000083700000, 0x0000000083700000|100%| O|  |TAMS 0x0000000083700000, 0x0000000083700000| Untracked 
|  55|0x0000000083700000, 0x0000000083800000, 0x0000000083800000|100%| O|  |TAMS 0x0000000083800000, 0x0000000083800000| Untracked 
|  56|0x0000000083800000, 0x0000000083900000, 0x0000000083900000|100%| O|  |TAMS 0x0000000083900000, 0x0000000083900000| Untracked 
|  57|0x0000000083900000, 0x0000000083a00000, 0x0000000083a00000|100%| O|  |TAMS 0x0000000083a00000, 0x0000000083a00000| Untracked 
|  58|0x0000000083a00000, 0x0000000083b00000, 0x0000000083b00000|100%| O|  |TAMS 0x0000000083b00000, 0x0000000083b00000| Untracked 
|  59|0x0000000083b00000, 0x0000000083c00000, 0x0000000083c00000|100%| O|  |TAMS 0x0000000083c00000, 0x0000000083c00000| Untracked 
|  60|0x0000000083c00000, 0x0000000083d00000, 0x0000000083d00000|100%| O|  |TAMS 0x0000000083d00000, 0x0000000083d00000| Untracked 
|  61|0x0000000083d00000, 0x0000000083e00000, 0x0000000083e00000|100%| O|  |TAMS 0x0000000083e00000, 0x0000000083e00000| Untracked 
|  62|0x0000000083e00000, 0x0000000083f00000, 0x0000000083f00000|100%| O|  |TAMS 0x0000000083f00000, 0x0000000083f00000| Untracked 
|  63|0x0000000083f00000, 0x0000000084000000, 0x0000000084000000|100%|HS|  |TAMS 0x0000000084000000, 0x0000000084000000| Complete 
|  64|0x0000000084000000, 0x0000000084100000, 0x0000000084100000|100%| O|  |TAMS 0x0000000084100000, 0x0000000084100000| Untracked 
|  65|0x0000000084100000, 0x0000000084200000, 0x0000000084200000|100%| O|  |TAMS 0x0000000084200000, 0x0000000084200000| Untracked 
|  66|0x0000000084200000, 0x0000000084300000, 0x0000000084300000|100%| O|  |TAMS 0x0000000084300000, 0x0000000084300000| Untracked 
|  67|0x0000000084300000, 0x0000000084400000, 0x0000000084400000|100%| O|  |TAMS 0x0000000084400000, 0x0000000084400000| Untracked 
|  68|0x0000000084400000, 0x0000000084500000, 0x0000000084500000|100%| O|  |TAMS 0x0000000084500000, 0x0000000084500000| Untracked 
|  69|0x0000000084500000, 0x0000000084600000, 0x0000000084600000|100%| O|  |TAMS 0x0000000084600000, 0x0000000084600000| Untracked 
|  70|0x0000000084600000, 0x0000000084700000, 0x0000000084700000|100%| O|  |TAMS 0x0000000084700000, 0x0000000084700000| Untracked 
|  71|0x0000000084700000, 0x0000000084800000, 0x0000000084800000|100%| O|  |TAMS 0x0000000084800000, 0x0000000084800000| Untracked 
|  72|0x0000000084800000, 0x0000000084900000, 0x0000000084900000|100%| O|  |TAMS 0x0000000084900000, 0x0000000084900000| Untracked 
|  73|0x0000000084900000, 0x0000000084a00000, 0x0000000084a00000|100%| O|  |TAMS 0x0000000084a00000, 0x0000000084a00000| Untracked 
|  74|0x0000000084a00000, 0x0000000084b00000, 0x0000000084b00000|100%| O|  |TAMS 0x0000000084b00000, 0x0000000084b00000| Untracked 
|  75|0x0000000084b00000, 0x0000000084c00000, 0x0000000084c00000|100%| O|  |TAMS 0x0000000084c00000, 0x0000000084c00000| Untracked 
|  76|0x0000000084c00000, 0x0000000084d00000, 0x0000000084d00000|100%| O|  |TAMS 0x0000000084d00000, 0x0000000084d00000| Untracked 
|  77|0x0000000084d00000, 0x0000000084e00000, 0x0000000084e00000|100%| O|  |TAMS 0x0000000084e00000, 0x0000000084e00000| Untracked 
|  78|0x0000000084e00000, 0x0000000084f00000, 0x0000000084f00000|100%|HS|  |TAMS 0x0000000084f00000, 0x0000000084f00000| Complete 
|  79|0x0000000084f00000, 0x0000000085000000, 0x0000000085000000|100%| O|  |TAMS 0x0000000085000000, 0x0000000085000000| Untracked 
|  80|0x0000000085000000, 0x0000000085100000, 0x0000000085100000|100%| O|  |TAMS 0x0000000085100000, 0x0000000085100000| Untracked 
|  81|0x0000000085100000, 0x0000000085200000, 0x0000000085200000|100%| O|  |TAMS 0x0000000085200000, 0x0000000085200000| Untracked 
|  82|0x0000000085200000, 0x0000000085300000, 0x0000000085300000|100%| O|  |TAMS 0x0000000085300000, 0x0000000085300000| Untracked 
|  83|0x0000000085300000, 0x0000000085400000, 0x0000000085400000|100%| O|  |TAMS 0x0000000085400000, 0x0000000085400000| Untracked 
|  84|0x0000000085400000, 0x0000000085500000, 0x0000000085500000|100%| O|  |TAMS 0x0000000085500000, 0x0000000085500000| Untracked 
|  85|0x0000000085500000, 0x0000000085600000, 0x0000000085600000|100%| O|  |TAMS 0x0000000085600000, 0x0000000085600000| Untracked 
|  86|0x0000000085600000, 0x0000000085700000, 0x0000000085700000|100%| O|  |TAMS 0x0000000085700000, 0x0000000085700000| Untracked 
|  87|0x0000000085700000, 0x0000000085800000, 0x0000000085800000|100%| O|  |TAMS 0x0000000085800000, 0x0000000085800000| Untracked 
|  88|0x0000000085800000, 0x0000000085900000, 0x0000000085900000|100%| O|  |TAMS 0x0000000085900000, 0x0000000085900000| Untracked 
|  89|0x0000000085900000, 0x0000000085a00000, 0x0000000085a00000|100%| O|  |TAMS 0x0000000085a00000, 0x0000000085a00000| Untracked 
|  90|0x0000000085a00000, 0x0000000085b00000, 0x0000000085b00000|100%| O|  |TAMS 0x0000000085b00000, 0x0000000085b00000| Untracked 
|  91|0x0000000085b00000, 0x0000000085c00000, 0x0000000085c00000|100%| O|  |TAMS 0x0000000085c00000, 0x0000000085c00000| Untracked 
|  92|0x0000000085c00000, 0x0000000085d00000, 0x0000000085d00000|100%| O|  |TAMS 0x0000000085d00000, 0x0000000085d00000| Untracked 
|  93|0x0000000085d00000, 0x0000000085e00000, 0x0000000085e00000|100%| O|  |TAMS 0x0000000085e00000, 0x0000000085e00000| Untracked 
|  94|0x0000000085e00000, 0x0000000085f00000, 0x0000000085f00000|100%|HS|  |TAMS 0x0000000085e00000, 0x0000000085f00000| Complete 
|  95|0x0000000085f00000, 0x0000000086000000, 0x0000000086000000|100%| O|  |TAMS 0x0000000086000000, 0x0000000086000000| Untracked 
|  96|0x0000000086000000, 0x0000000086100000, 0x0000000086100000|100%| O|  |TAMS 0x0000000086100000, 0x0000000086100000| Untracked 
|  97|0x0000000086100000, 0x0000000086200000, 0x0000000086200000|100%| O|  |TAMS 0x0000000086200000, 0x0000000086200000| Untracked 
|  98|0x0000000086200000, 0x0000000086300000, 0x0000000086300000|100%| O|  |TAMS 0x0000000086300000, 0x0000000086300000| Untracked 
|  99|0x0000000086300000, 0x0000000086400000, 0x0000000086400000|100%| O|  |TAMS 0x0000000086400000, 0x0000000086400000| Untracked 
| 100|0x0000000086400000, 0x0000000086500000, 0x0000000086500000|100%|HS|  |TAMS 0x0000000086500000, 0x0000000086500000| Complete 
| 101|0x0000000086500000, 0x0000000086600000, 0x0000000086600000|100%|HC|  |TAMS 0x0000000086600000, 0x0000000086600000| Complete 
| 102|0x0000000086600000, 0x0000000086700000, 0x0000000086700000|100%|HS|  |TAMS 0x0000000086700000, 0x0000000086700000| Complete 
| 103|0x0000000086700000, 0x0000000086800000, 0x0000000086800000|100%| O|  |TAMS 0x0000000086800000, 0x0000000086800000| Untracked 
| 104|0x0000000086800000, 0x0000000086900000, 0x0000000086900000|100%| O|  |TAMS 0x0000000086900000, 0x0000000086900000| Untracked 
| 105|0x0000000086900000, 0x0000000086a00000, 0x0000000086a00000|100%| O|  |TAMS 0x0000000086a00000, 0x0000000086a00000| Untracked 
| 106|0x0000000086a00000, 0x0000000086b00000, 0x0000000086b00000|100%| O|  |TAMS 0x0000000086b00000, 0x0000000086b00000| Untracked 
| 107|0x0000000086b00000, 0x0000000086c00000, 0x0000000086c00000|100%| O|  |TAMS 0x0000000086c00000, 0x0000000086c00000| Untracked 
| 108|0x0000000086c00000, 0x0000000086d00000, 0x0000000086d00000|100%| O|  |TAMS 0x0000000086d00000, 0x0000000086d00000| Untracked 
| 109|0x0000000086d00000, 0x0000000086e00000, 0x0000000086e00000|100%| O|  |TAMS 0x0000000086e00000, 0x0000000086e00000| Untracked 
| 110|0x0000000086e00000, 0x0000000086f00000, 0x0000000086f00000|100%| O|  |TAMS 0x0000000086f00000, 0x0000000086f00000| Untracked 
| 111|0x0000000086f00000, 0x0000000087000000, 0x0000000087000000|100%| O|  |TAMS 0x0000000087000000, 0x0000000087000000| Untracked 
| 112|0x0000000087000000, 0x0000000087100000, 0x0000000087100000|100%| O|  |TAMS 0x0000000087100000, 0x0000000087100000| Untracked 
| 113|0x0000000087100000, 0x0000000087200000, 0x0000000087200000|100%| O|  |TAMS 0x0000000087200000, 0x0000000087200000| Untracked 
| 114|0x0000000087200000, 0x0000000087300000, 0x0000000087300000|100%| O|  |TAMS 0x0000000087300000, 0x0000000087300000| Untracked 
| 115|0x0000000087300000, 0x0000000087400000, 0x0000000087400000|100%|HS|  |TAMS 0x0000000087300000, 0x0000000087400000| Complete 
| 116|0x0000000087400000, 0x0000000087500000, 0x0000000087500000|100%| O|  |TAMS 0x0000000087400000, 0x0000000087500000| Untracked 
| 117|0x0000000087500000, 0x0000000087600000, 0x0000000087600000|100%| O|  |TAMS 0x0000000087600000, 0x0000000087600000| Untracked 
| 118|0x0000000087600000, 0x0000000087700000, 0x0000000087700000|100%| O|  |TAMS 0x0000000087700000, 0x0000000087700000| Untracked 
| 119|0x0000000087700000, 0x0000000087800000, 0x0000000087800000|100%|HS|  |TAMS 0x0000000087800000, 0x0000000087800000| Complete 
| 120|0x0000000087800000, 0x0000000087900000, 0x0000000087900000|100%|HC|  |TAMS 0x0000000087900000, 0x0000000087900000| Complete 
| 121|0x0000000087900000, 0x0000000087a00000, 0x0000000087a00000|100%|HC|  |TAMS 0x0000000087a00000, 0x0000000087a00000| Complete 
| 122|0x0000000087a00000, 0x0000000087b00000, 0x0000000087b00000|100%|HS|  |TAMS 0x0000000087b00000, 0x0000000087b00000| Complete 
| 123|0x0000000087b00000, 0x0000000087c00000, 0x0000000087c00000|100%|HC|  |TAMS 0x0000000087c00000, 0x0000000087c00000| Complete 
| 124|0x0000000087c00000, 0x0000000087d00000, 0x0000000087d00000|100%| O|  |TAMS 0x0000000087c00000, 0x0000000087d00000| Untracked 
| 125|0x0000000087d00000, 0x0000000087e00000, 0x0000000087e00000|100%|HS|  |TAMS 0x0000000087e00000, 0x0000000087e00000| Complete 
| 126|0x0000000087e00000, 0x0000000087f00000, 0x0000000087f00000|100%| O|  |TAMS 0x0000000087e00000, 0x0000000087f00000| Untracked 
| 127|0x0000000087f00000, 0x0000000088000000, 0x0000000088000000|100%| O|  |TAMS 0x0000000087f00000, 0x0000000088000000| Untracked 
| 128|0x0000000088000000, 0x0000000088100000, 0x0000000088100000|100%| O|  |TAMS 0x0000000088000000, 0x0000000088100000| Untracked 
| 129|0x0000000088100000, 0x0000000088200000, 0x0000000088200000|100%| O|  |TAMS 0x0000000088100000, 0x0000000088200000| Untracked 
| 130|0x0000000088200000, 0x0000000088300000, 0x0000000088300000|100%|HS|  |TAMS 0x0000000088300000, 0x0000000088300000| Complete 
| 131|0x0000000088300000, 0x0000000088400000, 0x0000000088400000|100%|HC|  |TAMS 0x0000000088400000, 0x0000000088400000| Complete 
| 132|0x0000000088400000, 0x0000000088500000, 0x0000000088500000|100%|HC|  |TAMS 0x0000000088500000, 0x0000000088500000| Complete 
| 133|0x0000000088500000, 0x0000000088600000, 0x0000000088600000|100%| O|  |TAMS 0x0000000088600000, 0x0000000088600000| Untracked 
| 134|0x0000000088600000, 0x0000000088700000, 0x0000000088700000|100%| O|  |TAMS 0x0000000088700000, 0x0000000088700000| Untracked 
| 135|0x0000000088700000, 0x0000000088800000, 0x0000000088800000|100%| O|  |TAMS 0x0000000088800000, 0x0000000088800000| Untracked 
| 136|0x0000000088800000, 0x0000000088900000, 0x0000000088900000|100%| O|  |TAMS 0x0000000088900000, 0x0000000088900000| Untracked 
| 137|0x0000000088900000, 0x0000000088a00000, 0x0000000088a00000|100%| O|  |TAMS 0x0000000088a00000, 0x0000000088a00000| Untracked 
| 138|0x0000000088a00000, 0x0000000088b00000, 0x0000000088b00000|100%| O|  |TAMS 0x0000000088a9f400, 0x0000000088b00000| Untracked 
| 139|0x0000000088b00000, 0x0000000088c00000, 0x0000000088c00000|100%| O|  |TAMS 0x0000000088b00000, 0x0000000088c00000| Untracked 
| 140|0x0000000088c00000, 0x0000000088d00000, 0x0000000088d00000|100%| O|  |TAMS 0x0000000088c00000, 0x0000000088d00000| Untracked 
| 141|0x0000000088d00000, 0x0000000088e00000, 0x0000000088e00000|100%| O|  |TAMS 0x0000000088d00000, 0x0000000088e00000| Untracked 
| 142|0x0000000088e00000, 0x0000000088f00000, 0x0000000088f00000|100%| O|  |TAMS 0x0000000088e00000, 0x0000000088f00000| Untracked 
| 143|0x0000000088f00000, 0x0000000089000000, 0x0000000089000000|100%| O|  |TAMS 0x0000000088f00000, 0x0000000089000000| Untracked 
| 144|0x0000000089000000, 0x0000000089100000, 0x0000000089100000|100%| O|  |TAMS 0x0000000089000000, 0x0000000089100000| Untracked 
| 145|0x0000000089100000, 0x00000000891fde00, 0x0000000089200000| 99%| O|  |TAMS 0x0000000089100000, 0x00000000891fde00| Untracked 
| 146|0x0000000089200000, 0x0000000089200000, 0x0000000089300000|  0%| F|  |TAMS 0x0000000089200000, 0x0000000089200000| Untracked 
| 147|0x0000000089300000, 0x0000000089300000, 0x0000000089400000|  0%| F|  |TAMS 0x0000000089300000, 0x0000000089300000| Untracked 
| 148|0x0000000089400000, 0x0000000089400000, 0x0000000089500000|  0%| F|  |TAMS 0x0000000089400000, 0x0000000089400000| Untracked 
| 149|0x0000000089500000, 0x0000000089500000, 0x0000000089600000|  0%| F|  |TAMS 0x0000000089500000, 0x0000000089500000| Untracked 
| 150|0x0000000089600000, 0x0000000089600000, 0x0000000089700000|  0%| F|  |TAMS 0x0000000089600000, 0x0000000089600000| Untracked 
| 151|0x0000000089700000, 0x0000000089700000, 0x0000000089800000|  0%| F|  |TAMS 0x0000000089700000, 0x0000000089700000| Untracked 
| 152|0x0000000089800000, 0x0000000089800000, 0x0000000089900000|  0%| F|  |TAMS 0x0000000089800000, 0x0000000089800000| Untracked 
| 153|0x0000000089900000, 0x0000000089900000, 0x0000000089a00000|  0%| F|  |TAMS 0x0000000089900000, 0x0000000089900000| Untracked 
| 154|0x0000000089a00000, 0x0000000089a00000, 0x0000000089b00000|  0%| F|  |TAMS 0x0000000089a00000, 0x0000000089a00000| Untracked 
| 155|0x0000000089b00000, 0x0000000089b00000, 0x0000000089c00000|  0%| F|  |TAMS 0x0000000089b00000, 0x0000000089b00000| Untracked 
| 156|0x0000000089c00000, 0x0000000089c00000, 0x0000000089d00000|  0%| F|  |TAMS 0x0000000089c00000, 0x0000000089c00000| Untracked 
| 157|0x0000000089d00000, 0x0000000089d00000, 0x0000000089e00000|  0%| F|  |TAMS 0x0000000089d00000, 0x0000000089d00000| Untracked 
| 158|0x0000000089e00000, 0x0000000089e00000, 0x0000000089f00000|  0%| F|  |TAMS 0x0000000089e00000, 0x0000000089e00000| Untracked 
| 159|0x0000000089f00000, 0x0000000089f00000, 0x000000008a000000|  0%| F|  |TAMS 0x0000000089f00000, 0x0000000089f00000| Untracked 
| 160|0x000000008a000000, 0x000000008a000000, 0x000000008a100000|  0%| F|  |TAMS 0x000000008a000000, 0x000000008a000000| Untracked 
| 161|0x000000008a100000, 0x000000008a100000, 0x000000008a200000|  0%| F|  |TAMS 0x000000008a100000, 0x000000008a100000| Untracked 
| 162|0x000000008a200000, 0x000000008a200000, 0x000000008a300000|  0%| F|  |TAMS 0x000000008a200000, 0x000000008a200000| Untracked 
| 163|0x000000008a300000, 0x000000008a300000, 0x000000008a400000|  0%| F|  |TAMS 0x000000008a300000, 0x000000008a300000| Untracked 
| 164|0x000000008a400000, 0x000000008a400000, 0x000000008a500000|  0%| F|  |TAMS 0x000000008a400000, 0x000000008a400000| Untracked 
| 165|0x000000008a500000, 0x000000008a500000, 0x000000008a600000|  0%| F|  |TAMS 0x000000008a500000, 0x000000008a500000| Untracked 
| 166|0x000000008a600000, 0x000000008a600000, 0x000000008a700000|  0%| F|  |TAMS 0x000000008a600000, 0x000000008a600000| Untracked 
| 167|0x000000008a700000, 0x000000008a700000, 0x000000008a800000|  0%| F|  |TAMS 0x000000008a700000, 0x000000008a700000| Untracked 
| 168|0x000000008a800000, 0x000000008a800000, 0x000000008a900000|  0%| F|  |TAMS 0x000000008a800000, 0x000000008a800000| Untracked 
| 169|0x000000008a900000, 0x000000008a900000, 0x000000008aa00000|  0%| F|  |TAMS 0x000000008a900000, 0x000000008a900000| Untracked 
| 170|0x000000008aa00000, 0x000000008aa00000, 0x000000008ab00000|  0%| F|  |TAMS 0x000000008aa00000, 0x000000008aa00000| Untracked 
| 171|0x000000008ab00000, 0x000000008ab00000, 0x000000008ac00000|  0%| F|  |TAMS 0x000000008ab00000, 0x000000008ab00000| Untracked 
| 172|0x000000008ac00000, 0x000000008ac00000, 0x000000008ad00000|  0%| F|  |TAMS 0x000000008ac00000, 0x000000008ac00000| Untracked 
| 173|0x000000008ad00000, 0x000000008ad00000, 0x000000008ae00000|  0%| F|  |TAMS 0x000000008ad00000, 0x000000008ad00000| Untracked 
| 174|0x000000008ae00000, 0x000000008ae00000, 0x000000008af00000|  0%| F|  |TAMS 0x000000008ae00000, 0x000000008ae00000| Untracked 
| 175|0x000000008af00000, 0x000000008af00000, 0x000000008b000000|  0%| F|  |TAMS 0x000000008af00000, 0x000000008af00000| Untracked 
| 176|0x000000008b000000, 0x000000008b000000, 0x000000008b100000|  0%| F|  |TAMS 0x000000008b000000, 0x000000008b000000| Untracked 
| 177|0x000000008b100000, 0x000000008b100000, 0x000000008b200000|  0%| F|  |TAMS 0x000000008b100000, 0x000000008b100000| Untracked 
| 178|0x000000008b200000, 0x000000008b200000, 0x000000008b300000|  0%| F|  |TAMS 0x000000008b200000, 0x000000008b200000| Untracked 
| 179|0x000000008b300000, 0x000000008b300000, 0x000000008b400000|  0%| F|  |TAMS 0x000000008b300000, 0x000000008b300000| Untracked 
| 180|0x000000008b400000, 0x000000008b400000, 0x000000008b500000|  0%| F|  |TAMS 0x000000008b400000, 0x000000008b400000| Untracked 
| 181|0x000000008b500000, 0x000000008b500000, 0x000000008b600000|  0%| F|  |TAMS 0x000000008b500000, 0x000000008b500000| Untracked 
| 182|0x000000008b600000, 0x000000008b600000, 0x000000008b700000|  0%| F|  |TAMS 0x000000008b600000, 0x000000008b600000| Untracked 
| 183|0x000000008b700000, 0x000000008b700000, 0x000000008b800000|  0%| F|  |TAMS 0x000000008b700000, 0x000000008b700000| Untracked 
| 184|0x000000008b800000, 0x000000008b800000, 0x000000008b900000|  0%| F|  |TAMS 0x000000008b800000, 0x000000008b800000| Untracked 
| 185|0x000000008b900000, 0x000000008b900000, 0x000000008ba00000|  0%| F|  |TAMS 0x000000008b900000, 0x000000008b900000| Untracked 
| 186|0x000000008ba00000, 0x000000008ba00000, 0x000000008bb00000|  0%| F|  |TAMS 0x000000008ba00000, 0x000000008ba00000| Untracked 
| 187|0x000000008bb00000, 0x000000008bb00000, 0x000000008bc00000|  0%| F|  |TAMS 0x000000008bb00000, 0x000000008bb00000| Untracked 
| 188|0x000000008bc00000, 0x000000008bc00000, 0x000000008bd00000|  0%| F|  |TAMS 0x000000008bc00000, 0x000000008bc00000| Untracked 
| 189|0x000000008bd00000, 0x000000008bd00000, 0x000000008be00000|  0%| F|  |TAMS 0x000000008bd00000, 0x000000008bd00000| Untracked 
| 190|0x000000008be00000, 0x000000008be00000, 0x000000008bf00000|  0%| F|  |TAMS 0x000000008be00000, 0x000000008be00000| Untracked 
| 191|0x000000008bf00000, 0x000000008bf00000, 0x000000008c000000|  0%| F|  |TAMS 0x000000008bf00000, 0x000000008bf00000| Untracked 
| 192|0x000000008c000000, 0x000000008c000000, 0x000000008c100000|  0%| F|  |TAMS 0x000000008c000000, 0x000000008c000000| Untracked 
| 193|0x000000008c100000, 0x000000008c100000, 0x000000008c200000|  0%| F|  |TAMS 0x000000008c100000, 0x000000008c100000| Untracked 
| 194|0x000000008c200000, 0x000000008c200000, 0x000000008c300000|  0%| F|  |TAMS 0x000000008c200000, 0x000000008c200000| Untracked 
| 195|0x000000008c300000, 0x000000008c300000, 0x000000008c400000|  0%| F|  |TAMS 0x000000008c300000, 0x000000008c300000| Untracked 
| 196|0x000000008c400000, 0x000000008c400000, 0x000000008c500000|  0%| F|  |TAMS 0x000000008c400000, 0x000000008c400000| Untracked 
| 197|0x000000008c500000, 0x000000008c500000, 0x000000008c600000|  0%| F|  |TAMS 0x000000008c500000, 0x000000008c500000| Untracked 
| 198|0x000000008c600000, 0x000000008c600000, 0x000000008c700000|  0%| F|  |TAMS 0x000000008c600000, 0x000000008c600000| Untracked 
| 199|0x000000008c700000, 0x000000008c700000, 0x000000008c800000|  0%| F|  |TAMS 0x000000008c700000, 0x000000008c700000| Untracked 
| 200|0x000000008c800000, 0x000000008c800000, 0x000000008c900000|  0%| F|  |TAMS 0x000000008c800000, 0x000000008c800000| Untracked 
| 201|0x000000008c900000, 0x000000008c900000, 0x000000008ca00000|  0%| F|  |TAMS 0x000000008c900000, 0x000000008c900000| Untracked 
| 202|0x000000008ca00000, 0x000000008ca00000, 0x000000008cb00000|  0%| F|  |TAMS 0x000000008ca00000, 0x000000008ca00000| Untracked 
| 203|0x000000008cb00000, 0x000000008cb00000, 0x000000008cc00000|  0%| F|  |TAMS 0x000000008cb00000, 0x000000008cb00000| Untracked 
| 204|0x000000008cc00000, 0x000000008cc00000, 0x000000008cd00000|  0%| F|  |TAMS 0x000000008cc00000, 0x000000008cc00000| Untracked 
| 205|0x000000008cd00000, 0x000000008cd00000, 0x000000008ce00000|  0%| F|  |TAMS 0x000000008cd00000, 0x000000008cd00000| Untracked 
| 206|0x000000008ce00000, 0x000000008ce00000, 0x000000008cf00000|  0%| F|  |TAMS 0x000000008ce00000, 0x000000008ce00000| Untracked 
| 207|0x000000008cf00000, 0x000000008cf00000, 0x000000008d000000|  0%| F|  |TAMS 0x000000008cf00000, 0x000000008cf00000| Untracked 
| 208|0x000000008d000000, 0x000000008d000000, 0x000000008d100000|  0%| F|  |TAMS 0x000000008d000000, 0x000000008d000000| Untracked 
| 209|0x000000008d100000, 0x000000008d100000, 0x000000008d200000|  0%| F|  |TAMS 0x000000008d100000, 0x000000008d100000| Untracked 
| 210|0x000000008d200000, 0x000000008d200000, 0x000000008d300000|  0%| F|  |TAMS 0x000000008d200000, 0x000000008d200000| Untracked 
| 211|0x000000008d300000, 0x000000008d300000, 0x000000008d400000|  0%| F|  |TAMS 0x000000008d300000, 0x000000008d300000| Untracked 
| 212|0x000000008d400000, 0x000000008d400000, 0x000000008d500000|  0%| F|  |TAMS 0x000000008d400000, 0x000000008d400000| Untracked 
| 213|0x000000008d500000, 0x000000008d500000, 0x000000008d600000|  0%| F|  |TAMS 0x000000008d500000, 0x000000008d500000| Untracked 
| 214|0x000000008d600000, 0x000000008d600000, 0x000000008d700000|  0%| F|  |TAMS 0x000000008d600000, 0x000000008d600000| Untracked 
| 215|0x000000008d700000, 0x000000008d700000, 0x000000008d800000|  0%| F|  |TAMS 0x000000008d700000, 0x000000008d700000| Untracked 
| 216|0x000000008d800000, 0x000000008d800000, 0x000000008d900000|  0%| F|  |TAMS 0x000000008d800000, 0x000000008d800000| Untracked 
| 217|0x000000008d900000, 0x000000008d900000, 0x000000008da00000|  0%| F|  |TAMS 0x000000008d900000, 0x000000008d900000| Untracked 
| 218|0x000000008da00000, 0x000000008da00000, 0x000000008db00000|  0%| F|  |TAMS 0x000000008da00000, 0x000000008da00000| Untracked 
| 219|0x000000008db00000, 0x000000008db00000, 0x000000008dc00000|  0%| F|  |TAMS 0x000000008db00000, 0x000000008db00000| Untracked 
| 220|0x000000008dc00000, 0x000000008dc00000, 0x000000008dd00000|  0%| F|  |TAMS 0x000000008dc00000, 0x000000008dc00000| Untracked 
| 221|0x000000008dd00000, 0x000000008dd00000, 0x000000008de00000|  0%| F|  |TAMS 0x000000008dd00000, 0x000000008dd00000| Untracked 
| 222|0x000000008de00000, 0x000000008de00000, 0x000000008df00000|  0%| F|  |TAMS 0x000000008de00000, 0x000000008de00000| Untracked 
| 223|0x000000008df00000, 0x000000008df00000, 0x000000008e000000|  0%| F|  |TAMS 0x000000008df00000, 0x000000008df00000| Untracked 
| 224|0x000000008e000000, 0x000000008e000000, 0x000000008e100000|  0%| F|  |TAMS 0x000000008e000000, 0x000000008e000000| Untracked 
| 225|0x000000008e100000, 0x000000008e100000, 0x000000008e200000|  0%| F|  |TAMS 0x000000008e100000, 0x000000008e100000| Untracked 
| 226|0x000000008e200000, 0x000000008e200000, 0x000000008e300000|  0%| F|  |TAMS 0x000000008e200000, 0x000000008e200000| Untracked 
| 227|0x000000008e300000, 0x000000008e300000, 0x000000008e400000|  0%| F|  |TAMS 0x000000008e300000, 0x000000008e300000| Untracked 
| 228|0x000000008e400000, 0x000000008e400000, 0x000000008e500000|  0%| F|  |TAMS 0x000000008e400000, 0x000000008e400000| Untracked 
| 229|0x000000008e500000, 0x000000008e500000, 0x000000008e600000|  0%| F|  |TAMS 0x000000008e500000, 0x000000008e500000| Untracked 
| 230|0x000000008e600000, 0x000000008e600000, 0x000000008e700000|  0%| F|  |TAMS 0x000000008e600000, 0x000000008e600000| Untracked 
| 231|0x000000008e700000, 0x000000008e700000, 0x000000008e800000|  0%| F|  |TAMS 0x000000008e700000, 0x000000008e700000| Untracked 
| 232|0x000000008e800000, 0x000000008e800000, 0x000000008e900000|  0%| F|  |TAMS 0x000000008e800000, 0x000000008e800000| Untracked 
| 233|0x000000008e900000, 0x000000008e900000, 0x000000008ea00000|  0%| F|  |TAMS 0x000000008e900000, 0x000000008e900000| Untracked 
| 234|0x000000008ea00000, 0x000000008ea00000, 0x000000008eb00000|  0%| F|  |TAMS 0x000000008ea00000, 0x000000008ea00000| Untracked 
| 235|0x000000008eb00000, 0x000000008eb00000, 0x000000008ec00000|  0%| F|  |TAMS 0x000000008eb00000, 0x000000008eb00000| Untracked 
| 236|0x000000008ec00000, 0x000000008ec00000, 0x000000008ed00000|  0%| F|  |TAMS 0x000000008ec00000, 0x000000008ec00000| Untracked 
| 237|0x000000008ed00000, 0x000000008ed00000, 0x000000008ee00000|  0%| F|  |TAMS 0x000000008ed00000, 0x000000008ed00000| Untracked 
| 238|0x000000008ee00000, 0x000000008ee00000, 0x000000008ef00000|  0%| F|  |TAMS 0x000000008ee00000, 0x000000008ee00000| Untracked 
| 239|0x000000008ef00000, 0x000000008ef00000, 0x000000008f000000|  0%| F|  |TAMS 0x000000008ef00000, 0x000000008ef00000| Untracked 
| 240|0x000000008f000000, 0x000000008f000000, 0x000000008f100000|  0%| F|  |TAMS 0x000000008f000000, 0x000000008f000000| Untracked 
| 241|0x000000008f100000, 0x000000008f100000, 0x000000008f200000|  0%| F|  |TAMS 0x000000008f100000, 0x000000008f100000| Untracked 
| 242|0x000000008f200000, 0x000000008f200000, 0x000000008f300000|  0%| F|  |TAMS 0x000000008f200000, 0x000000008f200000| Untracked 
| 243|0x000000008f300000, 0x000000008f300000, 0x000000008f400000|  0%| F|  |TAMS 0x000000008f300000, 0x000000008f300000| Untracked 
| 244|0x000000008f400000, 0x000000008f400000, 0x000000008f500000|  0%| F|  |TAMS 0x000000008f400000, 0x000000008f400000| Untracked 
| 245|0x000000008f500000, 0x000000008f500000, 0x000000008f600000|  0%| F|  |TAMS 0x000000008f500000, 0x000000008f500000| Untracked 
| 246|0x000000008f600000, 0x000000008f600000, 0x000000008f700000|  0%| F|  |TAMS 0x000000008f600000, 0x000000008f600000| Untracked 
| 247|0x000000008f700000, 0x000000008f700000, 0x000000008f800000|  0%| F|  |TAMS 0x000000008f700000, 0x000000008f700000| Untracked 
| 248|0x000000008f800000, 0x000000008f800000, 0x000000008f900000|  0%| F|  |TAMS 0x000000008f800000, 0x000000008f800000| Untracked 
| 249|0x000000008f900000, 0x000000008f900000, 0x000000008fa00000|  0%| F|  |TAMS 0x000000008f900000, 0x000000008f900000| Untracked 
| 250|0x000000008fa00000, 0x000000008fa00000, 0x000000008fb00000|  0%| F|  |TAMS 0x000000008fa00000, 0x000000008fa00000| Untracked 
| 251|0x000000008fb00000, 0x000000008fb00000, 0x000000008fc00000|  0%| F|  |TAMS 0x000000008fb00000, 0x000000008fb00000| Untracked 
| 252|0x000000008fc00000, 0x000000008fc00000, 0x000000008fd00000|  0%| F|  |TAMS 0x000000008fc00000, 0x000000008fc00000| Untracked 
| 253|0x000000008fd00000, 0x000000008fd00000, 0x000000008fe00000|  0%| F|  |TAMS 0x000000008fd00000, 0x000000008fd00000| Untracked 
| 254|0x000000008fe00000, 0x000000008fe00000, 0x000000008ff00000|  0%| F|  |TAMS 0x000000008fe00000, 0x000000008fe00000| Untracked 
| 255|0x000000008ff00000, 0x000000008ff00000, 0x0000000090000000|  0%| F|  |TAMS 0x000000008ff00000, 0x000000008ff00000| Untracked 
| 256|0x0000000090000000, 0x0000000090000000, 0x0000000090100000|  0%| F|  |TAMS 0x0000000090000000, 0x0000000090000000| Untracked 
| 257|0x0000000090100000, 0x0000000090100000, 0x0000000090200000|  0%| F|  |TAMS 0x0000000090100000, 0x0000000090100000| Untracked 
| 258|0x0000000090200000, 0x0000000090200000, 0x0000000090300000|  0%| F|  |TAMS 0x0000000090200000, 0x0000000090200000| Untracked 
| 259|0x0000000090300000, 0x0000000090300000, 0x0000000090400000|  0%| F|  |TAMS 0x0000000090300000, 0x0000000090300000| Untracked 
| 260|0x0000000090400000, 0x0000000090500000, 0x0000000090500000|100%| S|CS|TAMS 0x0000000090400000, 0x0000000090400000| Complete 
| 261|0x0000000090500000, 0x0000000090600000, 0x0000000090600000|100%| S|CS|TAMS 0x0000000090500000, 0x0000000090500000| Complete 
| 262|0x0000000090600000, 0x0000000090700000, 0x0000000090700000|100%| S|CS|TAMS 0x0000000090600000, 0x0000000090600000| Complete 
| 263|0x0000000090700000, 0x0000000090700000, 0x0000000090800000|  0%| F|  |TAMS 0x0000000090700000, 0x0000000090700000| Untracked 
| 264|0x0000000090800000, 0x0000000090800000, 0x0000000090900000|  0%| F|  |TAMS 0x0000000090800000, 0x0000000090800000| Untracked 
| 265|0x0000000090900000, 0x0000000090900000, 0x0000000090a00000|  0%| F|  |TAMS 0x0000000090900000, 0x0000000090900000| Untracked 
| 266|0x0000000090a00000, 0x0000000090a00000, 0x0000000090b00000|  0%| F|  |TAMS 0x0000000090a00000, 0x0000000090a00000| Untracked 
| 267|0x0000000090b00000, 0x0000000090b00000, 0x0000000090c00000|  0%| F|  |TAMS 0x0000000090b00000, 0x0000000090b00000| Untracked 
| 268|0x0000000090c00000, 0x0000000090c00000, 0x0000000090d00000|  0%| F|  |TAMS 0x0000000090c00000, 0x0000000090c00000| Untracked 
| 269|0x0000000090d00000, 0x0000000090d00000, 0x0000000090e00000|  0%| F|  |TAMS 0x0000000090d00000, 0x0000000090d00000| Untracked 
| 270|0x0000000090e00000, 0x0000000090e00000, 0x0000000090f00000|  0%| F|  |TAMS 0x0000000090e00000, 0x0000000090e00000| Untracked 
| 271|0x0000000090f00000, 0x0000000090f00000, 0x0000000091000000|  0%| F|  |TAMS 0x0000000090f00000, 0x0000000090f00000| Untracked 
| 272|0x0000000091000000, 0x0000000091000000, 0x0000000091100000|  0%| F|  |TAMS 0x0000000091000000, 0x0000000091000000| Untracked 
| 273|0x0000000091100000, 0x0000000091100000, 0x0000000091200000|  0%| F|  |TAMS 0x0000000091100000, 0x0000000091100000| Untracked 
| 274|0x0000000091200000, 0x0000000091200000, 0x0000000091300000|  0%| F|  |TAMS 0x0000000091200000, 0x0000000091200000| Untracked 
| 275|0x0000000091300000, 0x0000000091300000, 0x0000000091400000|  0%| F|  |TAMS 0x0000000091300000, 0x0000000091300000| Untracked 
| 276|0x0000000091400000, 0x0000000091500000, 0x0000000091500000|100%| S|CS|TAMS 0x0000000091400000, 0x0000000091400000| Complete 
| 277|0x0000000091500000, 0x0000000091600000, 0x0000000091600000|100%| S|CS|TAMS 0x0000000091500000, 0x0000000091500000| Complete 
| 278|0x0000000091600000, 0x0000000091700000, 0x0000000091700000|100%| S|CS|TAMS 0x0000000091600000, 0x0000000091600000| Complete 
| 279|0x0000000091700000, 0x0000000091800000, 0x0000000091800000|100%| S|CS|TAMS 0x0000000091700000, 0x0000000091700000| Complete 
| 280|0x0000000091800000, 0x0000000091900000, 0x0000000091900000|100%| S|CS|TAMS 0x0000000091800000, 0x0000000091800000| Complete 
| 281|0x0000000091900000, 0x0000000091a00000, 0x0000000091a00000|100%| S|CS|TAMS 0x0000000091900000, 0x0000000091900000| Complete 
| 282|0x0000000091a00000, 0x0000000091b00000, 0x0000000091b00000|100%| S|CS|TAMS 0x0000000091a00000, 0x0000000091a00000| Complete 
| 283|0x0000000091b00000, 0x0000000091c00000, 0x0000000091c00000|100%| S|CS|TAMS 0x0000000091b00000, 0x0000000091b00000| Complete 
| 284|0x0000000091c00000, 0x0000000091d00000, 0x0000000091d00000|100%| S|CS|TAMS 0x0000000091c00000, 0x0000000091c00000| Complete 
| 285|0x0000000091d00000, 0x0000000091e00000, 0x0000000091e00000|100%| S|CS|TAMS 0x0000000091d00000, 0x0000000091d00000| Complete 
| 286|0x0000000091e00000, 0x0000000091e00000, 0x0000000091f00000|  0%| F|  |TAMS 0x0000000091e00000, 0x0000000091e00000| Untracked 
| 287|0x0000000091f00000, 0x0000000091f00000, 0x0000000092000000|  0%| F|  |TAMS 0x0000000091f00000, 0x0000000091f00000| Untracked 
| 288|0x0000000092000000, 0x0000000092000000, 0x0000000092100000|  0%| F|  |TAMS 0x0000000092000000, 0x0000000092000000| Untracked 
| 289|0x0000000092100000, 0x0000000092100000, 0x0000000092200000|  0%| F|  |TAMS 0x0000000092100000, 0x0000000092100000| Untracked 
| 290|0x0000000092200000, 0x0000000092200000, 0x0000000092300000|  0%| F|  |TAMS 0x0000000092200000, 0x0000000092200000| Untracked 
| 291|0x0000000092300000, 0x0000000092300000, 0x0000000092400000|  0%| F|  |TAMS 0x0000000092300000, 0x0000000092300000| Untracked 
| 292|0x0000000092400000, 0x0000000092400000, 0x0000000092500000|  0%| F|  |TAMS 0x0000000092400000, 0x0000000092400000| Untracked 
| 293|0x0000000092500000, 0x0000000092500000, 0x0000000092600000|  0%| F|  |TAMS 0x0000000092500000, 0x0000000092500000| Untracked 
| 294|0x0000000092600000, 0x0000000092600000, 0x0000000092700000|  0%| F|  |TAMS 0x0000000092600000, 0x0000000092600000| Untracked 
| 295|0x0000000092700000, 0x0000000092700000, 0x0000000092800000|  0%| F|  |TAMS 0x0000000092700000, 0x0000000092700000| Untracked 
| 296|0x0000000092800000, 0x0000000092800000, 0x0000000092900000|  0%| F|  |TAMS 0x0000000092800000, 0x0000000092800000| Untracked 
| 297|0x0000000092900000, 0x0000000092900000, 0x0000000092a00000|  0%| F|  |TAMS 0x0000000092900000, 0x0000000092900000| Untracked 
| 298|0x0000000092a00000, 0x0000000092a00000, 0x0000000092b00000|  0%| F|  |TAMS 0x0000000092a00000, 0x0000000092a00000| Untracked 
| 299|0x0000000092b00000, 0x0000000092b00000, 0x0000000092c00000|  0%| F|  |TAMS 0x0000000092b00000, 0x0000000092b00000| Untracked 
| 300|0x0000000092c00000, 0x0000000092c00000, 0x0000000092d00000|  0%| F|  |TAMS 0x0000000092c00000, 0x0000000092c00000| Untracked 
| 301|0x0000000092d00000, 0x0000000092d00000, 0x0000000092e00000|  0%| F|  |TAMS 0x0000000092d00000, 0x0000000092d00000| Untracked 
| 302|0x0000000092e00000, 0x0000000092e00000, 0x0000000092f00000|  0%| F|  |TAMS 0x0000000092e00000, 0x0000000092e00000| Untracked 
| 303|0x0000000092f00000, 0x0000000092f00000, 0x0000000093000000|  0%| F|  |TAMS 0x0000000092f00000, 0x0000000092f00000| Untracked 
| 304|0x0000000093000000, 0x0000000093000000, 0x0000000093100000|  0%| F|  |TAMS 0x0000000093000000, 0x0000000093000000| Untracked 
| 305|0x0000000093100000, 0x0000000093100000, 0x0000000093200000|  0%| F|  |TAMS 0x0000000093100000, 0x0000000093100000| Untracked 
| 306|0x0000000093200000, 0x0000000093200000, 0x0000000093300000|  0%| F|  |TAMS 0x0000000093200000, 0x0000000093200000| Untracked 
| 307|0x0000000093300000, 0x0000000093300000, 0x0000000093400000|  0%| F|  |TAMS 0x0000000093300000, 0x0000000093300000| Untracked 
| 308|0x0000000093400000, 0x0000000093400000, 0x0000000093500000|  0%| F|  |TAMS 0x0000000093400000, 0x0000000093400000| Untracked 
| 309|0x0000000093500000, 0x0000000093500000, 0x0000000093600000|  0%| F|  |TAMS 0x0000000093500000, 0x0000000093500000| Untracked 
| 310|0x0000000093600000, 0x0000000093600000, 0x0000000093700000|  0%| F|  |TAMS 0x0000000093600000, 0x0000000093600000| Untracked 
| 311|0x0000000093700000, 0x0000000093700000, 0x0000000093800000|  0%| F|  |TAMS 0x0000000093700000, 0x0000000093700000| Untracked 
| 312|0x0000000093800000, 0x0000000093800000, 0x0000000093900000|  0%| F|  |TAMS 0x0000000093800000, 0x0000000093800000| Untracked 
| 313|0x0000000093900000, 0x0000000093900000, 0x0000000093a00000|  0%| F|  |TAMS 0x0000000093900000, 0x0000000093900000| Untracked 
| 314|0x0000000093a00000, 0x0000000093a00000, 0x0000000093b00000|  0%| F|  |TAMS 0x0000000093a00000, 0x0000000093a00000| Untracked 
| 315|0x0000000093b00000, 0x0000000093b00000, 0x0000000093c00000|  0%| F|  |TAMS 0x0000000093b00000, 0x0000000093b00000| Untracked 
| 316|0x0000000093c00000, 0x0000000093c00000, 0x0000000093d00000|  0%| F|  |TAMS 0x0000000093c00000, 0x0000000093c00000| Untracked 
| 317|0x0000000093d00000, 0x0000000093d00000, 0x0000000093e00000|  0%| F|  |TAMS 0x0000000093d00000, 0x0000000093d00000| Untracked 
| 318|0x0000000093e00000, 0x0000000093e00000, 0x0000000093f00000|  0%| F|  |TAMS 0x0000000093e00000, 0x0000000093e00000| Untracked 
| 319|0x0000000093f00000, 0x0000000093f00000, 0x0000000094000000|  0%| F|  |TAMS 0x0000000093f00000, 0x0000000093f00000| Untracked 
| 320|0x0000000094000000, 0x0000000094000000, 0x0000000094100000|  0%| F|  |TAMS 0x0000000094000000, 0x0000000094000000| Untracked 
| 321|0x0000000094100000, 0x0000000094100000, 0x0000000094200000|  0%| F|  |TAMS 0x0000000094100000, 0x0000000094100000| Untracked 
| 322|0x0000000094200000, 0x0000000094200000, 0x0000000094300000|  0%| F|  |TAMS 0x0000000094200000, 0x0000000094200000| Untracked 
| 323|0x0000000094300000, 0x0000000094300000, 0x0000000094400000|  0%| F|  |TAMS 0x0000000094300000, 0x0000000094300000| Untracked 
| 324|0x0000000094400000, 0x0000000094400000, 0x0000000094500000|  0%| F|  |TAMS 0x0000000094400000, 0x0000000094400000| Untracked 
| 325|0x0000000094500000, 0x0000000094500000, 0x0000000094600000|  0%| F|  |TAMS 0x0000000094500000, 0x0000000094500000| Untracked 

Card table byte_map: [0x0000026a37900000,0x0000026a37d00000] _byte_map_base: 0x0000026a37500000

Marking Bits (Prev, Next): (CMBitMap*) 0x0000026a227bb440, (CMBitMap*) 0x0000026a227bb408
 Prev Bits: [0x0000026a3a100000, 0x0000026a3c100000)
 Next Bits: [0x0000026a38100000, 0x0000026a3a100000)

Polling page: 0x0000026a22860000

Metaspace:

Usage:
  Non-class:    108.34 MB capacity,   105.17 MB ( 97%) used,     2.62 MB (  2%) free+waste,   571.19 KB ( <1%) overhead. 
      Class:     16.62 MB capacity,    14.93 MB ( 90%) used,     1.45 MB (  9%) free+waste,   249.13 KB (  1%) overhead. 
       Both:    124.96 MB capacity,   120.09 MB ( 96%) used,     4.07 MB (  3%) free+waste,   820.31 KB ( <1%) overhead. 

Virtual space:
  Non-class space:      110.00 MB reserved,     108.50 MB ( 99%) committed 
      Class space:        1.00 GB reserved,      16.70 MB (  2%) committed 
             Both:        1.11 GB reserved,     125.20 MB ( 11%) committed 

Chunk freelists:
   Non-Class:  32.00 KB
       Class:  0 bytes
        Both:  32.00 KB

MaxMetaspaceSize: 17179869184.00 GB
CompressedClassSpaceSize: 1.00 GB

CodeHeap 'non-profiled nmethods': size=120000Kb used=24888Kb max_used=25248Kb free=95111Kb
 bounds [0x0000026a2f560000, 0x0000026a30e50000, 0x0000026a36a90000]
CodeHeap 'profiled nmethods': size=120000Kb used=59155Kb max_used=60944Kb free=60844Kb
 bounds [0x0000026a28030000, 0x0000026a2bc40000, 0x0000026a2f560000]
CodeHeap 'non-nmethods': size=5760Kb used=2361Kb max_used=2462Kb free=3398Kb
 bounds [0x0000026a27a90000, 0x0000026a27d00000, 0x0000026a28030000]
 total_blobs=27956 nmethods=26970 adapters=895
 compilation: enabled
              stopped_count=0, restarted_count=0
 full_count=0

Compilation events (20 events):
Event: 9239.822 Thread 0x0000026a3ebfd000 33803       2       com.android.tools.r8.code.K::<init> (5 bytes)
Event: 9239.822 Thread 0x0000026a3ebfd000 nmethod 33803 0x0000026a2968fe10 code [0x0000026a2968ffc0, 0x0000026a296900b8]
Event: 9239.822 Thread 0x0000026a3ebfd000 33804       2       java.nio.ShortBuffer::wrap (8 bytes)
Event: 9239.823 Thread 0x0000026a3ebfd000 nmethod 33804 0x0000026a29715d10 code [0x0000026a29715ee0, 0x0000026a297161b8]
Event: 9239.823 Thread 0x0000026a3ebfd000 33805   !   2       java.nio.ShortBuffer::wrap (20 bytes)
Event: 9239.823 Thread 0x0000026a3ebfd000 nmethod 33805 0x0000026a29722c10 code [0x0000026a29722de0, 0x0000026a297230d8]
Event: 9239.823 Thread 0x0000026a3ebfd000 33806       2       java.nio.HeapShortBuffer::<init> (21 bytes)
Event: 9239.823 Thread 0x0000026a3ebfd000 nmethod 33806 0x0000026a2970eb10 code [0x0000026a2970ecc0, 0x0000026a2970ee68]
Event: 9239.823 Thread 0x0000026a3ebfd000 33810       2       com.android.tools.r8.dex.j::a (71 bytes)
Event: 9239.825 Thread 0x0000026a3ebfd000 nmethod 33810 0x0000026a2973ed10 code [0x0000026a2973efc0, 0x0000026a2973f8d8]
Event: 9239.825 Thread 0x0000026a3ebfd000 33811       2       com.android.tools.r8.dex.z::a (92 bytes)
Event: 9239.825 Thread 0x0000026a3ebfd000 nmethod 33811 0x0000026a2973e390 code [0x0000026a2973e5c0, 0x0000026a2973ea78]
Event: 9239.825 Thread 0x0000026a3ebfd000 33812       1       com.android.tools.r8.dex.z::b (5 bytes)
Event: 9239.825 Thread 0x0000026a3ebfd000 nmethod 33812 0x0000026a2fa83f10 code [0x0000026a2fa840c0, 0x0000026a2fa84158]
Event: 9239.838 Thread 0x0000026a3ebfd000 33813       2       com.android.tools.r8.internal.qr$$Lambda$2014/0x0000000101087840::accept (16 bytes)
Event: 9239.838 Thread 0x0000026a3ebfd000 nmethod 33813 0x0000026a29730990 code [0x0000026a29730b80, 0x0000026a29730ef8]
Event: 9239.838 Thread 0x0000026a3ebfd000 33814       2       com.android.tools.r8.internal.qr::b (33 bytes)
Event: 9239.839 Thread 0x0000026a3ebfd000 nmethod 33814 0x0000026a2972fa90 code [0x0000026a2972fc80, 0x0000026a2972ff98]
Event: 9239.841 Thread 0x0000026a4829c800 nmethod 33784 0x0000026a2fb4b310 code [0x0000026a2fb4b580, 0x0000026a2fb4c610]
Event: 9239.841 Thread 0x0000026a4829c800 33718       4       com.android.tools.r8.internal.l2::remove (246 bytes)

GC Heap History (20 events):
Event: 9235.499 GC heap after
{Heap after GC invocations=481 (full 0):
 garbage-first heap   total 187392K, used 108930K [0x0000000080000000, 0x0000000100000000)
  region size 1024K, 2 young (2048K), 2 survivors (2048K)
 Metaspace       used 122574K, capacity 127520K, committed 127692K, reserved 1159168K
  class space    used 15270K, capacity 17004K, committed 17100K, reserved 1048576K
}
Event: 9235.700 GC heap before
{Heap before GC invocations=481 (full 0):
 garbage-first heap   total 187392K, used 150914K [0x0000000080000000, 0x0000000100000000)
  region size 1024K, 43 young (44032K), 2 survivors (2048K)
 Metaspace       used 122589K, capacity 127526K, committed 127692K, reserved 1159168K
  class space    used 15271K, capacity 17006K, committed 17100K, reserved 1048576K
}
Event: 9235.705 GC heap after
{Heap after GC invocations=482 (full 0):
 garbage-first heap   total 187392K, used 109160K [0x0000000080000000, 0x0000000100000000)
  region size 1024K, 2 young (2048K), 2 survivors (2048K)
 Metaspace       used 122589K, capacity 127526K, committed 127692K, reserved 1159168K
  class space    used 15271K, capacity 17006K, committed 17100K, reserved 1048576K
}
Event: 9235.950 GC heap before
{Heap before GC invocations=483 (full 0):
 garbage-first heap   total 187392K, used 152168K [0x0000000080000000, 0x0000000100000000)
  region size 1024K, 44 young (45056K), 2 survivors (2048K)
 Metaspace       used 122620K, capacity 127592K, committed 127692K, reserved 1159168K
  class space    used 15271K, capacity 17006K, committed 17100K, reserved 1048576K
}
Event: 9235.980 GC heap after
{Heap after GC invocations=484 (full 0):
 garbage-first heap   total 225280K, used 109214K [0x0000000080000000, 0x0000000100000000)
  region size 1024K, 2 young (2048K), 2 survivors (2048K)
 Metaspace       used 122620K, capacity 127592K, committed 127692K, reserved 1159168K
  class space    used 15271K, capacity 17006K, committed 17100K, reserved 1048576K
}
Event: 9236.137 GC heap before
{Heap before GC invocations=484 (full 0):
 garbage-first heap   total 225280K, used 118430K [0x0000000080000000, 0x0000000100000000)
  region size 1024K, 11 young (11264K), 2 survivors (2048K)
 Metaspace       used 122622K, capacity 127592K, committed 127692K, reserved 1159168K
  class space    used 15271K, capacity 17006K, committed 17100K, reserved 1048576K
}
Event: 9236.142 GC heap after
{Heap after GC invocations=485 (full 0):
 garbage-first heap   total 225280K, used 109240K [0x0000000080000000, 0x0000000100000000)
  region size 1024K, 2 young (2048K), 2 survivors (2048K)
 Metaspace       used 122622K, capacity 127592K, committed 127692K, reserved 1159168K
  class space    used 15271K, capacity 17006K, committed 17100K, reserved 1048576K
}
Event: 9236.521 GC heap before
{Heap before GC invocations=485 (full 0):
 garbage-first heap   total 225280K, used 168632K [0x0000000080000000, 0x0000000100000000)
  region size 1024K, 60 young (61440K), 2 survivors (2048K)
 Metaspace       used 122629K, capacity 127592K, committed 127692K, reserved 1159168K
  class space    used 15271K, capacity 17006K, committed 17100K, reserved 1048576K
}
Event: 9236.530 GC heap after
{Heap after GC invocations=486 (full 0):
 garbage-first heap   total 225280K, used 109807K [0x0000000080000000, 0x0000000100000000)
  region size 1024K, 2 young (2048K), 2 survivors (2048K)
 Metaspace       used 122629K, capacity 127592K, committed 127692K, reserved 1159168K
  class space    used 15271K, capacity 17006K, committed 17100K, reserved 1048576K
}
Event: 9236.834 GC heap before
{Heap before GC invocations=487 (full 0):
 garbage-first heap   total 225280K, used 137455K [0x0000000080000000, 0x0000000100000000)
  region size 1024K, 30 young (30720K), 2 survivors (2048K)
 Metaspace       used 122650K, capacity 127594K, committed 127692K, reserved 1159168K
  class space    used 15271K, capacity 17006K, committed 17100K, reserved 1048576K
}
Event: 9236.842 GC heap after
{Heap after GC invocations=488 (full 0):
 garbage-first heap   total 225280K, used 111142K [0x0000000080000000, 0x0000000100000000)
  region size 1024K, 3 young (3072K), 3 survivors (3072K)
 Metaspace       used 122650K, capacity 127594K, committed 127692K, reserved 1159168K
  class space    used 15271K, capacity 17006K, committed 17100K, reserved 1048576K
}
Event: 9237.074 GC heap before
{Heap before GC invocations=489 (full 0):
 garbage-first heap   total 225280K, used 119334K [0x0000000080000000, 0x0000000100000000)
  region size 1024K, 11 young (11264K), 3 survivors (3072K)
 Metaspace       used 122703K, capacity 127620K, committed 127948K, reserved 1161216K
  class space    used 15276K, capacity 17013K, committed 17100K, reserved 1048576K
}
Event: 9237.082 GC heap after
{Heap after GC invocations=490 (full 0):
 garbage-first heap   total 333824K, used 109285K [0x0000000080000000, 0x0000000100000000)
  region size 1024K, 2 young (2048K), 2 survivors (2048K)
 Metaspace       used 122703K, capacity 127620K, committed 127948K, reserved 1161216K
  class space    used 15276K, capacity 17013K, committed 17100K, reserved 1048576K
}
Event: 9237.740 GC heap before
{Heap before GC invocations=491 (full 0):
 garbage-first heap   total 333824K, used 229093K [0x0000000080000000, 0x0000000100000000)
  region size 1024K, 113 young (115712K), 2 survivors (2048K)
 Metaspace       used 122824K, capacity 127817K, committed 127948K, reserved 1161216K
  class space    used 15280K, capacity 17013K, committed 17100K, reserved 1048576K
}
Event: 9237.793 GC heap after
{Heap after GC invocations=492 (full 0):
 garbage-first heap   total 333824K, used 128156K [0x0000000080000000, 0x0000000100000000)
  region size 1024K, 16 young (16384K), 16 survivors (16384K)
 Metaspace       used 122824K, capacity 127817K, committed 127948K, reserved 1161216K
  class space    used 15280K, capacity 17013K, committed 17100K, reserved 1048576K
}
Event: 9238.314 GC heap before
{Heap before GC invocations=493 (full 0):
 garbage-first heap   total 333824K, used 172188K [0x0000000080000000, 0x0000000100000000)
  region size 1024K, 55 young (56320K), 16 survivors (16384K)
 Metaspace       used 122839K, capacity 127817K, committed 127948K, reserved 1161216K
  class space    used 15280K, capacity 17013K, committed 17100K, reserved 1048576K
}
Event: 9238.328 GC heap after
{Heap after GC invocations=494 (full 0):
 garbage-first heap   total 333824K, used 122855K [0x0000000080000000, 0x0000000100000000)
  region size 1024K, 3 young (3072K), 3 survivors (3072K)
 Metaspace       used 122839K, capacity 127817K, committed 127948K, reserved 1161216K
  class space    used 15280K, capacity 17013K, committed 17100K, reserved 1048576K
}
Event: 9239.329 GC heap before
{Heap before GC invocations=495 (full 0):
 garbage-first heap   total 333824K, used 184295K [0x0000000080000000, 0x0000000100000000)
  region size 1024K, 50 young (51200K), 3 survivors (3072K)
 Metaspace       used 122894K, capacity 127882K, committed 128204K, reserved 1161216K
  class space    used 15281K, capacity 17013K, committed 17100K, reserved 1048576K
}
Event: 9239.417 GC heap after
{Heap after GC invocations=496 (full 0):
 garbage-first heap   total 333824K, used 147069K [0x0000000080000000, 0x0000000100000000)
  region size 1024K, 13 young (13312K), 13 survivors (13312K)
 Metaspace       used 122894K, capacity 127882K, committed 128204K, reserved 1161216K
  class space    used 15281K, capacity 17013K, committed 17100K, reserved 1048576K
}
Event: 9239.856 GC heap before
{Heap before GC invocations=497 (full 0):
 garbage-first heap   total 333824K, used 188029K [0x0000000080000000, 0x0000000100000000)
  region size 1024K, 53 young (54272K), 13 survivors (13312K)
 Metaspace       used 122977K, capacity 127962K, committed 128204K, reserved 1161216K
  class space    used 15285K, capacity 17018K, committed 17100K, reserved 1048576K
}

Deoptimization events (20 events):
Event: 9239.769 Thread 0x0000026a4175b000 Uncommon trap: trap_request=0xffffff4d fr.pc=0x0000026a30007880 relative=0x00000000000007a0
Event: 9239.769 Thread 0x0000026a4175b000 Uncommon trap: reason=unstable_if action=reinterpret pc=0x0000026a30007880 method=com.android.tools.r8.internal.Fq.a(Lcom/android/tools/r8/graph/c0;)Lcom/android/tools/r8/internal/Fq; @ 43 c2
Event: 9239.769 Thread 0x0000026a4175b000 DEOPT PACKING pc=0x0000026a30007880 sp=0x0000009ad49fda00
Event: 9239.769 Thread 0x0000026a4175b000 DEOPT UNPACKING pc=0x0000026a27ab78af sp=0x0000009ad49fd9e0 mode 2
Event: 9239.769 Thread 0x0000026a4175b000 Uncommon trap: trap_request=0xffffff4d fr.pc=0x0000026a30900100 relative=0x00000000000003e0
Event: 9239.769 Thread 0x0000026a4175b000 Uncommon trap: reason=unstable_if action=reinterpret pc=0x0000026a30900100 method=com.android.tools.r8.internal.ak.d()I @ 396 c2
Event: 9239.769 Thread 0x0000026a4175b000 DEOPT PACKING pc=0x0000026a30900100 sp=0x0000009ad49fd4e0
Event: 9239.770 Thread 0x0000026a4175b000 DEOPT UNPACKING pc=0x0000026a27ab78af sp=0x0000009ad49fd410 mode 2
Event: 9239.790 Thread 0x0000026a41757000 Uncommon trap: trap_request=0xffffff4d fr.pc=0x0000026a30224c7c relative=0x000000000000493c
Event: 9239.791 Thread 0x0000026a41757000 Uncommon trap: reason=unstable_if action=reinterpret pc=0x0000026a30224c7c method=com.android.tools.r8.dex.j.e()Lcom/android/tools/r8/graph/J; @ 51 c2
Event: 9239.793 Thread 0x0000026a41757000 DEOPT PACKING pc=0x0000026a30224c7c sp=0x0000009ad53fe800
Event: 9239.793 Thread 0x0000026a41757000 DEOPT UNPACKING pc=0x0000026a27ab78af sp=0x0000009ad53fe820 mode 2
Event: 9239.794 Thread 0x0000026a41757000 Uncommon trap: trap_request=0xffffff4d fr.pc=0x0000026a301b4a0c relative=0x0000000000000fcc
Event: 9239.794 Thread 0x0000026a41757000 Uncommon trap: reason=unstable_if action=reinterpret pc=0x0000026a301b4a0c method=com.android.tools.r8.dex.j.i()Lcom/android/tools/r8/graph/f0; @ 60 c2
Event: 9239.794 Thread 0x0000026a41757000 DEOPT PACKING pc=0x0000026a301b4a0c sp=0x0000009ad53fe0a0
Event: 9239.794 Thread 0x0000026a41757000 DEOPT UNPACKING pc=0x0000026a27ab78af sp=0x0000009ad53fe080 mode 2
Event: 9239.797 Thread 0x0000026a4175d000 Uncommon trap: trap_request=0xffffff4d fr.pc=0x0000026a3030300c relative=0x0000000000003f8c
Event: 9239.798 Thread 0x0000026a4175d000 Uncommon trap: reason=unstable_if action=reinterpret pc=0x0000026a3030300c method=com.android.tools.r8.dex.j.a(I[Lcom/android/tools/r8/graph/W$b;[Lcom/android/tools/r8/graph/W$c;Z)[Lcom/android/tools/r8/graph/P; @ 107 c2
Event: 9239.799 Thread 0x0000026a4175d000 DEOPT PACKING pc=0x0000026a3030300c sp=0x0000009ad4ffee10
Event: 9239.799 Thread 0x0000026a4175d000 DEOPT UNPACKING pc=0x0000026a27ab78af sp=0x0000009ad4ffedc8 mode 2

Classes redefined (0 events):
No events

Internal exceptions (20 events):
Event: 9237.632 Thread 0x0000026a4175b000 Exception <a 'sun/nio/fs/WindowsException'{0x000000008f8ebf20}> (0x000000008f8ebf20) thrown at [./src/hotspot/share/prims/jni.cpp, line 615]
Event: 9237.642 Thread 0x0000026a48299000 Exception <a 'sun/nio/fs/WindowsException'{0x000000008f2d79b8}> (0x000000008f2d79b8) thrown at [./src/hotspot/share/prims/jni.cpp, line 615]
Event: 9237.679 Thread 0x0000026a48299000 Exception <a 'sun/nio/fs/WindowsException'{0x000000008f2deff0}> (0x000000008f2deff0) thrown at [./src/hotspot/share/prims/jni.cpp, line 615]
Event: 9237.707 Thread 0x0000026a41758000 Exception <a 'sun/nio/fs/WindowsException'{0x000000008def59d0}> (0x000000008def59d0) thrown at [./src/hotspot/share/prims/jni.cpp, line 615]
Event: 9237.722 Thread 0x0000026a41758000 Exception <a 'sun/nio/fs/WindowsException'{0x000000008defe0e8}> (0x000000008defe0e8) thrown at [./src/hotspot/share/prims/jni.cpp, line 615]
Event: 9237.825 Thread 0x0000026a41758000 Exception <a 'sun/nio/fs/WindowsException'{0x00000000944cd588}> (0x00000000944cd588) thrown at [./src/hotspot/share/prims/jni.cpp, line 615]
Event: 9237.827 Thread 0x0000026a41758000 Exception <a 'sun/nio/fs/WindowsException'{0x00000000944d7f90}> (0x00000000944d7f90) thrown at [./src/hotspot/share/prims/jni.cpp, line 615]
Event: 9237.829 Thread 0x0000026a41758000 Exception <a 'sun/nio/fs/WindowsException'{0x00000000944e1d30}> (0x00000000944e1d30) thrown at [./src/hotspot/share/prims/jni.cpp, line 615]
Event: 9237.832 Thread 0x0000026a41758000 Exception <a 'sun/nio/fs/WindowsException'{0x00000000944ee320}> (0x00000000944ee320) thrown at [./src/hotspot/share/prims/jni.cpp, line 615]
Event: 9237.840 Thread 0x0000026a41758000 Exception <a 'sun/nio/fs/WindowsException'{0x0000000093cbd2f8}> (0x0000000093cbd2f8) thrown at [./src/hotspot/share/prims/jni.cpp, line 615]
Event: 9237.842 Thread 0x0000026a41758000 Exception <a 'sun/nio/fs/WindowsException'{0x0000000093cc9060}> (0x0000000093cc9060) thrown at [./src/hotspot/share/prims/jni.cpp, line 615]
Event: 9237.859 Thread 0x0000026a41758000 Exception <a 'sun/nio/fs/WindowsException'{0x0000000093cd4238}> (0x0000000093cd4238) thrown at [./src/hotspot/share/prims/jni.cpp, line 615]
Event: 9237.876 Thread 0x0000026a41758000 Exception <a 'sun/nio/fs/WindowsException'{0x0000000093cda1f0}> (0x0000000093cda1f0) thrown at [./src/hotspot/share/prims/jni.cpp, line 615]
Event: 9237.878 Thread 0x0000026a41758000 Exception <a 'sun/nio/fs/WindowsException'{0x0000000093ce3980}> (0x0000000093ce3980) thrown at [./src/hotspot/share/prims/jni.cpp, line 615]
Event: 9238.310 Thread 0x0000026a4829e000 Exception <a 'sun/nio/fs/WindowsException'{0x0000000092090990}> (0x0000000092090990) thrown at [./src/hotspot/share/prims/jni.cpp, line 615]
Event: 9239.147 Thread 0x0000026a41755800 Exception <a 'sun/nio/fs/WindowsException'{0x0000000091f9ee00}> (0x0000000091f9ee00) thrown at [./src/hotspot/share/prims/jni.cpp, line 615]
Event: 9239.157 Thread 0x0000026a48298800 Exception <a 'sun/nio/fs/WindowsException'{0x0000000091f40c78}> (0x0000000091f40c78) thrown at [./src/hotspot/share/prims/jni.cpp, line 615]
Event: 9239.550 Thread 0x0000026a48298800 Exception <a 'sun/nio/fs/WindowsException'{0x00000000944f28a8}> (0x00000000944f28a8) thrown at [./src/hotspot/share/prims/jni.cpp, line 615]
Event: 9239.599 Thread 0x0000026a4175b000 Exception <a 'sun/nio/fs/WindowsException'{0x00000000945aac50}> (0x00000000945aac50) thrown at [./src/hotspot/share/prims/jni.cpp, line 615]
Event: 9239.679 Thread 0x0000026a41755800 Exception <a 'sun/nio/fs/WindowsException'{0x0000000092e22b60}> (0x0000000092e22b60) thrown at [./src/hotspot/share/prims/jni.cpp, line 615]

Events (20 events):
Event: 9239.788 Executing VM operation: RevokeBias done
Event: 9239.789 Thread 0x0000026a41760000 Thread added: 0x0000026a41760000
Event: 9239.790 Thread 0x0000026a4175e800 Thread added: 0x0000026a4175e800
Event: 9239.791 Executing VM operation: RevokeBias
Event: 9239.792 Executing VM operation: RevokeBias done
Event: 9239.793 Thread 0x0000026a41761800 Thread added: 0x0000026a41761800
Event: 9239.794 Executing VM operation: RevokeBias
Event: 9239.796 Executing VM operation: RevokeBias done
Event: 9239.797 Thread 0x0000026a419be800 Thread added: 0x0000026a419be800
Event: 9239.797 Thread 0x0000026a419bf000 Thread added: 0x0000026a419bf000
Event: 9239.797 Executing VM operation: RevokeBias
Event: 9239.799 Executing VM operation: RevokeBias done
Event: 9239.799 Executing VM operation: RevokeBias
Event: 9239.800 Executing VM operation: RevokeBias done
Event: 9239.803 Thread 0x0000026a419bb000 Thread added: 0x0000026a419bb000
Event: 9239.807 loading class com/android/tools/r8/internal/Sg
Event: 9239.807 loading class com/android/tools/r8/internal/Sg done
Event: 9239.813 Executing VM operation: RevokeBias
Event: 9239.815 Executing VM operation: RevokeBias done
Event: 9239.854 Executing VM operation: G1CollectForAllocation


Dynamic libraries:
0x00007ff69d4c0000 - 0x00007ff69d4ca000 	D:\Android Studio\jre\bin\java.exe
0x00007ffb9e470000 - 0x00007ffb9e665000 	C:\WINDOWS\SYSTEM32\ntdll.dll
0x00007ffb9ce20000 - 0x00007ffb9cedd000 	C:\WINDOWS\System32\KERNEL32.DLL
0x00007ffb9c050000 - 0x00007ffb9c319000 	C:\WINDOWS\System32\KERNELBASE.dll
0x00007ffb9bbd0000 - 0x00007ffb9bcd0000 	C:\WINDOWS\System32\ucrtbase.dll
0x00007ffb94430000 - 0x00007ffb94449000 	D:\Android Studio\jre\bin\jli.dll
0x00007ffb9e290000 - 0x00007ffb9e430000 	C:\WINDOWS\System32\USER32.dll
0x00007ffb9bba0000 - 0x00007ffb9bbc2000 	C:\WINDOWS\System32\win32u.dll
0x00007ffb9c530000 - 0x00007ffb9c55a000 	C:\WINDOWS\System32\GDI32.dll
0x00007ffb9beb0000 - 0x00007ffb9bfbb000 	C:\WINDOWS\System32\gdi32full.dll
0x00007ffb9bcd0000 - 0x00007ffb9bd6d000 	C:\WINDOWS\System32\msvcp_win.dll
0x00007ffb7f160000 - 0x00007ffb7f3fa000 	C:\WINDOWS\WinSxS\amd64_microsoft.windows.common-controls_6595b64144ccf1df_6.0.19041.1110_none_60b5254171f9507e\COMCTL32.dll
0x00007ffb9e1f0000 - 0x00007ffb9e28e000 	C:\WINDOWS\System32\msvcrt.dll
0x00007ffb8aca0000 - 0x00007ffb8acb7000 	D:\Android Studio\jre\bin\VCRUNTIME140.dll
0x00007ffb9d030000 - 0x00007ffb9d060000 	C:\WINDOWS\System32\IMM32.DLL
0x00007ffb76970000 - 0x00007ffb76a0d000 	D:\Android Studio\jre\bin\msvcp140.dll
0x00007ffb166c0000 - 0x00007ffb1718f000 	D:\Android Studio\jre\bin\server\jvm.dll
0x00007ffb9d540000 - 0x00007ffb9d5ec000 	C:\WINDOWS\System32\ADVAPI32.dll
0x00007ffb9cee0000 - 0x00007ffb9cf7b000 	C:\WINDOWS\System32\sechost.dll
0x00007ffb9da00000 - 0x00007ffb9db2a000 	C:\WINDOWS\System32\RPCRT4.dll
0x00007ffb9d5f0000 - 0x00007ffb9d5f8000 	C:\WINDOWS\System32\PSAPI.DLL
0x00007ffb951c0000 - 0x00007ffb951ca000 	C:\WINDOWS\SYSTEM32\VERSION.dll
0x00007ffb8afa0000 - 0x00007ffb8afc7000 	C:\WINDOWS\SYSTEM32\WINMM.dll
0x00007ffb753d0000 - 0x00007ffb753d9000 	C:\WINDOWS\SYSTEM32\WSOCK32.dll
0x00007ffb9d7b0000 - 0x00007ffb9d81b000 	C:\WINDOWS\System32\WS2_32.dll
0x00007ffb99990000 - 0x00007ffb999a2000 	C:\WINDOWS\SYSTEM32\kernel.appcore.dll
0x00007ffb76ab0000 - 0x00007ffb76ac1000 	D:\Android Studio\jre\bin\verify.dll
0x00007ffb991e0000 - 0x00007ffb993c4000 	C:\WINDOWS\SYSTEM32\DBGHELP.DLL
0x00007ffb85eb0000 - 0x00007ffb85edc000 	C:\WINDOWS\SYSTEM32\dbgcore.DLL
0x00007ffb9bd70000 - 0x00007ffb9bdf3000 	C:\WINDOWS\System32\bcryptPrimitives.dll
0x00007ffb5d870000 - 0x00007ffb5d899000 	D:\Android Studio\jre\bin\java.dll
0x00007ffb97540000 - 0x00007ffb9754b000 	D:\Android Studio\jre\bin\jimage.dll
0x00007ffb753e0000 - 0x00007ffb753f8000 	D:\Android Studio\jre\bin\zip.dll
0x00007ffb9c680000 - 0x00007ffb9cdbf000 	C:\WINDOWS\System32\SHELL32.dll
0x00007ffb99c70000 - 0x00007ffb9a400000 	C:\WINDOWS\SYSTEM32\windows.storage.dll
0x00007ffb9dd90000 - 0x00007ffb9e0e5000 	C:\WINDOWS\System32\combase.dll
0x00007ffb9b600000 - 0x00007ffb9b62c000 	C:\WINDOWS\SYSTEM32\Wldp.dll
0x00007ffb9db30000 - 0x00007ffb9dbde000 	C:\WINDOWS\System32\SHCORE.dll
0x00007ffb9c4d0000 - 0x00007ffb9c525000 	C:\WINDOWS\System32\shlwapi.dll
0x00007ffb9bae0000 - 0x00007ffb9baff000 	C:\WINDOWS\SYSTEM32\profapi.dll
0x00007ffb5d850000 - 0x00007ffb5d86a000 	D:\Android Studio\jre\bin\net.dll
0x00007ffb8ffd0000 - 0x00007ffb900d8000 	C:\WINDOWS\SYSTEM32\WINHTTP.dll
0x00007ffb9b310000 - 0x00007ffb9b37a000 	C:\WINDOWS\system32\mswsock.dll
0x00007ffb5d600000 - 0x00007ffb5d614000 	D:\Android Studio\jre\bin\nio.dll
0x00007ffb96ca0000 - 0x00007ffb96cc7000 	C:\Users\vadim\.gradle\native\8bec1ad78214c89d9ad589b4d07fe93259594b29d510b10fafb7a158f7737e5d\windows-amd64\native-platform.dll
0x00007ffb5f1c0000 - 0x00007ffb5f2fd000 	C:\Users\vadim\.gradle\native\53dbd7edfb1c66fb8903c78663c9afc45aea4f116125fa6feffd364cf09443e8\windows-amd64\native-platform-file-events.dll
0x00007ffb974f0000 - 0x00007ffb974fa000 	D:\Android Studio\jre\bin\management.dll
0x00007ffb974d0000 - 0x00007ffb974dc000 	D:\Android Studio\jre\bin\management_ext.dll
0x00007ffb9b540000 - 0x00007ffb9b558000 	C:\WINDOWS\SYSTEM32\CRYPTSP.dll
0x00007ffb9ac30000 - 0x00007ffb9ac64000 	C:\WINDOWS\system32\rsaenh.dll
0x00007ffb9bfc0000 - 0x00007ffb9bfe7000 	C:\WINDOWS\System32\bcrypt.dll
0x00007ffb9ba60000 - 0x00007ffb9ba8e000 	C:\WINDOWS\SYSTEM32\USERENV.dll
0x00007ffb9b530000 - 0x00007ffb9b53c000 	C:\WINDOWS\SYSTEM32\CRYPTBASE.dll
0x00007ffb9afd0000 - 0x00007ffb9b00b000 	C:\WINDOWS\SYSTEM32\IPHLPAPI.DLL
0x00007ffb9e0f0000 - 0x00007ffb9e0f8000 	C:\WINDOWS\System32\NSI.dll
0x00007ffb93c50000 - 0x00007ffb93c67000 	C:\WINDOWS\SYSTEM32\dhcpcsvc6.DLL
0x00007ffb93ba0000 - 0x00007ffb93bbd000 	C:\WINDOWS\SYSTEM32\dhcpcsvc.DLL
0x00007ffb9b010000 - 0x00007ffb9b0dc000 	C:\WINDOWS\SYSTEM32\DNSAPI.dll
0x00007ffb8ac80000 - 0x00007ffb8ac9e000 	C:\Users\vadim\AppData\Local\Temp\native-platform16049870092067846281dir\native-platform.dll
0x00007ffb974e0000 - 0x00007ffb974e8000 	D:\Android Studio\jre\bin\rmi.dll
0x00007ffb944e0000 - 0x00007ffb94507000 	D:\Android Studio\jre\bin\sunec.dll

dbghelp: loaded successfully - version: 4.0.5 - missing functions: none
symbol engine: initialized successfully - sym options: 0x614 - pdb path: .;D:\Android Studio\jre\bin;C:\WINDOWS\SYSTEM32;C:\WINDOWS\WinSxS\amd64_microsoft.windows.common-controls_6595b64144ccf1df_6.0.19041.1110_none_60b5254171f9507e;D:\Android Studio\jre\bin\server;C:\Users\vadim\.gradle\native\8bec1ad78214c89d9ad589b4d07fe93259594b29d510b10fafb7a158f7737e5d\windows-amd64;C:\Users\vadim\.gradle\native\53dbd7edfb1c66fb8903c78663c9afc45aea4f116125fa6feffd364cf09443e8\windows-amd64;C:\Users\vadim\AppData\Local\Temp\native-platform16049870092067846281dir

VM Arguments:
jvm_args: --add-opens=java.base/java.util=ALL-UNNAMED --add-opens=java.base/java.lang=ALL-UNNAMED --add-opens=java.base/java.lang.invoke=ALL-UNNAMED --add-opens=java.base/java.util=ALL-UNNAMED --add-opens=java.prefs/java.util.prefs=ALL-UNNAMED --add-opens=java.prefs/java.util.prefs=ALL-UNNAMED --add-opens=java.base/java.nio.charset=ALL-UNNAMED --add-opens=java.base/java.net=ALL-UNNAMED --add-opens=java.base/java.util.concurrent.atomic=ALL-UNNAMED -Xmx2048m -Dfile.encoding=UTF-8 -Duser.country=RU -Duser.language=ru -Duser.variant 
java_command: org.gradle.launcher.daemon.bootstrap.GradleDaemon 7.0.2
java_class_path (initial): C:\Users\vadim\.gradle\wrapper\dists\gradle-7.0.2-bin\857tjihv64xamwrf0h14cai3r\gradle-7.0.2\lib\gradle-launcher-7.0.2.jar
Launcher Type: SUN_STANDARD

[Global flags]
     intx CICompilerCount                          = 4                                         {product} {ergonomic}
     uint ConcGCThreads                            = 2                                         {product} {ergonomic}
     uint G1ConcRefinementThreads                  = 8                                         {product} {ergonomic}
   size_t G1HeapRegionSize                         = 1048576                                   {product} {ergonomic}
    uintx GCDrainStackTargetSize                   = 64                                        {product} {ergonomic}
   size_t InitialHeapSize                          = 132120576                                 {product} {ergonomic}
   size_t MarkStackSize                            = 4194304                                   {product} {ergonomic}
   size_t MaxHeapSize                              = 2147483648                                {product} {command line}
   size_t MaxNewSize                               = 1287651328                                {product} {ergonomic}
   size_t MinHeapDeltaBytes                        = 1048576                                   {product} {ergonomic}
    uintx NonNMethodCodeHeapSize                   = 5836300                                {pd product} {ergonomic}
    uintx NonProfiledCodeHeapSize                  = 122910970                              {pd product} {ergonomic}
    uintx ProfiledCodeHeapSize                     = 122910970                              {pd product} {ergonomic}
    uintx ReservedCodeCacheSize                    = 251658240                              {pd product} {ergonomic}
     bool SegmentedCodeCache                       = true                                      {product} {ergonomic}
     bool UseCompressedClassPointers               = true                                 {lp64_product} {ergonomic}
     bool UseCompressedOops                        = true                                 {lp64_product} {ergonomic}
     bool UseG1GC                                  = true                                      {product} {ergonomic}
     bool UseLargePagesIndividualAllocation        = false                                  {pd product} {ergonomic}

Logging:
Log output configuration:
 #0: stdout all=warning uptime,level,tags
 #1: stderr all=off uptime,level,tags

Environment Variables:
PATH=C:\Program Files (x86)\Common Files\Oracle\Java\javapath;C:\Program Files\Common Files\Oracle\Java\javapath;C:\Program Files (x86)\NVIDIA Corporation\PhysX\Common;C:\WINDOWS\system32;C:\WINDOWS;C:\WINDOWS\System32\Wbem;C:\WINDOWS\System32\WindowsPowerShell\v1.0\;C:\WINDOWS\System32\OpenSSH\;C:\Program Files\Git\cmd;C:\xampp\php;C:\ProgramData\ComposerSetup\bin;C:\Program Files\Docker\Docker\resources\bin;C:\ProgramData\DockerDesktop\version-bin;C:\Program Files\nodejs\;C:\Program Files\MongoDB\Server\5.0\bin;C:\Users\vadim\AppData\Local\Microsoft\WindowsApps;C:\Users\vadim\AppData\Local\GitHubDesktop\bin;C:\Users\vadim\AppData\Roaming\Composer\vendor\bin;C:\Users\vadim\AppData\Local\Programs\Microsoft VS Code\bin;C:\Users\vadim\AppData\Roaming\npm;C:\mongosh\
USERNAME=vadim
OS=Windows_NT
PROCESSOR_IDENTIFIER=Intel64 Family 6 Model 142 Stepping 12, GenuineIntel



---------------  S Y S T E M  ---------------

OS: Windows 10 , 64 bit Build 19041 (10.0.19041.1151)
OS uptime: 8 days 22:37 hours
Hyper-V role detected

CPU:total 8 (initial active 8) (4 cores per cpu, 2 threads per core) family 6 model 142 stepping 12 microcode 0xde, cmov, cx8, fxsr, mmx, sse, sse2, sse3, ssse3, sse4.1, sse4.2, popcnt, avx, avx2, aes, clmul, erms, 3dnowpref, lzcnt, ht, tsc, tscinvbit, bmi1, bmi2, adx, fma

Memory: 4k page, system-wide physical 8025M (422M free)
TotalPageFile size 20679M (AvailPageFile size 24M)
current process WorkingSet (physical memory assigned to process): 450M, peak: 471M
current process commit charge ("private bytes"): 779M, peak: 1105M

vm_info: OpenJDK 64-Bit Server VM (11.0.10+0-b96-7249189) for windows-amd64 JRE (11.0.10+0-b96-7249189), built on Mar 31 2021 21:44:00 by "builder" with MS VC++ 14.0 (VS2015)

END.
