#
# There is insufficient memory for the Java Runtime Environment to continue.
# Native memory allocation (mmap) failed to map 65536 bytes for Failed to commit area from 0x000001daa3070000 to 0x000001daa3080000 of length 65536.
# Possible reasons:
#   The system is out of physical RAM or swap space
#   The process is running with CompressedOops enabled, and the Java Heap may be blocking the growth of the native heap
# Possible solutions:
#   Reduce memory load on the system
#   Increase physical memory or swap space
#   Check if swap backing store is full
#   Decrease Java heap size (-Xmx/-Xms)
#   Decrease number of Java threads
#   Decrease Java thread stack sizes (-Xss)
#   Set larger code cache with -XX:ReservedCodeCacheSize=
#   JVM is running with Unscaled Compressed Oops mode in which the Java heap is
#     placed in the first 4GB address space. The Java Heap base address is the
#     maximum limit for the native heap growth. Please use -XX:HeapBaseMinAddress
#     to set the Java Heap base and to place the Java Heap above 4GB virtual address.
# This output file may be truncated or incomplete.
#
#  Out of Memory Error (./src/hotspot/os/windows/os_windows.cpp:3301), pid=14884, tid=11640
#
# JRE version: OpenJDK Runtime Environment (11.0.10) (build 11.0.10+0-b96-7249189)
# Java VM: OpenJDK 64-Bit Server VM (11.0.10+0-b96-7249189, mixed mode, tiered, compressed oops, g1 gc, windows-amd64)
# No core dump will be written. Minidumps are not enabled by default on client versions of Windows
#

---------------  S U M M A R Y ------------

Command Line: --add-opens=java.base/java.util=ALL-UNNAMED --add-opens=java.base/java.lang=ALL-UNNAMED --add-opens=java.base/java.lang.invoke=ALL-UNNAMED --add-opens=java.base/java.util=ALL-UNNAMED --add-opens=java.prefs/java.util.prefs=ALL-UNNAMED --add-opens=java.prefs/java.util.prefs=ALL-UNNAMED --add-opens=java.base/java.nio.charset=ALL-UNNAMED --add-opens=java.base/java.net=ALL-UNNAMED --add-opens=java.base/java.util.concurrent.atomic=ALL-UNNAMED -Xmx2048m -Dfile.encoding=UTF-8 -Duser.country=RU -Duser.language=ru -Duser.variant org.gradle.launcher.daemon.bootstrap.GradleDaemon 7.0.2

Host: Intel(R) Core(TM) i5-10210U CPU @ 1.60GHz, 8 cores, 7G,  Windows 10 , 64 bit Build 19041 (10.0.19041.1151)
Time: Tue Dec 21 23:21:07 2021 Центральноевропейский (зима) elapsed time: 20.875690 seconds (0d 0h 0m 20s)

---------------  T H R E A D  ---------------

Current thread (0x000001daa755c000):  VMThread "VM Thread" [stack: 0x000000862e000000,0x000000862e100000] [id=11640]

Stack: [0x000000862e000000,0x000000862e100000]
[error occurred during error reporting (printing stack bounds), id 0xc0000005, EXCEPTION_ACCESS_VIOLATION (0xc0000005) at pc=0x000001da90430f2d]

Native frames: (J=compiled Java code, j=interpreted, Vv=VM code, C=native code)
V  [jvm.dll+0x5ecfaa]
V  [jvm.dll+0x722bd5]
V  [jvm.dll+0x72412d]
V  [jvm.dll+0x724745]
V  [jvm.dll+0x7246fb]
V  [jvm.dll+0x5ec348]
V  [jvm.dll+0x5ecad8]
C  [ntdll.dll+0xa217f]
C  [ntdll.dll+0x51454]
C  [ntdll.dll+0xa0cae]
C  0x000001da90430f2d

VM_Operation (0x00000086334fe420): G1CollectForAllocation, mode: safepoint, requested by thread 0x000001dab2684800


---------------  P R O C E S S  ---------------

Threads class SMR info:
_java_thread_list=0x000001dab417ff60, length=77, elements={
0x000001da8c939800, 0x000001daa755e800, 0x000001daa7560800, 0x000001daa757a800,
0x000001daa757b000, 0x000001daa757e000, 0x000001daa7586800, 0x000001daa7598800,
0x000001daa759c000, 0x000001daa8077000, 0x000001daa9497800, 0x000001daaa57b000,
0x000001daa95e8800, 0x000001daa9a1c800, 0x000001daaa8d7000, 0x000001daaa05b800,
0x000001daaabf5800, 0x000001daa952e000, 0x000001daaae69000, 0x000001daaa35e000,
0x000001daaa35b000, 0x000001daaa35f000, 0x000001daa9430000, 0x000001daaa35a000,
0x000001daaa359800, 0x000001daaa360000, 0x000001daaa35c800, 0x000001daaa35b800,
0x000001daaa35d800, 0x000001daabbff800, 0x000001daad023000, 0x000001daabc06000,
0x000001daabc03800, 0x000001daabc04000, 0x000001daabc06800, 0x000001daabc07800,
0x000001daabc05000, 0x000001daabc01800, 0x000001daabc08800, 0x000001daabc02800,
0x000001daabc0d000, 0x000001daabc0a000, 0x000001daabc0a800, 0x000001daabc0c800,
0x000001daabc0e000, 0x000001daabc09000, 0x000001daabc0b800, 0x000001daad2d2000,
0x000001daad2d1000, 0x000001daad2d2800, 0x000001daad2d0000, 0x000001daad2d3800,
0x000001daad2ce000, 0x000001daad2d4800, 0x000001dab288b800, 0x000001dab288d000,
0x000001dab288f800, 0x000001dab288e000, 0x000001dab288f000, 0x000001dab2890800,
0x000001dab288a800, 0x000001dab288c800, 0x000001dab2895800, 0x000001dab2898000,
0x000001dab2893800, 0x000001dab2897000, 0x000001dab2892000, 0x000001dab2896000,
0x000001dab2898800, 0x000001dab2893000, 0x000001dab2899800, 0x000001dab2683800,
0x000001dab2687000, 0x000001dab2688800, 0x000001dab2684800, 0x000001dab2685000,
0x000001dab2686000
}

Java Threads: ( => current thread )
  0x000001da8c939800 JavaThread "main" [_thread_blocked, id=19232, stack(0x000000862da00000,0x000000862db00000)]
  0x000001daa755e800 JavaThread "Reference Handler" daemon [_thread_blocked, id=6876, stack(0x000000862e100000,0x000000862e200000)]
  0x000001daa7560800 JavaThread "Finalizer" daemon [_thread_blocked, id=1444, stack(0x000000862e200000,0x000000862e300000)]
  0x000001daa757a800 JavaThread "Signal Dispatcher" daemon [_thread_blocked, id=21748, stack(0x000000862e300000,0x000000862e400000)]
  0x000001daa757b000 JavaThread "Attach Listener" daemon [_thread_blocked, id=6796, stack(0x000000862e400000,0x000000862e500000)]
  0x000001daa757e000 JavaThread "Service Thread" daemon [_thread_blocked, id=2936, stack(0x000000862e500000,0x000000862e600000)]
  0x000001daa7586800 JavaThread "C2 CompilerThread0" daemon [_thread_blocked, id=4264, stack(0x000000862e600000,0x000000862e700000)]
  0x000001daa7598800 JavaThread "C1 CompilerThread0" daemon [_thread_blocked, id=332, stack(0x000000862e700000,0x000000862e800000)]
  0x000001daa759c000 JavaThread "Sweeper thread" daemon [_thread_blocked, id=2628, stack(0x000000862e800000,0x000000862e900000)]
  0x000001daa8077000 JavaThread "Common-Cleaner" daemon [_thread_blocked, id=8080, stack(0x000000862e900000,0x000000862ea00000)]
  0x000001daa9497800 JavaThread "Daemon health stats" [_thread_blocked, id=1544, stack(0x000000862ef00000,0x000000862f000000)]
  0x000001daaa57b000 JavaThread "Incoming local TCP Connector on port 61206" [_thread_in_native, id=19676, stack(0x000000862ee00000,0x000000862ef00000)]
  0x000001daa95e8800 JavaThread "Daemon periodic checks" [_thread_blocked, id=3004, stack(0x000000862f000000,0x000000862f100000)]
  0x000001daa9a1c800 JavaThread "Daemon" [_thread_blocked, id=21356, stack(0x000000862f600000,0x000000862f700000)]
  0x000001daaa8d7000 JavaThread "Handler for socket connection from /127.0.0.1:61206 to /127.0.0.1:61207" [_thread_in_native, id=12012, stack(0x000000862f700000,0x000000862f800000)]
  0x000001daaa05b800 JavaThread "Cancel handler" [_thread_blocked, id=14584, stack(0x000000862f800000,0x000000862f900000)]
  0x000001daaabf5800 JavaThread "Daemon worker" [_thread_blocked, id=15432, stack(0x000000862f900000,0x000000862fa00000)]
  0x000001daa952e000 JavaThread "Asynchronous log dispatcher for DefaultDaemonConnection: socket connection from /127.0.0.1:61206 to /127.0.0.1:61207" [_thread_blocked, id=3140, stack(0x000000862fa00000,0x000000862fb00000)]
  0x000001daaae69000 JavaThread "Stdin handler" [_thread_blocked, id=11028, stack(0x000000862fb00000,0x000000862fc00000)]
  0x000001daaa35e000 JavaThread "Daemon client event forwarder" [_thread_blocked, id=13620, stack(0x000000862fc00000,0x000000862fd00000)]
  0x000001daaa35b000 JavaThread "Cache worker for file hash cache (C:\Users\vadim\.gradle\caches\7.0.2\fileHashes)" [_thread_blocked, id=11024, stack(0x000000862eb00000,0x000000862ec00000)]
  0x000001daaa35f000 JavaThread "File lock request listener" [_thread_in_native, id=8704, stack(0x000000862fd00000,0x000000862fe00000)]
  0x000001daa9430000 JavaThread "C2 CompilerThread1" daemon [_thread_blocked, id=10768, stack(0x000000862ff00000,0x0000008630000000)]
  0x000001daaa35a000 JavaThread "Cache worker for journal cache (C:\Users\vadim\.gradle\caches\journal-1)" [_thread_blocked, id=20676, stack(0x0000008630000000,0x0000008630100000)]
  0x000001daaa359800 JavaThread "Cache worker for file hash cache (C:\Users\vadim\AndroidStudioProjects\ToDoRooms\.gradle\7.0.2\fileHashes)" [_thread_blocked, id=96, stack(0x0000008630100000,0x0000008630200000)]
  0x000001daaa360000 JavaThread "File watcher server" daemon [_thread_blocked, id=19356, stack(0x0000008630200000,0x0000008630300000)]
  0x000001daaa35c800 JavaThread "File watcher consumer" daemon [_thread_blocked, id=7084, stack(0x0000008630300000,0x0000008630400000)]
  0x000001daaa35b800 JavaThread "Cache worker for checksums cache (C:\Users\vadim\AndroidStudioProjects\ToDoRooms\.gradle\checksums)" [_thread_blocked, id=3244, stack(0x0000008630400000,0x0000008630500000)]
  0x000001daaa35d800 JavaThread "Cache worker for cache directory md-supplier (C:\Users\vadim\.gradle\caches\7.0.2\md-supplier)" [_thread_blocked, id=16552, stack(0x0000008630500000,0x0000008630600000)]
  0x000001daabbff800 JavaThread "Cache worker for cache directory md-rule (C:\Users\vadim\.gradle\caches\7.0.2\md-rule)" [_thread_blocked, id=20188, stack(0x0000008630600000,0x0000008630700000)]
  0x000001daad023000 JavaThread "C2 CompilerThread2" daemon [_thread_blocked, id=15372, stack(0x0000008630700000,0x0000008630800000)]
  0x000001daabc06000 JavaThread "Cache worker for execution history cache (C:\Users\vadim\.gradle\caches\7.0.2\executionHistory)" [_thread_blocked, id=7156, stack(0x0000008630800000,0x0000008630900000)]
  0x000001daabc03800 JavaThread "jar transforms" [_thread_blocked, id=22024, stack(0x0000008630900000,0x0000008630a00000)]
  0x000001daabc04000 JavaThread "jar transforms Thread 2" [_thread_blocked, id=13988, stack(0x0000008630a00000,0x0000008630b00000)]
  0x000001daabc06800 JavaThread "Cache worker for file content cache (C:\Users\vadim\.gradle\caches\7.0.2\fileContent)" [_thread_blocked, id=19764, stack(0x0000008630b00000,0x0000008630c00000)]
  0x000001daabc07800 JavaThread "Cache worker for dependencies-accessors (C:\Users\vadim\AndroidStudioProjects\ToDoRooms\.gradle\7.0.2\dependencies-accessors)" [_thread_blocked, id=20036, stack(0x0000008630c00000,0x0000008630d00000)]
  0x000001daabc05000 JavaThread "jar transforms Thread 3" [_thread_blocked, id=22444, stack(0x0000008630d00000,0x0000008630e00000)]
  0x000001daabc01800 JavaThread "Cache worker for Build Output Cleanup Cache (C:\Users\vadim\AndroidStudioProjects\ToDoRooms\.gradle\buildOutputCleanup)" [_thread_blocked, id=11000, stack(0x0000008630e00000,0x0000008630f00000)]
  0x000001daabc08800 JavaThread "Build operations" [_thread_blocked, id=16752, stack(0x0000008630f00000,0x0000008631000000)]
  0x000001daabc02800 JavaThread "Build operations Thread 2" [_thread_blocked, id=2820, stack(0x0000008631000000,0x0000008631100000)]
  0x000001daabc0d000 JavaThread "Build operations Thread 3" [_thread_blocked, id=14404, stack(0x0000008631100000,0x0000008631200000)]
  0x000001daabc0a000 JavaThread "Build operations Thread 4" [_thread_blocked, id=17000, stack(0x0000008631200000,0x0000008631300000)]
  0x000001daabc0a800 JavaThread "Build operations Thread 5" [_thread_blocked, id=13320, stack(0x0000008631300000,0x0000008631400000)]
  0x000001daabc0c800 JavaThread "Build operations Thread 6" [_thread_blocked, id=14432, stack(0x0000008631400000,0x0000008631500000)]
  0x000001daabc0e000 JavaThread "Build operations Thread 7" [_thread_blocked, id=17312, stack(0x0000008631500000,0x0000008631600000)]
  0x000001daabc09000 JavaThread "Build operations Thread 8" [_thread_blocked, id=21192, stack(0x0000008631600000,0x0000008631700000)]
  0x000001daabc0b800 JavaThread "jar transforms Thread 4" [_thread_blocked, id=7640, stack(0x0000008631700000,0x0000008631800000)]
  0x000001daad2d2000 JavaThread "jar transforms Thread 5" [_thread_blocked, id=19116, stack(0x0000008631800000,0x0000008631900000)]
  0x000001daad2d1000 JavaThread "jar transforms Thread 6" [_thread_blocked, id=11908, stack(0x0000008631900000,0x0000008631a00000)]
  0x000001daad2d2800 JavaThread "jar transforms Thread 7" [_thread_blocked, id=20484, stack(0x0000008631a00000,0x0000008631b00000)]
  0x000001daad2d0000 JavaThread "jar transforms Thread 8" [_thread_blocked, id=10432, stack(0x0000008631b00000,0x0000008631c00000)]
  0x000001daad2d3800 JavaThread "Memory manager" [_thread_blocked, id=19500, stack(0x0000008631c00000,0x0000008631d00000)]
  0x000001daad2ce000 JavaThread "build event listener" [_thread_blocked, id=1112, stack(0x0000008631d00000,0x0000008631e00000)]
  0x000001daad2d4800 JavaThread "Execution worker for ':'" [_thread_blocked, id=9244, stack(0x0000008631e00000,0x0000008631f00000)]
  0x000001dab288b800 JavaThread "Execution worker for ':' Thread 2" [_thread_blocked, id=22368, stack(0x0000008631f00000,0x0000008632000000)]
  0x000001dab288d000 JavaThread "Execution worker for ':' Thread 3" [_thread_blocked, id=11304, stack(0x0000008632000000,0x0000008632100000)]
  0x000001dab288f800 JavaThread "Execution worker for ':' Thread 4" [_thread_blocked, id=3128, stack(0x0000008632100000,0x0000008632200000)]
  0x000001dab288e000 JavaThread "Execution worker for ':' Thread 5" [_thread_blocked, id=6124, stack(0x0000008632200000,0x0000008632300000)]
  0x000001dab288f000 JavaThread "Execution worker for ':' Thread 6" [_thread_blocked, id=412, stack(0x0000008632300000,0x0000008632400000)]
  0x000001dab2890800 JavaThread "Execution worker for ':' Thread 7" [_thread_blocked, id=20628, stack(0x0000008632400000,0x0000008632500000)]
  0x000001dab288a800 JavaThread "Cache worker for execution history cache (C:\Users\vadim\AndroidStudioProjects\ToDoRooms\.gradle\7.0.2\executionHistory)" [_thread_blocked, id=16468, stack(0x0000008632500000,0x0000008632600000)]
  0x000001dab288c800 JavaThread "WorkerExecutor Queue" [_thread_blocked, id=13392, stack(0x0000008632600000,0x0000008632700000)]
  0x000001dab2895800 JavaThread "WorkerExecutor Queue Thread 2" [_thread_blocked, id=15244, stack(0x0000008632700000,0x0000008632800000)]
  0x000001dab2898000 JavaThread "WorkerExecutor Queue Thread 3" [_thread_blocked, id=14532, stack(0x0000008632800000,0x0000008632900000)]
  0x000001dab2893800 JavaThread "WorkerExecutor Queue Thread 4" [_thread_blocked, id=3964, stack(0x0000008632900000,0x0000008632a00000)]
  0x000001dab2897000 JavaThread "WorkerExecutor Queue Thread 6" [_thread_blocked, id=17336, stack(0x0000008632b00000,0x0000008632c00000)]
  0x000001dab2892000 JavaThread "WorkerExecutor Queue Thread 7" [_thread_blocked, id=3012, stack(0x0000008632c00000,0x0000008632d00000)]
  0x000001dab2896000 JavaThread "WorkerExecutor Queue Thread 8" [_thread_blocked, id=9536, stack(0x0000008632d00000,0x0000008632e00000)]
  0x000001dab2898800 JavaThread "WorkerExecutor Queue Thread 9" [_thread_blocked, id=13984, stack(0x0000008632e00000,0x0000008632f00000)]
  0x000001dab2893000 JavaThread "ForkJoinPool-1-worker-3" daemon [_thread_blocked, id=6344, stack(0x0000008632f00000,0x0000008633000000)]
  0x000001dab2899800 JavaThread "ForkJoinPool-1-worker-5" daemon [_thread_blocked, id=20668, stack(0x0000008633000000,0x0000008633100000)]
  0x000001dab2683800 JavaThread "ForkJoinPool-1-worker-7" daemon [_thread_blocked, id=4776, stack(0x0000008633100000,0x0000008633200000)]
  0x000001dab2687000 JavaThread "ForkJoinPool-1-worker-9" daemon [_thread_blocked, id=6928, stack(0x0000008633200000,0x0000008633300000)]
  0x000001dab2688800 JavaThread "ForkJoinPool-1-worker-11" daemon [_thread_blocked, id=11552, stack(0x0000008633300000,0x0000008633400000)]
  0x000001dab2684800 JavaThread "ForkJoinPool-1-worker-13" daemon [_thread_blocked, id=21680, stack(0x0000008633400000,0x0000008633500000)]
  0x000001dab2685000 JavaThread "ForkJoinPool-1-worker-15" daemon [_thread_blocked, id=8932, stack(0x0000008633500000,0x0000008633600000)]
  0x000001dab2686000 JavaThread "ForkJoinPool-1-worker-1" daemon [_thread_blocked, id=9024, stack(0x0000008633600000,0x0000008633700000)]

Other Threads:
=>0x000001daa755c000 VMThread "VM Thread" [stack: 0x000000862e000000,0x000000862e100000] [id=11640]
  0x000001daa808a000 WatcherThread [stack: 0x000000862ea00000,0x000000862eb00000] [id=16612]
  0x000001da8c953000 GCTaskThread "GC Thread#0" [stack: 0x000000862db00000,0x000000862dc00000] [id=2792]
  0x000001daa8a36000 GCTaskThread "GC Thread#1" [stack: 0x000000862ec00000,0x000000862ed00000] [id=292]
  0x000001daa8de9000 GCTaskThread "GC Thread#2" [stack: 0x000000862ed00000,0x000000862ee00000] [id=11228]
  0x000001daaab8c800 GCTaskThread "GC Thread#3" [stack: 0x000000862f100000,0x000000862f200000] [id=21780]
  0x000001daab0dd000 GCTaskThread "GC Thread#4" [stack: 0x000000862f200000,0x000000862f300000] [id=740]
  0x000001daaaa29800 GCTaskThread "GC Thread#5" [stack: 0x000000862f300000,0x000000862f400000] [id=5336]
  0x000001daaa4d6000 GCTaskThread "GC Thread#6" [stack: 0x000000862f400000,0x000000862f500000] [id=2924]
  0x000001daaa81b800 GCTaskThread "GC Thread#7" [stack: 0x000000862f500000,0x000000862f600000] [id=7128]
  0x000001da8c988000 ConcurrentGCThread "G1 Main Marker" [stack: 0x000000862dc00000,0x000000862dd00000] [id=21964]
  0x000001da8c989800 ConcurrentGCThread "G1 Conc#0" [stack: 0x000000862dd00000,0x000000862de00000] [id=7436]
  0x000001daaa328800 ConcurrentGCThread "G1 Conc#1" [stack: 0x000000862fe00000,0x000000862ff00000] [id=4760]
  0x000001daa73b0800 ConcurrentGCThread "G1 Refine#0" [stack: 0x000000862de00000,0x000000862df00000] [id=7416]
  0x000001daab31f800 ConcurrentGCThread "G1 Refine#1" [stack: 0x0000008633700000,0x0000008633800000] [id=20376]
  0x000001daab323000 ConcurrentGCThread "G1 Refine#2" [stack: 0x0000008633800000,0x0000008633900000] [id=17608]
  0x000001daab321800 ConcurrentGCThread "G1 Refine#3" [stack: 0x0000008633900000,0x0000008633a00000] [id=8856]
  0x000001daa73b1800 ConcurrentGCThread "G1 Young RemSet Sampling" [stack: 0x000000862df00000,0x000000862e000000] [id=22192]

Threads with active compile tasks:
C2 CompilerThread0  20891 13473       4       com.android.tools.r8.graph.u::a (95 bytes)
C2 CompilerThread1  20891 13518       4       java.util.TimSort::mergeLo (659 bytes)
C2 CompilerThread2  20891 13511       4       java.util.TimSort::mergeHi (732 bytes)

VM state:at safepoint (normal execution)

VM Mutex/Monitor currently owned by a thread:  ([mutex/lock_event])
[0x000001da8c937b80] Threads_lock - owner thread: 0x000001daa755c000
[0x000001da8c936d70] Heap_lock - owner thread: 0x000001dab2684800

Heap address: 0x0000000080000000, size: 2048 MB, Compressed Oops mode: 32-bit
Narrow klass base: 0x0000000000000000, Narrow klass shift: 3
Compressed class space size: 1073741824 Address: 0x0000000100000000

Heap:
 garbage-first heap   total 419840K, used 214208K [0x0000000080000000, 0x0000000100000000)
  region size 1024K, 6 young (6144K), 6 survivors (6144K)
 Metaspace       used 99686K, capacity 102308K, committed 102476K, reserved 1138688K
  class space    used 13090K, capacity 14063K, committed 14156K, reserved 1048576K
Heap Regions: E=young(eden), S=young(survivor), O=old, HS=humongous(starts), HC=humongous(continues), CS=collection set, F=free, A=archive, TAMS=top-at-mark-start (previous, next)
|   0|0x0000000080000000, 0x0000000080100000, 0x0000000080100000|100%| O|  |TAMS 0x0000000080100000, 0x0000000080000000| Complete 
|   1|0x0000000080100000, 0x0000000080200000, 0x0000000080200000|100%| O|  |TAMS 0x0000000080200000, 0x0000000080100000| Untracked 
|   2|0x0000000080200000, 0x0000000080300000, 0x0000000080300000|100%| O|  |TAMS 0x0000000080300000, 0x0000000080200000| Complete 
|   3|0x0000000080300000, 0x0000000080400000, 0x0000000080400000|100%|HS|  |TAMS 0x0000000080400000, 0x0000000080300000| Complete 
|   4|0x0000000080400000, 0x0000000080500000, 0x0000000080500000|100%|HC|  |TAMS 0x0000000080500000, 0x0000000080400000| Complete 
|   5|0x0000000080500000, 0x0000000080600000, 0x0000000080600000|100%|HC|  |TAMS 0x0000000080600000, 0x0000000080500000| Complete 
|   6|0x0000000080600000, 0x0000000080700000, 0x0000000080700000|100%| O|  |TAMS 0x0000000080700000, 0x0000000080600000| Untracked 
|   7|0x0000000080700000, 0x0000000080800000, 0x0000000080800000|100%| O|  |TAMS 0x0000000080800000, 0x0000000080700000| Untracked 
|   8|0x0000000080800000, 0x0000000080900000, 0x0000000080900000|100%| O|  |TAMS 0x0000000080900000, 0x0000000080800000| Untracked 
|   9|0x0000000080900000, 0x0000000080a00000, 0x0000000080a00000|100%| O|  |TAMS 0x0000000080a00000, 0x0000000080900000| Untracked 
|  10|0x0000000080a00000, 0x0000000080b00000, 0x0000000080b00000|100%| O|  |TAMS 0x0000000080b00000, 0x0000000080a00000| Untracked 
|  11|0x0000000080b00000, 0x0000000080c00000, 0x0000000080c00000|100%| O|  |TAMS 0x0000000080c00000, 0x0000000080b00000| Untracked 
|  12|0x0000000080c00000, 0x0000000080d00000, 0x0000000080d00000|100%| O|  |TAMS 0x0000000080d00000, 0x0000000080c00000| Untracked 
|  13|0x0000000080d00000, 0x0000000080e00000, 0x0000000080e00000|100%| O|  |TAMS 0x0000000080e00000, 0x0000000080d00000| Untracked 
|  14|0x0000000080e00000, 0x0000000080f00000, 0x0000000080f00000|100%| O|  |TAMS 0x0000000080f00000, 0x0000000080e00000| Untracked 
|  15|0x0000000080f00000, 0x0000000081000000, 0x0000000081000000|100%| O|  |TAMS 0x0000000081000000, 0x0000000080f00000| Untracked 
|  16|0x0000000081000000, 0x0000000081100000, 0x0000000081100000|100%| O|  |TAMS 0x0000000081100000, 0x0000000081000000| Untracked 
|  17|0x0000000081100000, 0x0000000081200000, 0x0000000081200000|100%| O|  |TAMS 0x0000000081200000, 0x0000000081100000| Complete 
|  18|0x0000000081200000, 0x0000000081300000, 0x0000000081300000|100%| O|  |TAMS 0x0000000081300000, 0x0000000081200000| Complete 
|  19|0x0000000081300000, 0x0000000081400000, 0x0000000081400000|100%|HS|  |TAMS 0x0000000081400000, 0x0000000081300000| Complete 
|  20|0x0000000081400000, 0x0000000081500000, 0x0000000081500000|100%| O|  |TAMS 0x0000000081500000, 0x0000000081400000| Untracked 
|  21|0x0000000081500000, 0x0000000081600000, 0x0000000081600000|100%| O|  |TAMS 0x0000000081600000, 0x0000000081500000| Untracked 
|  22|0x0000000081600000, 0x0000000081700000, 0x0000000081700000|100%| O|  |TAMS 0x0000000081700000, 0x0000000081600000| Untracked 
|  23|0x0000000081700000, 0x0000000081800000, 0x0000000081800000|100%|HS|  |TAMS 0x0000000081800000, 0x0000000081700000| Complete 
|  24|0x0000000081800000, 0x0000000081900000, 0x0000000081900000|100%|HS|  |TAMS 0x0000000081900000, 0x0000000081800000| Complete 
|  25|0x0000000081900000, 0x0000000081a00000, 0x0000000081a00000|100%|HS|  |TAMS 0x0000000081a00000, 0x0000000081900000| Complete 
|  26|0x0000000081a00000, 0x0000000081b00000, 0x0000000081b00000|100%|HC|  |TAMS 0x0000000081b00000, 0x0000000081a00000| Complete 
|  27|0x0000000081b00000, 0x0000000081c00000, 0x0000000081c00000|100%|HC|  |TAMS 0x0000000081c00000, 0x0000000081b00000| Complete 
|  28|0x0000000081c00000, 0x0000000081d00000, 0x0000000081d00000|100%| O|  |TAMS 0x0000000081d00000, 0x0000000081c00000| Untracked 
|  29|0x0000000081d00000, 0x0000000081e00000, 0x0000000081e00000|100%| O|  |TAMS 0x0000000081e00000, 0x0000000081d00000| Untracked 
|  30|0x0000000081e00000, 0x0000000081f00000, 0x0000000081f00000|100%| O|  |TAMS 0x0000000081f00000, 0x0000000081e00000| Untracked 
|  31|0x0000000081f00000, 0x0000000082000000, 0x0000000082000000|100%| O|  |TAMS 0x0000000082000000, 0x0000000081f00000| Untracked 
|  32|0x0000000082000000, 0x0000000082100000, 0x0000000082100000|100%| O|  |TAMS 0x0000000082100000, 0x0000000082000000| Untracked 
|  33|0x0000000082100000, 0x0000000082200000, 0x0000000082200000|100%| O|  |TAMS 0x0000000082200000, 0x0000000082100000| Complete 
|  34|0x0000000082200000, 0x0000000082300000, 0x0000000082300000|100%|HS|  |TAMS 0x0000000082300000, 0x0000000082200000| Complete 
|  35|0x0000000082300000, 0x0000000082400000, 0x0000000082400000|100%|HC|  |TAMS 0x0000000082400000, 0x0000000082300000| Complete 
|  36|0x0000000082400000, 0x0000000082500000, 0x0000000082500000|100%| O|  |TAMS 0x0000000082500000, 0x0000000082400000| Untracked 
|  37|0x0000000082500000, 0x0000000082600000, 0x0000000082600000|100%| O|  |TAMS 0x0000000082600000, 0x0000000082500000| Untracked 
|  38|0x0000000082600000, 0x0000000082700000, 0x0000000082700000|100%| O|  |TAMS 0x0000000082700000, 0x0000000082600000| Untracked 
|  39|0x0000000082700000, 0x0000000082800000, 0x0000000082800000|100%| O|  |TAMS 0x0000000082800000, 0x0000000082700000| Untracked 
|  40|0x0000000082800000, 0x0000000082900000, 0x0000000082900000|100%| O|  |TAMS 0x0000000082900000, 0x0000000082800000| Untracked 
|  41|0x0000000082900000, 0x0000000082a00000, 0x0000000082a00000|100%| O|  |TAMS 0x0000000082a00000, 0x0000000082900000| Untracked 
|  42|0x0000000082a00000, 0x0000000082b00000, 0x0000000082b00000|100%| O|  |TAMS 0x0000000082b00000, 0x0000000082a00000| Untracked 
|  43|0x0000000082b00000, 0x0000000082c00000, 0x0000000082c00000|100%| O|  |TAMS 0x0000000082c00000, 0x0000000082b00000| Complete 
|  44|0x0000000082c00000, 0x0000000082d00000, 0x0000000082d00000|100%| O|  |TAMS 0x0000000082d00000, 0x0000000082c00000| Untracked 
|  45|0x0000000082d00000, 0x0000000082e00000, 0x0000000082e00000|100%| O|  |TAMS 0x0000000082e00000, 0x0000000082d00000| Untracked 
|  46|0x0000000082e00000, 0x0000000082f00000, 0x0000000082f00000|100%| O|  |TAMS 0x0000000082f00000, 0x0000000082e00000| Untracked 
|  47|0x0000000082f00000, 0x0000000083000000, 0x0000000083000000|100%| O|  |TAMS 0x0000000083000000, 0x0000000082f00000| Untracked 
|  48|0x0000000083000000, 0x0000000083100000, 0x0000000083100000|100%| O|  |TAMS 0x0000000083100000, 0x0000000083000000| Untracked 
|  49|0x0000000083100000, 0x0000000083200000, 0x0000000083200000|100%| O|  |TAMS 0x0000000083200000, 0x0000000083100000| Untracked 
|  50|0x0000000083200000, 0x0000000083300000, 0x0000000083300000|100%| O|  |TAMS 0x0000000083300000, 0x0000000083200000| Untracked 
|  51|0x0000000083300000, 0x0000000083400000, 0x0000000083400000|100%| O|  |TAMS 0x0000000083400000, 0x0000000083300000| Untracked 
|  52|0x0000000083400000, 0x0000000083500000, 0x0000000083500000|100%| O|  |TAMS 0x0000000083500000, 0x0000000083400000| Untracked 
|  53|0x0000000083500000, 0x0000000083600000, 0x0000000083600000|100%| O|  |TAMS 0x0000000083600000, 0x0000000083500000| Untracked 
|  54|0x0000000083600000, 0x0000000083700000, 0x0000000083700000|100%| O|  |TAMS 0x0000000083700000, 0x0000000083600000| Untracked 
|  55|0x0000000083700000, 0x0000000083800000, 0x0000000083800000|100%| O|  |TAMS 0x0000000083800000, 0x0000000083700000| Untracked 
|  56|0x0000000083800000, 0x0000000083900000, 0x0000000083900000|100%| O|  |TAMS 0x0000000083900000, 0x0000000083800000| Untracked 
|  57|0x0000000083900000, 0x0000000083a00000, 0x0000000083a00000|100%| O|  |TAMS 0x0000000083a00000, 0x0000000083900000| Untracked 
|  58|0x0000000083a00000, 0x0000000083b00000, 0x0000000083b00000|100%| O|  |TAMS 0x0000000083b00000, 0x0000000083a00000| Complete 
|  59|0x0000000083b00000, 0x0000000083c00000, 0x0000000083c00000|100%| O|  |TAMS 0x0000000083c00000, 0x0000000083b00000| Untracked 
|  60|0x0000000083c00000, 0x0000000083d00000, 0x0000000083d00000|100%| O|  |TAMS 0x0000000083d00000, 0x0000000083c00000| Untracked 
|  61|0x0000000083d00000, 0x0000000083e00000, 0x0000000083e00000|100%| O|  |TAMS 0x0000000083e00000, 0x0000000083d00000| Untracked 
|  62|0x0000000083e00000, 0x0000000083f00000, 0x0000000083f00000|100%| O|  |TAMS 0x0000000083f00000, 0x0000000083e00000| Complete 
|  63|0x0000000083f00000, 0x0000000084000000, 0x0000000084000000|100%| O|  |TAMS 0x0000000084000000, 0x0000000083f00000| Untracked 
|  64|0x0000000084000000, 0x0000000084100000, 0x0000000084100000|100%| O|  |TAMS 0x0000000084100000, 0x0000000084000000| Untracked 
|  65|0x0000000084100000, 0x0000000084200000, 0x0000000084200000|100%| O|  |TAMS 0x0000000084200000, 0x0000000084100000| Untracked 
|  66|0x0000000084200000, 0x0000000084300000, 0x0000000084300000|100%| O|  |TAMS 0x0000000084300000, 0x0000000084200000| Untracked 
|  67|0x0000000084300000, 0x0000000084400000, 0x0000000084400000|100%| O|  |TAMS 0x0000000084400000, 0x0000000084300000| Untracked 
|  68|0x0000000084400000, 0x0000000084500000, 0x0000000084500000|100%| O|  |TAMS 0x0000000084500000, 0x0000000084400000| Untracked 
|  69|0x0000000084500000, 0x0000000084600000, 0x0000000084600000|100%| O|  |TAMS 0x0000000084600000, 0x0000000084500000| Untracked 
|  70|0x0000000084600000, 0x0000000084700000, 0x0000000084700000|100%| O|  |TAMS 0x0000000084700000, 0x0000000084600000| Complete 
|  71|0x0000000084700000, 0x0000000084800000, 0x0000000084800000|100%| O|  |TAMS 0x0000000084800000, 0x0000000084700000| Untracked 
|  72|0x0000000084800000, 0x0000000084900000, 0x0000000084900000|100%| O|  |TAMS 0x0000000084900000, 0x0000000084800000| Untracked 
|  73|0x0000000084900000, 0x0000000084a00000, 0x0000000084a00000|100%| O|  |TAMS 0x0000000084a00000, 0x0000000084900000| Untracked 
|  74|0x0000000084a00000, 0x0000000084b00000, 0x0000000084b00000|100%| O|  |TAMS 0x0000000084b00000, 0x0000000084a00000| Untracked 
|  75|0x0000000084b00000, 0x0000000084c00000, 0x0000000084c00000|100%| O|  |TAMS 0x0000000084c00000, 0x0000000084b00000| Complete 
|  76|0x0000000084c00000, 0x0000000084d00000, 0x0000000084d00000|100%| O|  |TAMS 0x0000000084d00000, 0x0000000084c00000| Untracked 
|  77|0x0000000084d00000, 0x0000000084e00000, 0x0000000084e00000|100%| O|  |TAMS 0x0000000084e00000, 0x0000000084d00000| Untracked 
|  78|0x0000000084e00000, 0x0000000084f00000, 0x0000000084f00000|100%| O|  |TAMS 0x0000000084f00000, 0x0000000084e00000| Untracked 
|  79|0x0000000084f00000, 0x0000000085000000, 0x0000000085000000|100%| O|  |TAMS 0x0000000085000000, 0x0000000084f00000| Untracked 
|  80|0x0000000085000000, 0x0000000085100000, 0x0000000085100000|100%|HS|  |TAMS 0x0000000085100000, 0x0000000085000000| Complete 
|  81|0x0000000085100000, 0x0000000085200000, 0x0000000085200000|100%|HC|  |TAMS 0x0000000085200000, 0x0000000085100000| Complete 
|  82|0x0000000085200000, 0x0000000085300000, 0x0000000085300000|100%| O|  |TAMS 0x0000000085300000, 0x0000000085200000| Untracked 
|  83|0x0000000085300000, 0x0000000085400000, 0x0000000085400000|100%| O|  |TAMS 0x0000000085400000, 0x0000000085300000| Untracked 
|  84|0x0000000085400000, 0x0000000085500000, 0x0000000085500000|100%| O|  |TAMS 0x0000000085500000, 0x0000000085400000| Complete 
|  85|0x0000000085500000, 0x0000000085600000, 0x0000000085600000|100%|HS|  |TAMS 0x0000000085600000, 0x0000000085500000| Complete 
|  86|0x0000000085600000, 0x0000000085700000, 0x0000000085700000|100%|HS|  |TAMS 0x0000000085700000, 0x0000000085600000| Complete 
|  87|0x0000000085700000, 0x0000000085800000, 0x0000000085800000|100%|HS|  |TAMS 0x0000000085800000, 0x0000000085700000| Complete 
|  88|0x0000000085800000, 0x0000000085900000, 0x0000000085900000|100%|HS|  |TAMS 0x0000000085900000, 0x0000000085800000| Complete 
|  89|0x0000000085900000, 0x0000000085a00000, 0x0000000085a00000|100%|HC|  |TAMS 0x0000000085a00000, 0x0000000085900000| Complete 
|  90|0x0000000085a00000, 0x0000000085b00000, 0x0000000085b00000|100%|HC|  |TAMS 0x0000000085b00000, 0x0000000085a00000| Complete 
|  91|0x0000000085b00000, 0x0000000085c00000, 0x0000000085c00000|100%|HS|  |TAMS 0x0000000085c00000, 0x0000000085b00000| Complete 
|  92|0x0000000085c00000, 0x0000000085d00000, 0x0000000085d00000|100%|HS|  |TAMS 0x0000000085c00000, 0x0000000085c00000| Complete 
|  93|0x0000000085d00000, 0x0000000085e00000, 0x0000000085e00000|100%|HS|  |TAMS 0x0000000085d00000, 0x0000000085d00000| Complete 
|  94|0x0000000085e00000, 0x0000000085f00000, 0x0000000085f00000|100%|HS|  |TAMS 0x0000000085e00000, 0x0000000085e00000| Complete 
|  95|0x0000000085f00000, 0x0000000086000000, 0x0000000086000000|100%| O|  |TAMS 0x0000000086000000, 0x0000000085f00000| Complete 
|  96|0x0000000086000000, 0x0000000086000000, 0x0000000086100000|  0%| F|  |TAMS 0x0000000086000000, 0x0000000086000000| Untracked 
|  97|0x0000000086100000, 0x0000000086200000, 0x0000000086200000|100%| O|  |TAMS 0x0000000086200000, 0x0000000086100000| Complete 
|  98|0x0000000086200000, 0x0000000086200000, 0x0000000086300000|  0%| F|  |TAMS 0x0000000086200000, 0x0000000086200000| Untracked 
|  99|0x0000000086300000, 0x0000000086400000, 0x0000000086400000|100%| O|  |TAMS 0x0000000086400000, 0x0000000086300000| Untracked 
| 100|0x0000000086400000, 0x0000000086500000, 0x0000000086500000|100%| O|  |TAMS 0x0000000086500000, 0x0000000086400000| Complete 
| 101|0x0000000086500000, 0x0000000086600000, 0x0000000086600000|100%| O|  |TAMS 0x0000000086600000, 0x0000000086500000| Complete 
| 102|0x0000000086600000, 0x0000000086700000, 0x0000000086700000|100%| O|  |TAMS 0x0000000086700000, 0x0000000086600000| Complete 
| 103|0x0000000086700000, 0x0000000086700000, 0x0000000086800000|  0%| F|  |TAMS 0x0000000086700000, 0x0000000086700000| Untracked 
| 104|0x0000000086800000, 0x0000000086900000, 0x0000000086900000|100%| O|  |TAMS 0x0000000086900000, 0x0000000086800000| Complete 
| 105|0x0000000086900000, 0x0000000086a00000, 0x0000000086a00000|100%| O|  |TAMS 0x0000000086a00000, 0x0000000086900000| Complete 
| 106|0x0000000086a00000, 0x0000000086b00000, 0x0000000086b00000|100%|HS|  |TAMS 0x0000000086b00000, 0x0000000086a00000| Complete 
| 107|0x0000000086b00000, 0x0000000086c00000, 0x0000000086c00000|100%| O|  |TAMS 0x0000000086c00000, 0x0000000086b00000| Complete 
| 108|0x0000000086c00000, 0x0000000086d00000, 0x0000000086d00000|100%| O|  |TAMS 0x0000000086d00000, 0x0000000086c00000| Complete 
| 109|0x0000000086d00000, 0x0000000086e00000, 0x0000000086e00000|100%|HS|  |TAMS 0x0000000086d00000, 0x0000000086d00000| Complete 
| 110|0x0000000086e00000, 0x0000000086f00000, 0x0000000086f00000|100%|HC|  |TAMS 0x0000000086e00000, 0x0000000086e00000| Complete 
| 111|0x0000000086f00000, 0x0000000086f00000, 0x0000000087000000|  0%| F|  |TAMS 0x0000000086f00000, 0x0000000086f00000| Untracked 
| 112|0x0000000087000000, 0x0000000087100000, 0x0000000087100000|100%| O|  |TAMS 0x0000000087100000, 0x0000000087000000| Complete 
| 113|0x0000000087100000, 0x0000000087200000, 0x0000000087200000|100%| O|  |TAMS 0x0000000087200000, 0x0000000087100000| Untracked 
| 114|0x0000000087200000, 0x0000000087300000, 0x0000000087300000|100%| O|  |TAMS 0x0000000087300000, 0x0000000087200000| Untracked 
| 115|0x0000000087300000, 0x0000000087400000, 0x0000000087400000|100%| O|  |TAMS 0x0000000087400000, 0x0000000087300000| Complete 
| 116|0x0000000087400000, 0x0000000087500000, 0x0000000087500000|100%| O|  |TAMS 0x0000000087500000, 0x0000000087400000| Untracked 
| 117|0x0000000087500000, 0x0000000087600000, 0x0000000087600000|100%| O|  |TAMS 0x0000000087600000, 0x0000000087500000| Untracked 
| 118|0x0000000087600000, 0x0000000087700000, 0x0000000087700000|100%| O|  |TAMS 0x0000000087700000, 0x0000000087600000| Untracked 
| 119|0x0000000087700000, 0x0000000087800000, 0x0000000087800000|100%| O|  |TAMS 0x0000000087800000, 0x0000000087700000| Untracked 
| 120|0x0000000087800000, 0x0000000087900000, 0x0000000087900000|100%| O|  |TAMS 0x0000000087900000, 0x0000000087800000| Untracked 
| 121|0x0000000087900000, 0x0000000087a00000, 0x0000000087a00000|100%| O|  |TAMS 0x0000000087a00000, 0x0000000087900000| Complete 
| 122|0x0000000087a00000, 0x0000000087b00000, 0x0000000087b00000|100%| O|  |TAMS 0x0000000087b00000, 0x0000000087a00000| Complete 
| 123|0x0000000087b00000, 0x0000000087c00000, 0x0000000087c00000|100%| O|  |TAMS 0x0000000087c00000, 0x0000000087b00000| Complete 
| 124|0x0000000087c00000, 0x0000000087d00000, 0x0000000087d00000|100%| O|  |TAMS 0x0000000087d00000, 0x0000000087c00000| Complete 
| 125|0x0000000087d00000, 0x0000000087e00000, 0x0000000087e00000|100%| O|  |TAMS 0x0000000087e00000, 0x0000000087d00000| Complete 
| 126|0x0000000087e00000, 0x0000000087f00000, 0x0000000087f00000|100%| O|  |TAMS 0x0000000087f00000, 0x0000000087e00000| Complete 
| 127|0x0000000087f00000, 0x0000000088000000, 0x0000000088000000|100%| O|  |TAMS 0x0000000088000000, 0x0000000087f00000| Complete 
| 128|0x0000000088000000, 0x0000000088100000, 0x0000000088100000|100%| O|  |TAMS 0x0000000088100000, 0x0000000088000000| Complete 
| 129|0x0000000088100000, 0x0000000088200000, 0x0000000088200000|100%| O|  |TAMS 0x0000000088200000, 0x0000000088100000| Complete 
| 130|0x0000000088200000, 0x0000000088300000, 0x0000000088300000|100%| O|  |TAMS 0x0000000088300000, 0x0000000088200000| Complete 
| 131|0x0000000088300000, 0x0000000088400000, 0x0000000088400000|100%| O|  |TAMS 0x0000000088400000, 0x0000000088300000| Complete 
| 132|0x0000000088400000, 0x0000000088500000, 0x0000000088500000|100%| O|  |TAMS 0x0000000088500000, 0x0000000088400000| Complete 
| 133|0x0000000088500000, 0x0000000088600000, 0x0000000088600000|100%| O|  |TAMS 0x0000000088600000, 0x0000000088500000| Complete 
| 134|0x0000000088600000, 0x0000000088700000, 0x0000000088700000|100%| O|  |TAMS 0x0000000088700000, 0x0000000088600000| Complete 
| 135|0x0000000088700000, 0x0000000088800000, 0x0000000088800000|100%| O|  |TAMS 0x0000000088800000, 0x0000000088700000| Complete 
| 136|0x0000000088800000, 0x0000000088900000, 0x0000000088900000|100%| O|  |TAMS 0x0000000088900000, 0x0000000088800000| Complete 
| 137|0x0000000088900000, 0x0000000088a00000, 0x0000000088a00000|100%| O|  |TAMS 0x0000000088a00000, 0x0000000088900000| Complete 
| 138|0x0000000088a00000, 0x0000000088b00000, 0x0000000088b00000|100%| O|  |TAMS 0x0000000088b00000, 0x0000000088a00000| Complete 
| 139|0x0000000088b00000, 0x0000000088b00000, 0x0000000088c00000|  0%| F|  |TAMS 0x0000000088b00000, 0x0000000088b00000| Untracked 
| 140|0x0000000088c00000, 0x0000000088d00000, 0x0000000088d00000|100%| O|  |TAMS 0x0000000088d00000, 0x0000000088c00000| Complete 
| 141|0x0000000088d00000, 0x0000000088e00000, 0x0000000088e00000|100%| O|  |TAMS 0x0000000088e00000, 0x0000000088d00000| Untracked 
| 142|0x0000000088e00000, 0x0000000088f00000, 0x0000000088f00000|100%| O|  |TAMS 0x0000000088f00000, 0x0000000088e00000| Untracked 
| 143|0x0000000088f00000, 0x0000000089000000, 0x0000000089000000|100%| O|  |TAMS 0x0000000089000000, 0x0000000088f00000| Complete 
| 144|0x0000000089000000, 0x0000000089100000, 0x0000000089100000|100%| O|  |TAMS 0x0000000089100000, 0x0000000089000000| Untracked 
| 145|0x0000000089100000, 0x0000000089200000, 0x0000000089200000|100%| O|  |TAMS 0x0000000089200000, 0x0000000089100000| Complete 
| 146|0x0000000089200000, 0x0000000089300000, 0x0000000089300000|100%| O|  |TAMS 0x0000000089300000, 0x0000000089200000| Untracked 
| 147|0x0000000089300000, 0x0000000089400000, 0x0000000089400000|100%| O|  |TAMS 0x0000000089400000, 0x0000000089300000| Untracked 
| 148|0x0000000089400000, 0x0000000089500000, 0x0000000089500000|100%| O|  |TAMS 0x0000000089500000, 0x0000000089400000| Untracked 
| 149|0x0000000089500000, 0x0000000089600000, 0x0000000089600000|100%| O|  |TAMS 0x0000000089600000, 0x0000000089500000| Untracked 
| 150|0x0000000089600000, 0x0000000089700000, 0x0000000089700000|100%| O|  |TAMS 0x0000000089700000, 0x0000000089600000| Untracked 
| 151|0x0000000089700000, 0x0000000089800000, 0x0000000089800000|100%| O|  |TAMS 0x0000000089800000, 0x0000000089700000| Complete 
| 152|0x0000000089800000, 0x0000000089900000, 0x0000000089900000|100%| O|  |TAMS 0x0000000089900000, 0x0000000089800000| Complete 
| 153|0x0000000089900000, 0x0000000089a00000, 0x0000000089a00000|100%| O|  |TAMS 0x0000000089a00000, 0x0000000089900000| Complete 
| 154|0x0000000089a00000, 0x0000000089b00000, 0x0000000089b00000|100%| O|  |TAMS 0x0000000089b00000, 0x0000000089a00000| Complete 
| 155|0x0000000089b00000, 0x0000000089c00000, 0x0000000089c00000|100%| O|  |TAMS 0x0000000089c00000, 0x0000000089b00000| Complete 
| 156|0x0000000089c00000, 0x0000000089d00000, 0x0000000089d00000|100%| O|  |TAMS 0x0000000089d00000, 0x0000000089c00000| Untracked 
| 157|0x0000000089d00000, 0x0000000089e00000, 0x0000000089e00000|100%| O|  |TAMS 0x0000000089e00000, 0x0000000089d00000| Untracked 
| 158|0x0000000089e00000, 0x0000000089f00000, 0x0000000089f00000|100%| O|  |TAMS 0x0000000089f00000, 0x0000000089e00000| Untracked 
| 159|0x0000000089f00000, 0x000000008a000000, 0x000000008a000000|100%| O|  |TAMS 0x000000008a000000, 0x0000000089f00000| Untracked 
| 160|0x000000008a000000, 0x000000008a100000, 0x000000008a100000|100%| O|  |TAMS 0x000000008a100000, 0x000000008a000000| Complete 
| 161|0x000000008a100000, 0x000000008a200000, 0x000000008a200000|100%| O|  |TAMS 0x000000008a200000, 0x000000008a100000| Untracked 
| 162|0x000000008a200000, 0x000000008a300000, 0x000000008a300000|100%| O|  |TAMS 0x000000008a300000, 0x000000008a200000| Untracked 
| 163|0x000000008a300000, 0x000000008a400000, 0x000000008a400000|100%| O|  |TAMS 0x000000008a400000, 0x000000008a300000| Complete 
| 164|0x000000008a400000, 0x000000008a500000, 0x000000008a500000|100%| O|  |TAMS 0x000000008a500000, 0x000000008a400000| Complete 
| 165|0x000000008a500000, 0x000000008a600000, 0x000000008a600000|100%| O|  |TAMS 0x000000008a600000, 0x000000008a500000| Complete 
| 166|0x000000008a600000, 0x000000008a700000, 0x000000008a700000|100%| O|  |TAMS 0x000000008a700000, 0x000000008a600000| Complete 
| 167|0x000000008a700000, 0x000000008a800000, 0x000000008a800000|100%| O|  |TAMS 0x000000008a800000, 0x000000008a700000| Complete 
| 168|0x000000008a800000, 0x000000008a900000, 0x000000008a900000|100%| O|  |TAMS 0x000000008a900000, 0x000000008a800000| Untracked 
| 169|0x000000008a900000, 0x000000008aa00000, 0x000000008aa00000|100%| O|  |TAMS 0x000000008aa00000, 0x000000008a900000| Untracked 
| 170|0x000000008aa00000, 0x000000008ab00000, 0x000000008ab00000|100%| O|  |TAMS 0x000000008ab00000, 0x000000008aa00000| Untracked 
| 171|0x000000008ab00000, 0x000000008ac00000, 0x000000008ac00000|100%| O|  |TAMS 0x000000008ac00000, 0x000000008ab00000| Complete 
| 172|0x000000008ac00000, 0x000000008ad00000, 0x000000008ad00000|100%| O|  |TAMS 0x000000008ad00000, 0x000000008ac00000| Untracked 
| 173|0x000000008ad00000, 0x000000008ae00000, 0x000000008ae00000|100%| O|  |TAMS 0x000000008ae00000, 0x000000008ad00000| Complete 
| 174|0x000000008ae00000, 0x000000008af00000, 0x000000008af00000|100%| O|  |TAMS 0x000000008af00000, 0x000000008ae00000| Complete 
| 175|0x000000008af00000, 0x000000008b000000, 0x000000008b000000|100%| O|  |TAMS 0x000000008b000000, 0x000000008af00000| Complete 
| 176|0x000000008b000000, 0x000000008b100000, 0x000000008b100000|100%| O|  |TAMS 0x000000008b100000, 0x000000008b000000| Complete 
| 177|0x000000008b100000, 0x000000008b200000, 0x000000008b200000|100%| O|  |TAMS 0x000000008b200000, 0x000000008b100000| Untracked 
| 178|0x000000008b200000, 0x000000008b300000, 0x000000008b300000|100%| O|  |TAMS 0x000000008b300000, 0x000000008b200000| Untracked 
| 179|0x000000008b300000, 0x000000008b400000, 0x000000008b400000|100%| O|  |TAMS 0x000000008b400000, 0x000000008b300000| Untracked 
| 180|0x000000008b400000, 0x000000008b500000, 0x000000008b500000|100%| O|  |TAMS 0x000000008b500000, 0x000000008b400000| Complete 
| 181|0x000000008b500000, 0x000000008b600000, 0x000000008b600000|100%| O|  |TAMS 0x000000008b600000, 0x000000008b500000| Untracked 
| 182|0x000000008b600000, 0x000000008b700000, 0x000000008b700000|100%| O|  |TAMS 0x000000008b700000, 0x000000008b600000| Untracked 
| 183|0x000000008b700000, 0x000000008b800000, 0x000000008b800000|100%| O|  |TAMS 0x000000008b800000, 0x000000008b700000| Untracked 
| 184|0x000000008b800000, 0x000000008b900000, 0x000000008b900000|100%| O|  |TAMS 0x000000008b900000, 0x000000008b800000| Untracked 
| 185|0x000000008b900000, 0x000000008ba00000, 0x000000008ba00000|100%| O|  |TAMS 0x000000008ba00000, 0x000000008b900000| Untracked 
| 186|0x000000008ba00000, 0x000000008bb00000, 0x000000008bb00000|100%| O|  |TAMS 0x000000008bb00000, 0x000000008ba00000| Untracked 
| 187|0x000000008bb00000, 0x000000008bc00000, 0x000000008bc00000|100%| O|  |TAMS 0x000000008bc00000, 0x000000008bb00000| Untracked 
| 188|0x000000008bc00000, 0x000000008bd00000, 0x000000008bd00000|100%| O|  |TAMS 0x000000008bd00000, 0x000000008bc00000| Untracked 
| 189|0x000000008bd00000, 0x000000008be00000, 0x000000008be00000|100%| O|  |TAMS 0x000000008be00000, 0x000000008bd00000| Complete 
| 190|0x000000008be00000, 0x000000008bf00000, 0x000000008bf00000|100%| O|  |TAMS 0x000000008bf00000, 0x000000008be00000| Complete 
| 191|0x000000008bf00000, 0x000000008c000000, 0x000000008c000000|100%| O|  |TAMS 0x000000008c000000, 0x000000008bf00000| Untracked 
| 192|0x000000008c000000, 0x000000008c100000, 0x000000008c100000|100%| O|  |TAMS 0x000000008c100000, 0x000000008c000000| Untracked 
| 193|0x000000008c100000, 0x000000008c200000, 0x000000008c200000|100%| O|  |TAMS 0x000000008c200000, 0x000000008c100000| Untracked 
| 194|0x000000008c200000, 0x000000008c300000, 0x000000008c300000|100%| O|  |TAMS 0x000000008c300000, 0x000000008c200000| Complete 
| 195|0x000000008c300000, 0x000000008c400000, 0x000000008c400000|100%| O|  |TAMS 0x000000008c400000, 0x000000008c300000| Complete 
| 196|0x000000008c400000, 0x000000008c500000, 0x000000008c500000|100%| O|  |TAMS 0x000000008c500000, 0x000000008c400000| Complete 
| 197|0x000000008c500000, 0x000000008c600000, 0x000000008c600000|100%| O|  |TAMS 0x000000008c600000, 0x000000008c500000| Untracked 
| 198|0x000000008c600000, 0x000000008c700000, 0x000000008c700000|100%| O|  |TAMS 0x000000008c700000, 0x000000008c600000| Untracked 
| 199|0x000000008c700000, 0x000000008c800000, 0x000000008c800000|100%| O|  |TAMS 0x000000008c800000, 0x000000008c700000| Untracked 
| 200|0x000000008c800000, 0x000000008c900000, 0x000000008c900000|100%| O|  |TAMS 0x000000008c900000, 0x000000008c800000| Untracked 
| 201|0x000000008c900000, 0x000000008ca00000, 0x000000008ca00000|100%| O|  |TAMS 0x000000008ca00000, 0x000000008c900000| Untracked 
| 202|0x000000008ca00000, 0x000000008cb00000, 0x000000008cb00000|100%| O|  |TAMS 0x000000008cb00000, 0x000000008ca00000| Untracked 
| 203|0x000000008cb00000, 0x000000008cc00000, 0x000000008cc00000|100%|HS|  |TAMS 0x000000008cb00000, 0x000000008cb00000| Complete 
| 204|0x000000008cc00000, 0x000000008cd00000, 0x000000008cd00000|100%|HS|  |TAMS 0x000000008cc00000, 0x000000008cc00000| Complete 
| 205|0x000000008cd00000, 0x000000008ce00000, 0x000000008ce00000|100%|HS|  |TAMS 0x000000008cd00000, 0x000000008cd00000| Complete 
| 206|0x000000008ce00000, 0x000000008cf00000, 0x000000008cf00000|100%|HC|  |TAMS 0x000000008ce00000, 0x000000008ce00000| Complete 
| 207|0x000000008cf00000, 0x000000008d000000, 0x000000008d000000|100%|HS|  |TAMS 0x000000008cf00000, 0x000000008cf00000| Complete 
| 208|0x000000008d000000, 0x000000008d100000, 0x000000008d100000|100%|HC|  |TAMS 0x000000008d000000, 0x000000008d000000| Complete 
| 209|0x000000008d100000, 0x000000008d100000, 0x000000008d200000|  0%| F|  |TAMS 0x000000008d100000, 0x000000008d100000| Untracked 
| 210|0x000000008d200000, 0x000000008d200000, 0x000000008d300000|  0%| F|  |TAMS 0x000000008d200000, 0x000000008d200000| Untracked 
| 211|0x000000008d300000, 0x000000008d300000, 0x000000008d400000|  0%| F|  |TAMS 0x000000008d300000, 0x000000008d300000| Untracked 
| 212|0x000000008d400000, 0x000000008d400000, 0x000000008d500000|  0%| F|  |TAMS 0x000000008d400000, 0x000000008d400000| Untracked 
| 213|0x000000008d500000, 0x000000008d500000, 0x000000008d600000|  0%| F|  |TAMS 0x000000008d500000, 0x000000008d500000| Untracked 
| 214|0x000000008d600000, 0x000000008d600000, 0x000000008d700000|  0%| F|  |TAMS 0x000000008d600000, 0x000000008d600000| Untracked 
| 215|0x000000008d700000, 0x000000008d700000, 0x000000008d800000|  0%| F|  |TAMS 0x000000008d700000, 0x000000008d700000| Untracked 
| 216|0x000000008d800000, 0x000000008d800000, 0x000000008d900000|  0%| F|  |TAMS 0x000000008d800000, 0x000000008d800000| Untracked 
| 217|0x000000008d900000, 0x000000008d900000, 0x000000008da00000|  0%| F|  |TAMS 0x000000008d900000, 0x000000008d900000| Untracked 
| 218|0x000000008da00000, 0x000000008da00000, 0x000000008db00000|  0%| F|  |TAMS 0x000000008da00000, 0x000000008da00000| Untracked 
| 219|0x000000008db00000, 0x000000008db00000, 0x000000008dc00000|  0%| F|  |TAMS 0x000000008db00000, 0x000000008db00000| Untracked 
| 220|0x000000008dc00000, 0x000000008dc00000, 0x000000008dd00000|  0%| F|  |TAMS 0x000000008dc00000, 0x000000008dc00000| Untracked 
| 221|0x000000008dd00000, 0x000000008dd00000, 0x000000008de00000|  0%| F|  |TAMS 0x000000008dd00000, 0x000000008dd00000| Untracked 
| 222|0x000000008de00000, 0x000000008de00000, 0x000000008df00000|  0%| F|  |TAMS 0x000000008de00000, 0x000000008de00000| Untracked 
| 223|0x000000008df00000, 0x000000008df00000, 0x000000008e000000|  0%| F|  |TAMS 0x000000008df00000, 0x000000008df00000| Untracked 
| 224|0x000000008e000000, 0x000000008e000000, 0x000000008e100000|  0%| F|  |TAMS 0x000000008e000000, 0x000000008e000000| Untracked 
| 225|0x000000008e100000, 0x000000008e100000, 0x000000008e200000|  0%| F|  |TAMS 0x000000008e100000, 0x000000008e100000| Untracked 
| 226|0x000000008e200000, 0x000000008e200000, 0x000000008e300000|  0%| F|  |TAMS 0x000000008e200000, 0x000000008e200000| Untracked 
| 227|0x000000008e300000, 0x000000008e300000, 0x000000008e400000|  0%| F|  |TAMS 0x000000008e300000, 0x000000008e300000| Untracked 
| 228|0x000000008e400000, 0x000000008e400000, 0x000000008e500000|  0%| F|  |TAMS 0x000000008e400000, 0x000000008e400000| Untracked 
| 229|0x000000008e500000, 0x000000008e500000, 0x000000008e600000|  0%| F|  |TAMS 0x000000008e500000, 0x000000008e500000| Untracked 
| 230|0x000000008e600000, 0x000000008e600000, 0x000000008e700000|  0%| F|  |TAMS 0x000000008e600000, 0x000000008e600000| Untracked 
| 231|0x000000008e700000, 0x000000008e700000, 0x000000008e800000|  0%| F|  |TAMS 0x000000008e700000, 0x000000008e700000| Untracked 
| 232|0x000000008e800000, 0x000000008e800000, 0x000000008e900000|  0%| F|  |TAMS 0x000000008e800000, 0x000000008e800000| Untracked 
| 233|0x000000008e900000, 0x000000008e900000, 0x000000008ea00000|  0%| F|  |TAMS 0x000000008e900000, 0x000000008e900000| Untracked 
| 234|0x000000008ea00000, 0x000000008ea00000, 0x000000008eb00000|  0%| F|  |TAMS 0x000000008ea00000, 0x000000008ea00000| Untracked 
| 235|0x000000008eb00000, 0x000000008eb00000, 0x000000008ec00000|  0%| F|  |TAMS 0x000000008eb00000, 0x000000008eb00000| Untracked 
| 236|0x000000008ec00000, 0x000000008ec00000, 0x000000008ed00000|  0%| F|  |TAMS 0x000000008ec00000, 0x000000008ec00000| Untracked 
| 237|0x000000008ed00000, 0x000000008ed00000, 0x000000008ee00000|  0%| F|  |TAMS 0x000000008ed00000, 0x000000008ed00000| Untracked 
| 238|0x000000008ee00000, 0x000000008ee00000, 0x000000008ef00000|  0%| F|  |TAMS 0x000000008ee00000, 0x000000008ee00000| Untracked 
| 239|0x000000008ef00000, 0x000000008ef00000, 0x000000008f000000|  0%| F|  |TAMS 0x000000008ef00000, 0x000000008ef00000| Untracked 
| 240|0x000000008f000000, 0x000000008f000000, 0x000000008f100000|  0%| F|  |TAMS 0x000000008f000000, 0x000000008f000000| Untracked 
| 241|0x000000008f100000, 0x000000008f100000, 0x000000008f200000|  0%| F|  |TAMS 0x000000008f100000, 0x000000008f100000| Untracked 
| 242|0x000000008f200000, 0x000000008f200000, 0x000000008f300000|  0%| F|  |TAMS 0x000000008f200000, 0x000000008f200000| Untracked 
| 243|0x000000008f300000, 0x000000008f300000, 0x000000008f400000|  0%| F|  |TAMS 0x000000008f300000, 0x000000008f300000| Untracked 
| 244|0x000000008f400000, 0x000000008f400000, 0x000000008f500000|  0%| F|  |TAMS 0x000000008f400000, 0x000000008f400000| Untracked 
| 245|0x000000008f500000, 0x000000008f500000, 0x000000008f600000|  0%| F|  |TAMS 0x000000008f500000, 0x000000008f500000| Untracked 
| 246|0x000000008f600000, 0x000000008f600000, 0x000000008f700000|  0%| F|  |TAMS 0x000000008f600000, 0x000000008f600000| Untracked 
| 247|0x000000008f700000, 0x000000008f700000, 0x000000008f800000|  0%| F|  |TAMS 0x000000008f700000, 0x000000008f700000| Untracked 
| 248|0x000000008f800000, 0x000000008f800000, 0x000000008f900000|  0%| F|  |TAMS 0x000000008f800000, 0x000000008f800000| Untracked 
| 249|0x000000008f900000, 0x000000008f900000, 0x000000008fa00000|  0%| F|  |TAMS 0x000000008f900000, 0x000000008f900000| Untracked 
| 250|0x000000008fa00000, 0x000000008fa00000, 0x000000008fb00000|  0%| F|  |TAMS 0x000000008fa00000, 0x000000008fa00000| Untracked 
| 251|0x000000008fb00000, 0x000000008fb00000, 0x000000008fc00000|  0%| F|  |TAMS 0x000000008fb00000, 0x000000008fb00000| Untracked 
| 252|0x000000008fc00000, 0x000000008fc00000, 0x000000008fd00000|  0%| F|  |TAMS 0x000000008fc00000, 0x000000008fc00000| Untracked 
| 253|0x000000008fd00000, 0x000000008fd00000, 0x000000008fe00000|  0%| F|  |TAMS 0x000000008fd00000, 0x000000008fd00000| Untracked 
| 254|0x000000008fe00000, 0x000000008fe00000, 0x000000008ff00000|  0%| F|  |TAMS 0x000000008fe00000, 0x000000008fe00000| Untracked 
| 255|0x000000008ff00000, 0x000000008ff00000, 0x0000000090000000|  0%| F|  |TAMS 0x000000008ff00000, 0x000000008ff00000| Untracked 
| 256|0x0000000090000000, 0x0000000090000000, 0x0000000090100000|  0%| F|  |TAMS 0x0000000090000000, 0x0000000090000000| Untracked 
| 257|0x0000000090100000, 0x0000000090100000, 0x0000000090200000|  0%| F|  |TAMS 0x0000000090100000, 0x0000000090100000| Untracked 
| 258|0x0000000090200000, 0x0000000090200000, 0x0000000090300000|  0%| F|  |TAMS 0x0000000090200000, 0x0000000090200000| Untracked 
| 259|0x0000000090300000, 0x0000000090300000, 0x0000000090400000|  0%| F|  |TAMS 0x0000000090300000, 0x0000000090300000| Untracked 
| 260|0x0000000090400000, 0x0000000090400000, 0x0000000090500000|  0%| F|  |TAMS 0x0000000090400000, 0x0000000090400000| Untracked 
| 261|0x0000000090500000, 0x0000000090500000, 0x0000000090600000|  0%| F|  |TAMS 0x0000000090500000, 0x0000000090500000| Untracked 
| 262|0x0000000090600000, 0x0000000090600000, 0x0000000090700000|  0%| F|  |TAMS 0x0000000090600000, 0x0000000090600000| Untracked 
| 263|0x0000000090700000, 0x0000000090700000, 0x0000000090800000|  0%| F|  |TAMS 0x0000000090700000, 0x0000000090700000| Untracked 
| 264|0x0000000090800000, 0x0000000090800000, 0x0000000090900000|  0%| F|  |TAMS 0x0000000090800000, 0x0000000090800000| Untracked 
| 265|0x0000000090900000, 0x0000000090900000, 0x0000000090a00000|  0%| F|  |TAMS 0x0000000090900000, 0x0000000090900000| Untracked 
| 266|0x0000000090a00000, 0x0000000090a00000, 0x0000000090b00000|  0%| F|  |TAMS 0x0000000090a00000, 0x0000000090a00000| Untracked 
| 267|0x0000000090b00000, 0x0000000090b00000, 0x0000000090c00000|  0%| F|  |TAMS 0x0000000090b00000, 0x0000000090b00000| Untracked 
| 268|0x0000000090c00000, 0x0000000090c00000, 0x0000000090d00000|  0%| F|  |TAMS 0x0000000090c00000, 0x0000000090c00000| Untracked 
| 269|0x0000000090d00000, 0x0000000090d00000, 0x0000000090e00000|  0%| F|  |TAMS 0x0000000090d00000, 0x0000000090d00000| Untracked 
| 270|0x0000000090e00000, 0x0000000090e00000, 0x0000000090f00000|  0%| F|  |TAMS 0x0000000090e00000, 0x0000000090e00000| Untracked 
| 271|0x0000000090f00000, 0x0000000090f00000, 0x0000000091000000|  0%| F|  |TAMS 0x0000000090f00000, 0x0000000090f00000| Untracked 
| 272|0x0000000091000000, 0x0000000091030020, 0x0000000091100000| 18%| S|CS|TAMS 0x0000000091000000, 0x0000000091000000| Complete 
| 273|0x0000000091100000, 0x0000000091200000, 0x0000000091200000|100%| S|CS|TAMS 0x0000000091100000, 0x0000000091100000| Complete 
| 274|0x0000000091200000, 0x0000000091300000, 0x0000000091300000|100%| S|CS|TAMS 0x0000000091200000, 0x0000000091200000| Complete 
| 275|0x0000000091300000, 0x0000000091400000, 0x0000000091400000|100%| S|CS|TAMS 0x0000000091300000, 0x0000000091300000| Complete 
| 276|0x0000000091400000, 0x0000000091500000, 0x0000000091500000|100%| S|CS|TAMS 0x0000000091400000, 0x0000000091400000| Complete 
| 277|0x0000000091500000, 0x0000000091600000, 0x0000000091600000|100%| S|CS|TAMS 0x0000000091500000, 0x0000000091500000| Complete 
| 278|0x0000000091600000, 0x0000000091600000, 0x0000000091700000|  0%| F|  |TAMS 0x0000000091600000, 0x0000000091600000| Untracked 
| 279|0x0000000091700000, 0x0000000091700000, 0x0000000091800000|  0%| F|  |TAMS 0x0000000091700000, 0x0000000091700000| Untracked 
| 280|0x0000000091800000, 0x0000000091800000, 0x0000000091900000|  0%| F|  |TAMS 0x0000000091800000, 0x0000000091800000| Untracked 
| 281|0x0000000091900000, 0x0000000091900000, 0x0000000091a00000|  0%| F|  |TAMS 0x0000000091900000, 0x0000000091900000| Untracked 
| 282|0x0000000091a00000, 0x0000000091a00000, 0x0000000091b00000|  0%| F|  |TAMS 0x0000000091a00000, 0x0000000091a00000| Untracked 
| 283|0x0000000091b00000, 0x0000000091b00000, 0x0000000091c00000|  0%| F|  |TAMS 0x0000000091b00000, 0x0000000091b00000| Untracked 
| 284|0x0000000091c00000, 0x0000000091c00000, 0x0000000091d00000|  0%| F|  |TAMS 0x0000000091c00000, 0x0000000091c00000| Untracked 
| 285|0x0000000091d00000, 0x0000000091d00000, 0x0000000091e00000|  0%| F|  |TAMS 0x0000000091d00000, 0x0000000091d00000| Untracked 
| 286|0x0000000091e00000, 0x0000000091e00000, 0x0000000091f00000|  0%| F|  |TAMS 0x0000000091e00000, 0x0000000091e00000| Untracked 
| 287|0x0000000091f00000, 0x0000000091f00000, 0x0000000092000000|  0%| F|  |TAMS 0x0000000091f00000, 0x0000000091f00000| Untracked 
| 288|0x0000000092000000, 0x0000000092000000, 0x0000000092100000|  0%| F|  |TAMS 0x0000000092000000, 0x0000000092000000| Untracked 
| 289|0x0000000092100000, 0x0000000092100000, 0x0000000092200000|  0%| F|  |TAMS 0x0000000092100000, 0x0000000092100000| Untracked 
| 290|0x0000000092200000, 0x0000000092200000, 0x0000000092300000|  0%| F|  |TAMS 0x0000000092200000, 0x0000000092200000| Untracked 
| 291|0x0000000092300000, 0x0000000092300000, 0x0000000092400000|  0%| F|  |TAMS 0x0000000092300000, 0x0000000092300000| Untracked 
| 292|0x0000000092400000, 0x0000000092400000, 0x0000000092500000|  0%| F|  |TAMS 0x0000000092400000, 0x0000000092400000| Untracked 
| 293|0x0000000092500000, 0x0000000092500000, 0x0000000092600000|  0%| F|  |TAMS 0x0000000092500000, 0x0000000092500000| Untracked 
| 294|0x0000000092600000, 0x0000000092600000, 0x0000000092700000|  0%| F|  |TAMS 0x0000000092600000, 0x0000000092600000| Untracked 
| 295|0x0000000092700000, 0x0000000092700000, 0x0000000092800000|  0%| F|  |TAMS 0x0000000092700000, 0x0000000092700000| Untracked 
| 296|0x0000000092800000, 0x0000000092800000, 0x0000000092900000|  0%| F|  |TAMS 0x0000000092800000, 0x0000000092800000| Untracked 
| 297|0x0000000092900000, 0x0000000092900000, 0x0000000092a00000|  0%| F|  |TAMS 0x0000000092900000, 0x0000000092900000| Untracked 
| 298|0x0000000092a00000, 0x0000000092a00000, 0x0000000092b00000|  0%| F|  |TAMS 0x0000000092a00000, 0x0000000092a00000| Untracked 
| 299|0x0000000092b00000, 0x0000000092b00000, 0x0000000092c00000|  0%| F|  |TAMS 0x0000000092b00000, 0x0000000092b00000| Untracked 
| 300|0x0000000092c00000, 0x0000000092c00000, 0x0000000092d00000|  0%| F|  |TAMS 0x0000000092c00000, 0x0000000092c00000| Untracked 
| 301|0x0000000092d00000, 0x0000000092d00000, 0x0000000092e00000|  0%| F|  |TAMS 0x0000000092d00000, 0x0000000092d00000| Untracked 
| 302|0x0000000092e00000, 0x0000000092e00000, 0x0000000092f00000|  0%| F|  |TAMS 0x0000000092e00000, 0x0000000092e00000| Untracked 
| 303|0x0000000092f00000, 0x0000000092f00000, 0x0000000093000000|  0%| F|  |TAMS 0x0000000092f00000, 0x0000000092f00000| Untracked 
| 304|0x0000000093000000, 0x0000000093000000, 0x0000000093100000|  0%| F|  |TAMS 0x0000000093000000, 0x0000000093000000| Untracked 
| 305|0x0000000093100000, 0x0000000093100000, 0x0000000093200000|  0%| F|  |TAMS 0x0000000093100000, 0x0000000093100000| Untracked 
| 306|0x0000000093200000, 0x0000000093200000, 0x0000000093300000|  0%| F|  |TAMS 0x0000000093200000, 0x0000000093200000| Untracked 
| 307|0x0000000093300000, 0x0000000093300000, 0x0000000093400000|  0%| F|  |TAMS 0x0000000093300000, 0x0000000093300000| Untracked 
| 308|0x0000000093400000, 0x0000000093400000, 0x0000000093500000|  0%| F|  |TAMS 0x0000000093400000, 0x0000000093400000| Untracked 
| 309|0x0000000093500000, 0x0000000093500000, 0x0000000093600000|  0%| F|  |TAMS 0x0000000093500000, 0x0000000093500000| Untracked 
| 310|0x0000000093600000, 0x0000000093600000, 0x0000000093700000|  0%| F|  |TAMS 0x0000000093600000, 0x0000000093600000| Untracked 
| 311|0x0000000093700000, 0x0000000093700000, 0x0000000093800000|  0%| F|  |TAMS 0x0000000093700000, 0x0000000093700000| Untracked 
| 312|0x0000000093800000, 0x0000000093800000, 0x0000000093900000|  0%| F|  |TAMS 0x0000000093800000, 0x0000000093800000| Untracked 
| 313|0x0000000093900000, 0x0000000093900000, 0x0000000093a00000|  0%| F|  |TAMS 0x0000000093900000, 0x0000000093900000| Untracked 
| 314|0x0000000093a00000, 0x0000000093a00000, 0x0000000093b00000|  0%| F|  |TAMS 0x0000000093a00000, 0x0000000093a00000| Untracked 
| 315|0x0000000093b00000, 0x0000000093b00000, 0x0000000093c00000|  0%| F|  |TAMS 0x0000000093b00000, 0x0000000093b00000| Untracked 
| 316|0x0000000093c00000, 0x0000000093c00000, 0x0000000093d00000|  0%| F|  |TAMS 0x0000000093c00000, 0x0000000093c00000| Untracked 
| 317|0x0000000093d00000, 0x0000000093d00000, 0x0000000093e00000|  0%| F|  |TAMS 0x0000000093d00000, 0x0000000093d00000| Untracked 
| 318|0x0000000093e00000, 0x0000000093e00000, 0x0000000093f00000|  0%| F|  |TAMS 0x0000000093e00000, 0x0000000093e00000| Untracked 
| 319|0x0000000093f00000, 0x0000000093f00000, 0x0000000094000000|  0%| F|  |TAMS 0x0000000093f00000, 0x0000000093f00000| Untracked 
| 320|0x0000000094000000, 0x0000000094000000, 0x0000000094100000|  0%| F|  |TAMS 0x0000000094000000, 0x0000000094000000| Untracked 
| 321|0x0000000094100000, 0x0000000094100000, 0x0000000094200000|  0%| F|  |TAMS 0x0000000094100000, 0x0000000094100000| Untracked 

Card table byte_map: [0x000001daa0290000,0x000001daa0690000] _byte_map_base: 0x000001da9fe90000

Marking Bits (Prev, Next): (CMBitMap*) 0x000001da8c97f368, (CMBitMap*) 0x000001da8c97f3a0
 Prev Bits: [0x000001daa0a90000, 0x000001daa2a90000)
 Next Bits: [0x000001daa2a90000, 0x000001daa4a90000)

Polling page: 0x000001da8b130000

Metaspace:

Usage:
  Non-class:     86.18 MB capacity,    84.57 MB ( 98%) used,     1.31 MB (  2%) free+waste,   306.19 KB ( <1%) overhead. 
      Class:     13.73 MB capacity,    12.78 MB ( 93%) used,   836.52 KB (  6%) free+waste,   136.13 KB ( <1%) overhead. 
       Both:     99.91 MB capacity,    97.35 MB ( 97%) used,     2.13 MB (  2%) free+waste,   442.31 KB ( <1%) overhead. 

Virtual space:
  Non-class space:       88.00 MB reserved,      86.25 MB ( 98%) committed 
      Class space:        1.00 GB reserved,      13.82 MB (  1%) committed 
             Both:        1.09 GB reserved,     100.07 MB (  9%) committed 

Chunk freelists:
   Non-Class:  11.00 KB
       Class:  17.00 KB
        Both:  28.00 KB

MaxMetaspaceSize: 17179869184.00 GB
CompressedClassSpaceSize: 1.00 GB

CodeHeap 'non-profiled nmethods': size=120000Kb used=8480Kb max_used=8480Kb free=111519Kb
 bounds [0x000001da97f00000, 0x000001da98750000, 0x000001da9f430000]
CodeHeap 'profiled nmethods': size=120000Kb used=27756Kb max_used=27756Kb free=92243Kb
 bounds [0x000001da909d0000, 0x000001da924f0000, 0x000001da97f00000]
CodeHeap 'non-nmethods': size=5760Kb used=2310Kb max_used=2378Kb free=3449Kb
 bounds [0x000001da90430000, 0x000001da906a0000, 0x000001da909d0000]
 total_blobs=14198 nmethods=13280 adapters=829
 compilation: enabled
              stopped_count=0, restarted_count=0
 full_count=0

Compilation events (20 events):
Event: 20.812 Thread 0x000001daa9430000 nmethod 13488 0x000001da9873e910 code [0x000001da9873eb80, 0x000001da98741d78]
Event: 20.812 Thread 0x000001daa9430000 13503 %     4       java.util.TimSort::mergeLo @ 153 (659 bytes)
Event: 20.815 Thread 0x000001daad023000 nmethod 13504% 0x000001da98743490 code [0x000001da98743680, 0x000001da98744cb8]
Event: 20.815 Thread 0x000001daad023000 13508 %     4       java.util.IdentityHashMap$KeySet::toArray @ 49 (139 bytes)
Event: 20.822 Thread 0x000001daad023000 nmethod 13508% 0x000001da98745510 code [0x000001da987456c0, 0x000001da98745b38]
Event: 20.822 Thread 0x000001daad023000 13511       4       java.util.TimSort::mergeHi (732 bytes)
Event: 20.830 Thread 0x000001daa7598800 13512       3       com.android.tools.r8.internal.Rz::a (176 bytes)
Event: 20.831 Thread 0x000001daa7598800 nmethod 13512 0x000001da924e8810 code [0x000001da924e8a60, 0x000001da924e9228]
Event: 20.831 Thread 0x000001daa7598800 13513       3       com.android.tools.r8.internal.pa::a (21 bytes)
Event: 20.831 Thread 0x000001daa7598800 nmethod 13513 0x000001da924e9510 code [0x000001da924e96e0, 0x000001da924e98e8]
Event: 20.831 Thread 0x000001daa7598800 13514       3       com.android.tools.r8.internal.pa::a (8 bytes)
Event: 20.832 Thread 0x000001daa7598800 nmethod 13514 0x000001da924e9a10 code [0x000001da924e9bc0, 0x000001da924e9d68]
Event: 20.832 Thread 0x000001daa7598800 13515 %     3       com.android.tools.r8.internal.Rz::a @ 73 (109 bytes)
Event: 20.832 Thread 0x000001daa7598800 nmethod 13515% 0x000001da924e9e10 code [0x000001da924ea020, 0x000001da924ea588]
Event: 20.833 Thread 0x000001daa7598800 13516       3       com.android.tools.r8.internal.Rz::a (109 bytes)
Event: 20.833 Thread 0x000001daa7598800 nmethod 13516 0x000001da924ea810 code [0x000001da924eaa00, 0x000001da924eaee8]
Event: 20.839 Thread 0x000001daa9430000 nmethod 13503% 0x000001da98745e10 code [0x000001da98746000, 0x000001da98747438]
Event: 20.839 Thread 0x000001daa9430000 13517       4       com.android.tools.r8.internal.Rz::a (109 bytes)
Event: 20.842 Thread 0x000001daa9430000 nmethod 13517 0x000001da98747c90 code [0x000001da98747e40, 0x000001da987480a8]
Event: 20.842 Thread 0x000001daa9430000 13518       4       java.util.TimSort::mergeLo (659 bytes)

GC Heap History (20 events):
Event: 17.344 GC heap after
{Heap after GC invocations=26 (full 0):
 garbage-first heap   total 225280K, used 93297K [0x0000000080000000, 0x0000000100000000)
  region size 1024K, 7 young (7168K), 7 survivors (7168K)
 Metaspace       used 91150K, capacity 93502K, committed 93644K, reserved 1130496K
  class space    used 11804K, capacity 12690K, committed 12748K, reserved 1048576K
}
Event: 17.789 GC heap before
{Heap before GC invocations=27 (full 0):
 garbage-first heap   total 225280K, used 147569K [0x0000000080000000, 0x0000000100000000)
  region size 1024K, 48 young (49152K), 7 survivors (7168K)
 Metaspace       used 93553K, capacity 95752K, committed 96332K, reserved 1132544K
  class space    used 12105K, capacity 12915K, committed 13132K, reserved 1048576K
}
Event: 17.800 GC heap after
{Heap after GC invocations=28 (full 0):
 garbage-first heap   total 225280K, used 116134K [0x0000000080000000, 0x0000000100000000)
  region size 1024K, 12 young (12288K), 12 survivors (12288K)
 Metaspace       used 93553K, capacity 95752K, committed 96332K, reserved 1132544K
  class space    used 12105K, capacity 12915K, committed 13132K, reserved 1048576K
}
Event: 18.191 GC heap before
{Heap before GC invocations=29 (full 0):
 garbage-first heap   total 225280K, used 181670K [0x0000000080000000, 0x0000000100000000)
  region size 1024K, 70 young (71680K), 12 survivors (12288K)
 Metaspace       used 97019K, capacity 99406K, committed 99788K, reserved 1134592K
  class space    used 12778K, capacity 13643K, committed 13772K, reserved 1048576K
}
Event: 18.261 GC heap after
{Heap after GC invocations=30 (full 0):
 garbage-first heap   total 225280K, used 137210K [0x0000000080000000, 0x0000000100000000)
  region size 1024K, 10 young (10240K), 10 survivors (10240K)
 Metaspace       used 97019K, capacity 99406K, committed 99788K, reserved 1134592K
  class space    used 12778K, capacity 13643K, committed 13772K, reserved 1048576K
}
Event: 18.614 GC heap before
{Heap before GC invocations=31 (full 0):
 garbage-first heap   total 225280K, used 167930K [0x0000000080000000, 0x0000000100000000)
  region size 1024K, 40 young (40960K), 10 survivors (10240K)
 Metaspace       used 98828K, capacity 101447K, committed 101580K, reserved 1136640K
  class space    used 13034K, capacity 14014K, committed 14028K, reserved 1048576K
}
Event: 18.641 GC heap after
{Heap after GC invocations=32 (full 0):
 garbage-first heap   total 225280K, used 149207K [0x0000000080000000, 0x0000000100000000)
  region size 1024K, 7 young (7168K), 7 survivors (7168K)
 Metaspace       used 98828K, capacity 101447K, committed 101580K, reserved 1136640K
  class space    used 13034K, capacity 14014K, committed 14028K, reserved 1048576K
}
Event: 18.890 GC heap before
{Heap before GC invocations=32 (full 0):
 garbage-first heap   total 225280K, used 180951K [0x0000000080000000, 0x0000000100000000)
  region size 1024K, 37 young (37888K), 7 survivors (7168K)
 Metaspace       used 99026K, capacity 101577K, committed 101964K, reserved 1136640K
  class space    used 13043K, capacity 13994K, committed 14156K, reserved 1048576K
}
Event: 18.917 GC heap after
{Heap after GC invocations=33 (full 0):
 garbage-first heap   total 225280K, used 164864K [0x0000000080000000, 0x0000000100000000)
  region size 1024K, 5 young (5120K), 5 survivors (5120K)
 Metaspace       used 99026K, capacity 101577K, committed 101964K, reserved 1136640K
  class space    used 13043K, capacity 13994K, committed 14156K, reserved 1048576K
}
Event: 19.032 GC heap before
{Heap before GC invocations=34 (full 0):
 garbage-first heap   total 225280K, used 184320K [0x0000000080000000, 0x0000000100000000)
  region size 1024K, 24 young (24576K), 5 survivors (5120K)
 Metaspace       used 99193K, capacity 101786K, committed 101964K, reserved 1136640K
  class space    used 13069K, capacity 14062K, committed 14156K, reserved 1048576K
}
Event: 19.046 GC heap after
{Heap after GC invocations=35 (full 0):
 garbage-first heap   total 225280K, used 175104K [0x0000000080000000, 0x0000000100000000)
  region size 1024K, 3 young (3072K), 3 survivors (3072K)
 Metaspace       used 99193K, capacity 101786K, committed 101964K, reserved 1136640K
  class space    used 13069K, capacity 14062K, committed 14156K, reserved 1048576K
}
Event: 19.096 GC heap before
{Heap before GC invocations=35 (full 0):
 garbage-first heap   total 225280K, used 187392K [0x0000000080000000, 0x0000000100000000)
  region size 1024K, 16 young (16384K), 3 survivors (3072K)
 Metaspace       used 99215K, capacity 101788K, committed 101964K, reserved 1136640K
  class space    used 13069K, capacity 14062K, committed 14156K, reserved 1048576K
}
Event: 19.109 GC heap after
{Heap after GC invocations=36 (full 0):
 garbage-first heap   total 329728K, used 182568K [0x0000000080000000, 0x0000000100000000)
  region size 1024K, 2 young (2048K), 2 survivors (2048K)
 Metaspace       used 99215K, capacity 101788K, committed 101964K, reserved 1136640K
  class space    used 13069K, capacity 14062K, committed 14156K, reserved 1048576K
}
Event: 19.555 GC heap before
{Heap before GC invocations=36 (full 0):
 garbage-first heap   total 329728K, used 225576K [0x0000000080000000, 0x0000000100000000)
  region size 1024K, 44 young (45056K), 2 survivors (2048K)
 Metaspace       used 99480K, capacity 102065K, committed 102220K, reserved 1136640K
  class space    used 13084K, capacity 14054K, committed 14156K, reserved 1048576K
}
Event: 19.579 GC heap after
{Heap after GC invocations=37 (full 0):
 garbage-first heap   total 329728K, used 200704K [0x0000000080000000, 0x0000000100000000)
  region size 1024K, 6 young (6144K), 6 survivors (6144K)
 Metaspace       used 99480K, capacity 102065K, committed 102220K, reserved 1136640K
  class space    used 13084K, capacity 14054K, committed 14156K, reserved 1048576K
}
Event: 19.897 GC heap before
{Heap before GC invocations=38 (full 0):
 garbage-first heap   total 329728K, used 239616K [0x0000000080000000, 0x0000000100000000)
  region size 1024K, 44 young (45056K), 6 survivors (6144K)
 Metaspace       used 99580K, capacity 102176K, committed 102476K, reserved 1138688K
  class space    used 13090K, capacity 14064K, committed 14156K, reserved 1048576K
}
Event: 19.913 GC heap after
{Heap after GC invocations=39 (full 0):
 garbage-first heap   total 329728K, used 207872K [0x0000000080000000, 0x0000000100000000)
  region size 1024K, 6 young (6144K), 6 survivors (6144K)
 Metaspace       used 99580K, capacity 102176K, committed 102476K, reserved 1138688K
  class space    used 13090K, capacity 14064K, committed 14156K, reserved 1048576K
}
Event: 20.137 GC heap before
{Heap before GC invocations=39 (full 0):
 garbage-first heap   total 329728K, used 241664K [0x0000000080000000, 0x0000000100000000)
  region size 1024K, 41 young (41984K), 6 survivors (6144K)
 Metaspace       used 99634K, capacity 102244K, committed 102476K, reserved 1138688K
  class space    used 13090K, capacity 14064K, committed 14156K, reserved 1048576K
}
Event: 20.152 GC heap after
{Heap after GC invocations=40 (full 0):
 garbage-first heap   total 329728K, used 211468K [0x0000000080000000, 0x0000000100000000)
  region size 1024K, 4 young (4096K), 4 survivors (4096K)
 Metaspace       used 99634K, capacity 102244K, committed 102476K, reserved 1138688K
  class space    used 13090K, capacity 14064K, committed 14156K, reserved 1048576K
}
Event: 20.854 GC heap before
{Heap before GC invocations=41 (full 0):
 garbage-first heap   total 329728K, used 252428K [0x0000000080000000, 0x0000000100000000)
  region size 1024K, 44 young (45056K), 4 survivors (4096K)
 Metaspace       used 99686K, capacity 102308K, committed 102476K, reserved 1138688K
  class space    used 13090K, capacity 14063K, committed 14156K, reserved 1048576K
}

Deoptimization events (20 events):
Event: 20.724 Thread 0x000001dab2684800 DEOPT PACKING pc=0x000001da9865b9b4 sp=0x00000086334fea00
Event: 20.724 Thread 0x000001dab2684800 DEOPT UNPACKING pc=0x000001da904578af sp=0x00000086334fe908 mode 2
Event: 20.817 Thread 0x000001dab2684800 DEOPT PACKING pc=0x000001da923b4f61 sp=0x00000086334fe940
Event: 20.817 Thread 0x000001dab2684800 DEOPT UNPACKING pc=0x000001da904576ce sp=0x00000086334fde30 mode 0
Event: 20.819 Thread 0x000001dab2684800 DEOPT PACKING pc=0x000001da923b4f61 sp=0x00000086334fe940
Event: 20.819 Thread 0x000001dab2684800 DEOPT UNPACKING pc=0x000001da904576ce sp=0x00000086334fde30 mode 0
Event: 20.823 Thread 0x000001dab2684800 DEOPT PACKING pc=0x000001da923b4f61 sp=0x00000086334fe940
Event: 20.823 Thread 0x000001dab2684800 DEOPT UNPACKING pc=0x000001da904576ce sp=0x00000086334fde30 mode 0
Event: 20.825 Thread 0x000001dab2684800 DEOPT PACKING pc=0x000001da923b4f61 sp=0x00000086334fe940
Event: 20.825 Thread 0x000001dab2684800 DEOPT UNPACKING pc=0x000001da904576ce sp=0x00000086334fde30 mode 0
Event: 20.833 Thread 0x000001dab2684800 DEOPT PACKING pc=0x000001da92349dad sp=0x00000086334fe7d0
Event: 20.833 Thread 0x000001dab2684800 DEOPT UNPACKING pc=0x000001da904576ce sp=0x00000086334fdc70 mode 0
Event: 20.840 Thread 0x000001dab2684800 DEOPT PACKING pc=0x000001da92389bc8 sp=0x00000086334fe860
Event: 20.840 Thread 0x000001dab2684800 DEOPT UNPACKING pc=0x000001da904576ce sp=0x00000086334fdd48 mode 0
Event: 20.844 Thread 0x000001dab2684800 DEOPT PACKING pc=0x000001da923b4f61 sp=0x00000086334fe850
Event: 20.844 Thread 0x000001dab2684800 DEOPT UNPACKING pc=0x000001da904576ce sp=0x00000086334fdd40 mode 0
Event: 20.850 Thread 0x000001dab2684800 DEOPT PACKING pc=0x000001da923b4f61 sp=0x00000086334fe850
Event: 20.850 Thread 0x000001dab2684800 DEOPT UNPACKING pc=0x000001da904576ce sp=0x00000086334fdd40 mode 0
Event: 20.853 Thread 0x000001dab2684800 DEOPT PACKING pc=0x000001da924e5530 sp=0x00000086334feb10
Event: 20.853 Thread 0x000001dab2684800 DEOPT UNPACKING pc=0x000001da904576ce sp=0x00000086334fdfc8 mode 0

Classes redefined (0 events):
No events

Internal exceptions (20 events):
Event: 17.958 Thread 0x000001dab2897000 Exception <a 'java/lang/IncompatibleClassChangeError'{0x000000008c648650}: Found class java.lang.Object, but interface was expected> (0x000000008c648650) thrown at [./src/hotspot/share/interpreter/linkResolver.cpp, line 839]
Event: 18.096 Thread 0x000001dab2897000 Exception <a 'java/lang/NoSuchMethodError'{0x000000008b4ae7b0}: 'int java.lang.invoke.DirectMethodHandle$Holder.invokeVirtual(java.lang.Object, java.lang.Object, java.lang.Object, java.lang.Object)'> (0x000000008b4ae7b0) thrown at [./src/hotspot/share/interpreter/linkResolver.cpp, line 773]
Event: 18.096 Thread 0x000001dab2896000 Exception <a 'java/lang/NoSuchMethodError'{0x000000008b4d3688}: 'int java.lang.invoke.DirectMethodHandle$Holder.invokeVirtual(java.lang.Object, java.lang.Object, java.lang.Object, java.lang.Object)'> (0x000000008b4d3688) thrown at [./src/hotspot/share/interpreter/linkResolver.cpp, line 773]
Event: 18.126 Thread 0x000001dab2897000 Exception <a 'java/lang/NoSuchMethodError'{0x000000008a290f00}: 'void java.lang.invoke.DirectMethodHandle$Holder.invokeStatic(java.lang.Object, java.lang.Object, java.lang.Object, int)'> (0x000000008a290f00) thrown at [./src/hotspot/share/interpreter/linkResolver.cpp, line 773]
Event: 18.127 Thread 0x000001dab2893800 Exception <a 'java/lang/NoSuchMethodError'{0x000000008a2c8718}: 'void java.lang.invoke.DirectMethodHandle$Holder.invokeStatic(java.lang.Object, java.lang.Object, java.lang.Object, int)'> (0x000000008a2c8718) thrown at [./src/hotspot/share/interpreter/linkResolver.cpp, line 773]
Event: 18.130 Thread 0x000001dab2897000 Exception <a 'java/lang/IncompatibleClassChangeError'{0x000000008a298cb0}: Found class java.lang.Object, but interface was expected> (0x000000008a298cb0) thrown at [./src/hotspot/share/interpreter/linkResolver.cpp, line 839]
Event: 18.130 Thread 0x000001dab2893800 Exception <a 'java/lang/IncompatibleClassChangeError'{0x000000008a2ffbc0}: Found class java.lang.Object, but interface was expected> (0x000000008a2ffbc0) thrown at [./src/hotspot/share/interpreter/linkResolver.cpp, line 839]
Event: 18.296 Thread 0x000001dab2897000 Exception <a 'java/lang/NoSuchMethodError'{0x000000008d893038}: 'int java.lang.invoke.DirectMethodHandle$Holder.invokeVirtual(java.lang.Object, java.lang.Object, java.lang.Object)'> (0x000000008d893038) thrown at [./src/hotspot/share/interpreter/linkResolver.cpp, line 773]
Event: 18.368 Thread 0x000001dab2896000 Exception <a 'java/lang/NoSuchMethodError'{0x000000008d47cbc0}: 'java.lang.Object java.lang.invoke.Invokers$Holder.linkToTargetMethod(java.lang.Object, int, java.lang.Object, java.lang.Object, java.lang.Object, java.lang.Object)'> (0x000000008d47cbc0) thrown at [./src/hotspot/share/interpreter/linkResolver.cpp, line 773]
Event: 18.368 Thread 0x000001dab2896000 Exception <a 'java/lang/NoSuchMethodError'{0x000000008d480878}: 'void java.lang.invoke.DirectMethodHandle$Holder.invokeSpecial(java.lang.Object, java.lang.Object, java.lang.Object, java.lang.Object, java.lang.Object, java.lang.Object, java.lang.Object, java.lang.Object, java.lang.Object)'> (0x000000008d480878) thrown at [./src/hotspot/share/interpreter/linkResolver.cpp, line 773]
Event: 18.369 Thread 0x000001dab2896000 Exception <a 'java/lang/NoSuchMethodError'{0x000000008d4d59a8}: 'java.lang.Object java.lang.invoke.Invokers$Holder.linkToTargetMethod(java.lang.Object, java.lang.Object, java.lang.Object, java.lang.Object, java.lang.Object, java.lang.Object, java.lang.Object)'> (0x000000008d4d59a8) thrown at [./src/hotspot/share/interpreter/linkResolver.cpp, line 773]
Event: 18.377 Thread 0x000001dab2893800 Exception <a 'java/lang/NoSuchMethodError'{0x000000008d4faa90}: 'void java.lang.invoke.DirectMethodHandle$Holder.invokeStatic(java.lang.Object, java.lang.Object, java.lang.Object, java.lang.Object, java.lang.Object, java.lang.Object, java.lang.Object, java.lang.Object)'> (0x000000008d4faa90) thrown at [./src/hotspot/share/interpreter/linkResolver.cpp, line 773]
Event: 18.392 Thread 0x000001dab2896000 Exception <a 'java/lang/IncompatibleClassChangeError'{0x000000008d3ca6e0}: Found class java.lang.Object, but interface was expected> (0x000000008d3ca6e0) thrown at [./src/hotspot/share/interpreter/linkResolver.cpp, line 839]
Event: 18.507 Thread 0x000001dab2896000 Exception <a 'java/lang/IncompatibleClassChangeError'{0x000000008c7d82d8}: Found class java.lang.Object, but interface was expected> (0x000000008c7d82d8) thrown at [./src/hotspot/share/interpreter/linkResolver.cpp, line 839]
Event: 18.785 Thread 0x000001dab2897000 Exception <a 'java/lang/NoSuchMethodError'{0x000000008d956868}: 'void java.lang.invoke.DirectMethodHandle$Holder.invokeVirtual(java.lang.Object, java.lang.Object, int)'> (0x000000008d956868) thrown at [./src/hotspot/share/interpreter/linkResolver.cpp, line 773]
Event: 19.022 Thread 0x000001dab2896000 Exception <a 'sun/nio/fs/WindowsException'{0x000000008ca1b708}> (0x000000008ca1b708) thrown at [./src/hotspot/share/prims/jni.cpp, line 615]
Event: 19.026 Thread 0x000001dab2897000 Exception <a 'sun/nio/fs/WindowsException'{0x000000008cce15b0}> (0x000000008cce15b0) thrown at [./src/hotspot/share/prims/jni.cpp, line 615]
Event: 19.259 Thread 0x000001dab2893800 Exception <a 'sun/nio/fs/WindowsException'{0x0000000092a71b40}> (0x0000000092a71b40) thrown at [./src/hotspot/share/prims/jni.cpp, line 615]
Event: 19.434 Thread 0x000001dab288b800 Exception <a 'java/lang/NoSuchMethodError'{0x0000000091e14198}: 'void java.lang.invoke.DirectMethodHandle$Holder.invokeStatic(java.lang.Object, java.lang.Object, java.lang.Object, java.lang.Object, java.lang.Object, java.lang.Object, java.lang.Object)'> (0x0000000091e14198) thrown at [./src/hotspot/share/interpreter/linkResolver.cpp, line 773]
Event: 19.516 Thread 0x000001daaa35e000 Exception <a 'java/lang/NoSuchMethodError'{0x0000000091985c20}: <clinit>> (0x0000000091985c20) thrown at [./src/hotspot/share/prims/jni.cpp, line 1362]

Events (20 events):
Event: 19.731 loading class com/android/tools/r8/internal/qr done
Event: 19.732 loading class com/android/tools/r8/internal/qr
Event: 19.732 loading class com/android/tools/r8/internal/qr done
Event: 19.732 loading class com/android/tools/r8/graph/P
Event: 19.732 loading class com/android/tools/r8/graph/P done
Event: 19.732 loading class com/android/tools/r8/internal/qr
Event: 19.732 loading class com/android/tools/r8/internal/qr done
Event: 19.733 loading class com/android/tools/r8/internal/qr
Event: 19.733 loading class com/android/tools/r8/internal/qr done
Event: 19.897 Executing VM operation: G1CollectForAllocation
Event: 19.913 Executing VM operation: G1CollectForAllocation done
Event: 20.095 loading class com/android/tools/r8/graph/v0$a
Event: 20.095 loading class com/android/tools/r8/graph/v0$a done
Event: 20.137 Executing VM operation: G1CollectForAllocation
Event: 20.152 Executing VM operation: G1CollectForAllocation done
Event: 20.444 Executing VM operation: CGC_Operation
Event: 20.461 Executing VM operation: CGC_Operation done
Event: 20.626 Executing VM operation: CGC_Operation
Event: 20.627 Executing VM operation: CGC_Operation done
Event: 20.854 Executing VM operation: G1CollectForAllocation


Dynamic libraries:
0x00007ff69d4c0000 - 0x00007ff69d4ca000 	D:\Android Studio\jre\bin\java.exe
0x00007ffb9e470000 - 0x00007ffb9e665000 	C:\WINDOWS\SYSTEM32\ntdll.dll
0x00007ffb9ce20000 - 0x00007ffb9cedd000 	C:\WINDOWS\System32\KERNEL32.DLL
0x00007ffb9c050000 - 0x00007ffb9c319000 	C:\WINDOWS\System32\KERNELBASE.dll
0x00007ffb9bbd0000 - 0x00007ffb9bcd0000 	C:\WINDOWS\System32\ucrtbase.dll
0x00007ffb8aca0000 - 0x00007ffb8acb7000 	D:\Android Studio\jre\bin\VCRUNTIME140.dll
0x00007ffb94430000 - 0x00007ffb94449000 	D:\Android Studio\jre\bin\jli.dll
0x00007ffb9e290000 - 0x00007ffb9e430000 	C:\WINDOWS\System32\USER32.dll
0x00007ffb9bba0000 - 0x00007ffb9bbc2000 	C:\WINDOWS\System32\win32u.dll
0x00007ffb7f160000 - 0x00007ffb7f3fa000 	C:\WINDOWS\WinSxS\amd64_microsoft.windows.common-controls_6595b64144ccf1df_6.0.19041.1110_none_60b5254171f9507e\COMCTL32.dll
0x00007ffb9c530000 - 0x00007ffb9c55a000 	C:\WINDOWS\System32\GDI32.dll
0x00007ffb9e1f0000 - 0x00007ffb9e28e000 	C:\WINDOWS\System32\msvcrt.dll
0x00007ffb9beb0000 - 0x00007ffb9bfbb000 	C:\WINDOWS\System32\gdi32full.dll
0x00007ffb9bcd0000 - 0x00007ffb9bd6d000 	C:\WINDOWS\System32\msvcp_win.dll
0x00007ffb9d030000 - 0x00007ffb9d060000 	C:\WINDOWS\System32\IMM32.DLL
0x00007ffb76970000 - 0x00007ffb76a0d000 	D:\Android Studio\jre\bin\msvcp140.dll
0x00007ffb166c0000 - 0x00007ffb1718f000 	D:\Android Studio\jre\bin\server\jvm.dll
0x00007ffb9d540000 - 0x00007ffb9d5ec000 	C:\WINDOWS\System32\ADVAPI32.dll
0x00007ffb9cee0000 - 0x00007ffb9cf7b000 	C:\WINDOWS\System32\sechost.dll
0x00007ffb9da00000 - 0x00007ffb9db2a000 	C:\WINDOWS\System32\RPCRT4.dll
0x00007ffb9d5f0000 - 0x00007ffb9d5f8000 	C:\WINDOWS\System32\PSAPI.DLL
0x00007ffb753d0000 - 0x00007ffb753d9000 	C:\WINDOWS\SYSTEM32\WSOCK32.dll
0x00007ffb951c0000 - 0x00007ffb951ca000 	C:\WINDOWS\SYSTEM32\VERSION.dll
0x00007ffb8afa0000 - 0x00007ffb8afc7000 	C:\WINDOWS\SYSTEM32\WINMM.dll
0x00007ffb9d7b0000 - 0x00007ffb9d81b000 	C:\WINDOWS\System32\WS2_32.dll
0x00007ffb99990000 - 0x00007ffb999a2000 	C:\WINDOWS\SYSTEM32\kernel.appcore.dll
0x00007ffb76ab0000 - 0x00007ffb76ac1000 	D:\Android Studio\jre\bin\verify.dll
0x00007ffb991e0000 - 0x00007ffb993c4000 	C:\WINDOWS\SYSTEM32\DBGHELP.DLL
0x00007ffb85eb0000 - 0x00007ffb85edc000 	C:\WINDOWS\SYSTEM32\dbgcore.DLL
0x00007ffb9bd70000 - 0x00007ffb9bdf3000 	C:\WINDOWS\System32\bcryptPrimitives.dll
0x00007ffb5d870000 - 0x00007ffb5d899000 	D:\Android Studio\jre\bin\java.dll
0x00007ffb97540000 - 0x00007ffb9754b000 	D:\Android Studio\jre\bin\jimage.dll
0x00007ffb753e0000 - 0x00007ffb753f8000 	D:\Android Studio\jre\bin\zip.dll
0x00007ffb9c680000 - 0x00007ffb9cdbf000 	C:\WINDOWS\System32\SHELL32.dll
0x00007ffb99c70000 - 0x00007ffb9a400000 	C:\WINDOWS\SYSTEM32\windows.storage.dll
0x00007ffb9dd90000 - 0x00007ffb9e0e5000 	C:\WINDOWS\System32\combase.dll
0x00007ffb9b600000 - 0x00007ffb9b62c000 	C:\WINDOWS\SYSTEM32\Wldp.dll
0x00007ffb9db30000 - 0x00007ffb9dbde000 	C:\WINDOWS\System32\SHCORE.dll
0x00007ffb9c4d0000 - 0x00007ffb9c525000 	C:\WINDOWS\System32\shlwapi.dll
0x00007ffb9bae0000 - 0x00007ffb9baff000 	C:\WINDOWS\SYSTEM32\profapi.dll
0x00007ffb5d850000 - 0x00007ffb5d86a000 	D:\Android Studio\jre\bin\net.dll
0x00007ffb8ffd0000 - 0x00007ffb900d8000 	C:\WINDOWS\SYSTEM32\WINHTTP.dll
0x00007ffb9b310000 - 0x00007ffb9b37a000 	C:\WINDOWS\system32\mswsock.dll
0x00007ffb5d600000 - 0x00007ffb5d614000 	D:\Android Studio\jre\bin\nio.dll
0x00007ffb96ca0000 - 0x00007ffb96cc7000 	C:\Users\vadim\.gradle\native\8bec1ad78214c89d9ad589b4d07fe93259594b29d510b10fafb7a158f7737e5d\windows-amd64\native-platform.dll
0x00007ffb5f1c0000 - 0x00007ffb5f2fd000 	C:\Users\vadim\.gradle\native\53dbd7edfb1c66fb8903c78663c9afc45aea4f116125fa6feffd364cf09443e8\windows-amd64\native-platform-file-events.dll
0x00007ffb974f0000 - 0x00007ffb974fa000 	D:\Android Studio\jre\bin\management.dll
0x00007ffb974d0000 - 0x00007ffb974dc000 	D:\Android Studio\jre\bin\management_ext.dll
0x00007ffb9b540000 - 0x00007ffb9b558000 	C:\WINDOWS\SYSTEM32\CRYPTSP.dll
0x00007ffb9ac30000 - 0x00007ffb9ac64000 	C:\WINDOWS\system32\rsaenh.dll
0x00007ffb9bfc0000 - 0x00007ffb9bfe7000 	C:\WINDOWS\System32\bcrypt.dll
0x00007ffb9ba60000 - 0x00007ffb9ba8e000 	C:\WINDOWS\SYSTEM32\USERENV.dll
0x00007ffb9b530000 - 0x00007ffb9b53c000 	C:\WINDOWS\SYSTEM32\CRYPTBASE.dll
0x00007ffb9afd0000 - 0x00007ffb9b00b000 	C:\WINDOWS\SYSTEM32\IPHLPAPI.DLL
0x00007ffb9e0f0000 - 0x00007ffb9e0f8000 	C:\WINDOWS\System32\NSI.dll
0x00007ffb93c50000 - 0x00007ffb93c67000 	C:\WINDOWS\SYSTEM32\dhcpcsvc6.DLL
0x00007ffb93ba0000 - 0x00007ffb93bbd000 	C:\WINDOWS\SYSTEM32\dhcpcsvc.DLL
0x00007ffb9b010000 - 0x00007ffb9b0dc000 	C:\WINDOWS\SYSTEM32\DNSAPI.dll

dbghelp: loaded successfully - version: 4.0.5 - missing functions: none
symbol engine: initialized successfully - sym options: 0x614 - pdb path: .;D:\Android Studio\jre\bin;C:\WINDOWS\SYSTEM32;C:\WINDOWS\WinSxS\amd64_microsoft.windows.common-controls_6595b64144ccf1df_6.0.19041.1110_none_60b5254171f9507e;D:\Android Studio\jre\bin\server;C:\Users\vadim\.gradle\native\8bec1ad78214c89d9ad589b4d07fe93259594b29d510b10fafb7a158f7737e5d\windows-amd64;C:\Users\vadim\.gradle\native\53dbd7edfb1c66fb8903c78663c9afc45aea4f116125fa6feffd364cf09443e8\windows-amd64

VM Arguments:
jvm_args: --add-opens=java.base/java.util=ALL-UNNAMED --add-opens=java.base/java.lang=ALL-UNNAMED --add-opens=java.base/java.lang.invoke=ALL-UNNAMED --add-opens=java.base/java.util=ALL-UNNAMED --add-opens=java.prefs/java.util.prefs=ALL-UNNAMED --add-opens=java.prefs/java.util.prefs=ALL-UNNAMED --add-opens=java.base/java.nio.charset=ALL-UNNAMED --add-opens=java.base/java.net=ALL-UNNAMED --add-opens=java.base/java.util.concurrent.atomic=ALL-UNNAMED -Xmx2048m -Dfile.encoding=UTF-8 -Duser.country=RU -Duser.language=ru -Duser.variant 
java_command: org.gradle.launcher.daemon.bootstrap.GradleDaemon 7.0.2
java_class_path (initial): C:\Users\vadim\.gradle\wrapper\dists\gradle-7.0.2-bin\857tjihv64xamwrf0h14cai3r\gradle-7.0.2\lib\gradle-launcher-7.0.2.jar
Launcher Type: SUN_STANDARD

[Global flags]
     intx CICompilerCount                          = 4                                         {product} {ergonomic}
     uint ConcGCThreads                            = 2                                         {product} {ergonomic}
     uint G1ConcRefinementThreads                  = 8                                         {product} {ergonomic}
   size_t G1HeapRegionSize                         = 1048576                                   {product} {ergonomic}
    uintx GCDrainStackTargetSize                   = 64                                        {product} {ergonomic}
   size_t InitialHeapSize                          = 132120576                                 {product} {ergonomic}
   size_t MarkStackSize                            = 4194304                                   {product} {ergonomic}
   size_t MaxHeapSize                              = 2147483648                                {product} {command line}
   size_t MaxNewSize                               = 1287651328                                {product} {ergonomic}
   size_t MinHeapDeltaBytes                        = 1048576                                   {product} {ergonomic}
    uintx NonNMethodCodeHeapSize                   = 5836300                                {pd product} {ergonomic}
    uintx NonProfiledCodeHeapSize                  = 122910970                              {pd product} {ergonomic}
    uintx ProfiledCodeHeapSize                     = 122910970                              {pd product} {ergonomic}
    uintx ReservedCodeCacheSize                    = 251658240                              {pd product} {ergonomic}
     bool SegmentedCodeCache                       = true                                      {product} {ergonomic}
     bool UseCompressedClassPointers               = true                                 {lp64_product} {ergonomic}
     bool UseCompressedOops                        = true                                 {lp64_product} {ergonomic}
     bool UseG1GC                                  = true                                      {product} {ergonomic}
     bool UseLargePagesIndividualAllocation        = false                                  {pd product} {ergonomic}

Logging:
Log output configuration:
 #0: stdout all=warning uptime,level,tags
 #1: stderr all=off uptime,level,tags

Environment Variables:
PATH=C:\Program Files (x86)\Common Files\Oracle\Java\javapath;C:\Program Files\Common Files\Oracle\Java\javapath;C:\Program Files (x86)\NVIDIA Corporation\PhysX\Common;C:\WINDOWS\system32;C:\WINDOWS;C:\WINDOWS\System32\Wbem;C:\WINDOWS\System32\WindowsPowerShell\v1.0\;C:\WINDOWS\System32\OpenSSH\;C:\Program Files\Git\cmd;C:\xampp\php;C:\ProgramData\ComposerSetup\bin;C:\Program Files\Docker\Docker\resources\bin;C:\ProgramData\DockerDesktop\version-bin;C:\Program Files\nodejs\;C:\Program Files\MongoDB\Server\5.0\bin;C:\Users\vadim\AppData\Local\Microsoft\WindowsApps;C:\Users\vadim\AppData\Local\GitHubDesktop\bin;C:\Users\vadim\AppData\Roaming\Composer\vendor\bin;C:\Users\vadim\AppData\Local\Programs\Microsoft VS Code\bin;C:\Users\vadim\AppData\Roaming\npm;C:\mongosh\
USERNAME=vadim
OS=Windows_NT
PROCESSOR_IDENTIFIER=Intel64 Family 6 Model 142 Stepping 12, GenuineIntel



---------------  S Y S T E M  ---------------

OS: Windows 10 , 64 bit Build 19041 (10.0.19041.1151)
OS uptime: 8 days 22:38 hours
Hyper-V role detected

CPU:total 8 (initial active 8) (4 cores per cpu, 2 threads per core) family 6 model 142 stepping 12 microcode 0xde, cmov, cx8, fxsr, mmx, sse, sse2, sse3, ssse3, sse4.1, sse4.2, popcnt, avx, avx2, aes, clmul, erms, 3dnowpref, lzcnt, ht, tsc, tscinvbit, bmi1, bmi2, adx, fma

Memory: 4k page, system-wide physical 8025M (499M free)
TotalPageFile size 20679M (AvailPageFile size 5M)
current process WorkingSet (physical memory assigned to process): 572M, peak: 585M
current process commit charge ("private bytes"): 752M, peak: 752M

vm_info: OpenJDK 64-Bit Server VM (11.0.10+0-b96-7249189) for windows-amd64 JRE (11.0.10+0-b96-7249189), built on Mar 31 2021 21:44:00 by "builder" with MS VC++ 14.0 (VS2015)

END.
